TN:
SF:/home/fernando/dev/xtd/src/channel/channel_impl.h
FNL:0,111,119
FNA:0,10,_ZN3xtd7channelIZL20DOCTEST_ANON_FUNC_27vE21ChannelSemanticsProbeE15complete_writerEv
FNA:0,12,_ZN3xtd7channelIZL20DOCTEST_ANON_FUNC_29vE21ChannelSemanticsProbeE15complete_writerEv
FNA:0,1,_ZN3xtd7channelIZL20DOCTEST_ANON_FUNC_69vE5probeE15complete_writerEv
FNA:0,31,_ZN3xtd7channelIiE15complete_writerEv
FNL:1,122,154
FNA:1,10,_ZN3xtd7channelIZL20DOCTEST_ANON_FUNC_27vE21ChannelSemanticsProbeE4readESt10stop_tokenNS_14block_strategyE
FNA:1,10,_ZN3xtd7channelIZL20DOCTEST_ANON_FUNC_29vE21ChannelSemanticsProbeE4readESt10stop_tokenNS_14block_strategyE
FNA:1,22,_ZN3xtd7channelIiE4readESt10stop_tokenNS_14block_strategyE
FNL:2,135,135
FNA:2,0,_ZZN3xtd7channelIZL20DOCTEST_ANON_FUNC_27vE21ChannelSemanticsProbeE4readESt10stop_tokenNS_14block_strategyEENKUlvE_clEv
FNA:2,0,_ZZN3xtd7channelIZL20DOCTEST_ANON_FUNC_29vE21ChannelSemanticsProbeE4readESt10stop_tokenNS_14block_strategyEENKUlvE_clEv
FNA:2,8,_ZZN3xtd7channelIiE4readESt10stop_tokenNS_14block_strategyEENKUlvE_clEv
FNL:3,157,161
FNA:3,10,_ZNK3xtd7channelIiE4sizeEv
FNL:4,163,168
FNA:4,5,_ZN3xtd7channelIZL20DOCTEST_ANON_FUNC_27vE21ChannelSemanticsProbeEC2Em
FNA:4,6,_ZN3xtd7channelIZL20DOCTEST_ANON_FUNC_29vE21ChannelSemanticsProbeEC2Em
FNA:4,1,_ZN3xtd7channelIZL20DOCTEST_ANON_FUNC_69vE5probeEC2Em
FNA:4,19,_ZN3xtd7channelIiEC2Em
FNL:5,170,173
FNA:5,5,_ZN3xtd7channelIZL20DOCTEST_ANON_FUNC_27vE21ChannelSemanticsProbeED2Ev
FNA:5,6,_ZN3xtd7channelIZL20DOCTEST_ANON_FUNC_29vE21ChannelSemanticsProbeED2Ev
FNA:5,1,_ZN3xtd7channelIZL20DOCTEST_ANON_FUNC_69vE5probeED2Ev
FNA:5,19,_ZN3xtd7channelIiED2Ev
FNL:6,181,184
FNA:6,5,_ZN3xtd7channelIZL20DOCTEST_ANON_FUNC_27vE21ChannelSemanticsProbeE6writerEv
FNA:6,6,_ZN3xtd7channelIZL20DOCTEST_ANON_FUNC_29vE21ChannelSemanticsProbeE6writerEv
FNA:6,2,_ZN3xtd7channelIZL20DOCTEST_ANON_FUNC_69vE5probeE6writerEv
FNA:6,17,_ZN3xtd7channelIiE6writerEv
FNL:7,187,190
FNA:7,5,_ZN3xtd7channelIZL20DOCTEST_ANON_FUNC_27vE21ChannelSemanticsProbeE6readerEv
FNA:7,5,_ZN3xtd7channelIZL20DOCTEST_ANON_FUNC_29vE21ChannelSemanticsProbeE6readerEv
FNA:7,13,_ZN3xtd7channelIiE6readerEv
FNL:8,34,37
FNA:8,15,_ZN3xtd7channelIZL20DOCTEST_ANON_FUNC_27vE21ChannelSemanticsProbeE8notifierC2ERNSt3_V222condition_variable_anyE
FNA:8,17,_ZN3xtd7channelIZL20DOCTEST_ANON_FUNC_29vE21ChannelSemanticsProbeE8notifierC2ERNSt3_V222condition_variable_anyE
FNA:8,2,_ZN3xtd7channelIZL20DOCTEST_ANON_FUNC_69vE5probeE8notifierC2ERNSt3_V222condition_variable_anyE
FNA:8,55,_ZN3xtd7channelIiE8notifierC2ERNSt3_V222condition_variable_anyE
FNL:9,42,45
FNA:9,10,_ZN3xtd7channelIZL20DOCTEST_ANON_FUNC_27vE21ChannelSemanticsProbeE8notifier11set_waitersEm
FNA:9,10,_ZN3xtd7channelIZL20DOCTEST_ANON_FUNC_29vE21ChannelSemanticsProbeE8notifier11set_waitersEm
FNA:9,1,_ZN3xtd7channelIZL20DOCTEST_ANON_FUNC_69vE5probeE8notifier11set_waitersEm
FNA:9,33,_ZN3xtd7channelIiE8notifier11set_waitersEm
FNL:10,47,52
FNA:10,15,_ZN3xtd7channelIZL20DOCTEST_ANON_FUNC_27vE21ChannelSemanticsProbeE8notifierD2Ev
FNA:10,17,_ZN3xtd7channelIZL20DOCTEST_ANON_FUNC_29vE21ChannelSemanticsProbeE8notifierD2Ev
FNA:10,2,_ZN3xtd7channelIZL20DOCTEST_ANON_FUNC_69vE5probeE8notifierD2Ev
FNA:10,55,_ZN3xtd7channelIiE8notifierD2Ev
FNL:11,71,74
FNA:11,10,_ZNK3xtd7channelIZL20DOCTEST_ANON_FUNC_27vE21ChannelSemanticsProbeE4fullEv
FNA:11,10,_ZNK3xtd7channelIZL20DOCTEST_ANON_FUNC_29vE21ChannelSemanticsProbeE4fullEv
FNA:11,2,_ZNK3xtd7channelIZL20DOCTEST_ANON_FUNC_69vE5probeE4fullEv
FNA:11,38,_ZNK3xtd7channelIiE4fullEv
FNL:12,77,109
FNA:12,1,_ZN3xtd7channelIZL20DOCTEST_ANON_FUNC_27vE21ChannelSemanticsProbeE7emplaceIJRKS1_EEEbSt10stop_tokenNS_14block_strategyEDpOT_Q18constructible_fromIT_JDpTL0__EE
FNA:12,1,_ZN3xtd7channelIZL20DOCTEST_ANON_FUNC_27vE21ChannelSemanticsProbeE7emplaceIJRS1_EEEbSt10stop_tokenNS_14block_strategyEDpOT_Q18constructible_fromIT_JDpTL0__EE
FNA:12,2,_ZN3xtd7channelIZL20DOCTEST_ANON_FUNC_27vE21ChannelSemanticsProbeE7emplaceIJS1_EEEbSt10stop_tokenNS_14block_strategyEDpOT_Q18constructible_fromIT_JDpTL0__EE
FNA:12,1,_ZN3xtd7channelIZL20DOCTEST_ANON_FUNC_27vE21ChannelSemanticsProbeE7emplaceIJiEEEbSt10stop_tokenNS_14block_strategyEDpOT_Q18constructible_fromIT_JDpTL0__EE
FNA:12,1,_ZN3xtd7channelIZL20DOCTEST_ANON_FUNC_29vE21ChannelSemanticsProbeE7emplaceIJRKS1_EEEbSt10stop_tokenNS_14block_strategyEDpOT_Q18constructible_fromIT_JDpTL0__EE
FNA:12,1,_ZN3xtd7channelIZL20DOCTEST_ANON_FUNC_29vE21ChannelSemanticsProbeE7emplaceIJRS1_EEEbSt10stop_tokenNS_14block_strategyEDpOT_Q18constructible_fromIT_JDpTL0__EE
FNA:12,4,_ZN3xtd7channelIZL20DOCTEST_ANON_FUNC_29vE21ChannelSemanticsProbeE7emplaceIJS1_EEEbSt10stop_tokenNS_14block_strategyEDpOT_Q18constructible_fromIT_JDpTL0__EE
FNA:12,1,_ZN3xtd7channelIZL20DOCTEST_ANON_FUNC_29vE21ChannelSemanticsProbeE7emplaceIJiEEEbSt10stop_tokenNS_14block_strategyEDpOT_Q18constructible_fromIT_JDpTL0__EE
FNA:12,2,_ZN3xtd7channelIZL20DOCTEST_ANON_FUNC_69vE5probeE7emplaceIJiRiS4_EEEbSt10stop_tokenNS_14block_strategyEDpOT_Q18constructible_fromIT_JDpTL0__EE
FNA:12,4,_ZN3xtd7channelIiE7emplaceIJRKiEEEbSt10stop_tokenNS_14block_strategyEDpOT_Q18constructible_fromIT_JDpTL0__EE
FNA:12,29,_ZN3xtd7channelIiE7emplaceIJiEEEbSt10stop_tokenNS_14block_strategyEDpOT_Q18constructible_fromIT_JDpTL0__EE
FNL:13,91,91
FNA:13,0,_ZZN3xtd7channelIZL20DOCTEST_ANON_FUNC_27vE21ChannelSemanticsProbeE7emplaceIJRKS1_EEEbSt10stop_tokenNS_14block_strategyEDpOT_Q18constructible_fromIT_JDpTL0__EEENKUlvE_clEv
FNA:13,0,_ZZN3xtd7channelIZL20DOCTEST_ANON_FUNC_27vE21ChannelSemanticsProbeE7emplaceIJRS1_EEEbSt10stop_tokenNS_14block_strategyEDpOT_Q18constructible_fromIT_JDpTL0__EEENKUlvE_clEv
FNA:13,0,_ZZN3xtd7channelIZL20DOCTEST_ANON_FUNC_27vE21ChannelSemanticsProbeE7emplaceIJS1_EEEbSt10stop_tokenNS_14block_strategyEDpOT_Q18constructible_fromIT_JDpTL0__EEENKUlvE_clEv
FNA:13,0,_ZZN3xtd7channelIZL20DOCTEST_ANON_FUNC_27vE21ChannelSemanticsProbeE7emplaceIJiEEEbSt10stop_tokenNS_14block_strategyEDpOT_Q18constructible_fromIT_JDpTL0__EEENKUlvE_clEv
FNA:13,0,_ZZN3xtd7channelIZL20DOCTEST_ANON_FUNC_29vE21ChannelSemanticsProbeE7emplaceIJRKS1_EEEbSt10stop_tokenNS_14block_strategyEDpOT_Q18constructible_fromIT_JDpTL0__EEENKUlvE_clEv
FNA:13,0,_ZZN3xtd7channelIZL20DOCTEST_ANON_FUNC_29vE21ChannelSemanticsProbeE7emplaceIJRS1_EEEbSt10stop_tokenNS_14block_strategyEDpOT_Q18constructible_fromIT_JDpTL0__EEENKUlvE_clEv
FNA:13,0,_ZZN3xtd7channelIZL20DOCTEST_ANON_FUNC_29vE21ChannelSemanticsProbeE7emplaceIJS1_EEEbSt10stop_tokenNS_14block_strategyEDpOT_Q18constructible_fromIT_JDpTL0__EEENKUlvE_clEv
FNA:13,0,_ZZN3xtd7channelIZL20DOCTEST_ANON_FUNC_29vE21ChannelSemanticsProbeE7emplaceIJiEEEbSt10stop_tokenNS_14block_strategyEDpOT_Q18constructible_fromIT_JDpTL0__EEENKUlvE_clEv
FNA:13,0,_ZZN3xtd7channelIZL20DOCTEST_ANON_FUNC_69vE5probeE7emplaceIJiRiS4_EEEbSt10stop_tokenNS_14block_strategyEDpOT_Q18constructible_fromIT_JDpTL0__EEENKUlvE_clEv
FNA:13,0,_ZZN3xtd7channelIiE7emplaceIJRKiEEEbSt10stop_tokenNS_14block_strategyEDpOT_Q18constructible_fromIT_JDpTL0__EEENKUlvE_clEv
FNA:13,6,_ZZN3xtd7channelIiE7emplaceIJiEEEbSt10stop_tokenNS_14block_strategyEDpOT_Q18constructible_fromIT_JDpTL0__EEENKUlvE_clEv
FNF:14
FNH:14
DA:34,89
DA:35,89
DA:37,89
DA:42,54
DA:44,54
DA:45,54
DA:47,89
DA:49,89
DA:50,2
DA:52,89
DA:71,60
DA:73,60
DA:77,47
DA:80,47
DA:81,47
DA:83,47
DA:84,3
DA:87,44
DA:89,3
DA:91,9
DA:92,6
DA:95,3
DA:97,3
DA:98,1
DA:102,43
DA:103,13
DA:106,62
DA:107,30
DA:108,30
DA:109,47
DA:111,54
DA:114,54
DA:115,54
DA:116,54
DA:117,54
DA:118,54
DA:119,54
DA:122,42
DA:124,42
DA:125,42
DA:127,42
DA:128,1
DA:131,41
DA:133,4
DA:135,12
DA:136,8
DA:139,4
DA:141,4
DA:142,1
DA:146,40
DA:147,16
DA:150,48
DA:151,24
DA:152,24
DA:153,24
DA:154,42
DA:157,10
DA:159,10
DA:160,20
DA:161,10
DA:163,31
DA:164,31
DA:165,31
DA:166,31
DA:168,31
DA:170,31
DA:172,31
DA:173,31
DA:181,30
DA:183,30
DA:187,23
DA:189,23
LF:72
LH:72
end_of_record
TN:
SF:/home/fernando/dev/xtd/src/channel/channel_reader.h
FNL:0,16,19
FNA:0,5,_ZN3xtd14channel_readerIZL20DOCTEST_ANON_FUNC_27vE21ChannelSemanticsProbeEC2ERNS_7channelIS1_EE
FNA:0,6,_ZN3xtd14channel_readerIZL20DOCTEST_ANON_FUNC_29vE21ChannelSemanticsProbeEC2ERNS_7channelIS1_EE
FNA:0,1,_ZN3xtd14channel_readerIZL20DOCTEST_ANON_FUNC_69vE5probeEC2ERNS_7channelIS1_EE
FNA:0,19,_ZN3xtd14channel_readerIiEC2ERNS_7channelIiEE
FNL:1,24,27
FNA:1,5,_ZN3xtd14channel_readerIZL20DOCTEST_ANON_FUNC_27vE21ChannelSemanticsProbeE8try_readEv
FNA:1,5,_ZN3xtd14channel_readerIZL20DOCTEST_ANON_FUNC_29vE21ChannelSemanticsProbeE8try_readEv
FNA:1,1,_ZN3xtd14channel_readerIiE8try_readEv
FNL:2,30,33
FNA:2,5,_ZN3xtd14channel_readerIZL20DOCTEST_ANON_FUNC_27vE21ChannelSemanticsProbeE4readESt10stop_token
FNA:2,5,_ZN3xtd14channel_readerIZL20DOCTEST_ANON_FUNC_29vE21ChannelSemanticsProbeE4readESt10stop_token
FNA:2,21,_ZN3xtd14channel_readerIiE4readESt10stop_token
FNL:3,36,39
FNA:3,10,_ZNK3xtd14channel_readerIiE4sizeEv
FNF:4
FNH:4
DA:16,31
DA:17,31
DA:19,31
DA:24,11
DA:26,11
DA:30,31
DA:32,31
DA:36,10
DA:38,10
LF:9
LH:9
end_of_record
TN:
SF:/home/fernando/dev/xtd/src/channel/channel_writer.h
FNL:0,15,18
FNA:0,5,_ZN3xtd14channel_writerIZL20DOCTEST_ANON_FUNC_27vE21ChannelSemanticsProbeEC2ERNS_7channelIS1_EE
FNA:0,6,_ZN3xtd14channel_writerIZL20DOCTEST_ANON_FUNC_29vE21ChannelSemanticsProbeEC2ERNS_7channelIS1_EE
FNA:0,1,_ZN3xtd14channel_writerIZL20DOCTEST_ANON_FUNC_69vE5probeEC2ERNS_7channelIS1_EE
FNA:0,19,_ZN3xtd14channel_writerIiEC2ERNS_7channelIiEE
FNL:1,23,27
FNA:1,1,_ZN3xtd14channel_writerIZL20DOCTEST_ANON_FUNC_27vE21ChannelSemanticsProbeE4pushERKS1_Q18copy_constructibleIT_E
FNA:1,1,_ZN3xtd14channel_writerIZL20DOCTEST_ANON_FUNC_29vE21ChannelSemanticsProbeE4pushERKS1_Q18copy_constructibleIT_E
FNL:2,30,34
FNA:2,1,_ZN3xtd14channel_writerIiE4pushESt10stop_tokenRKiQ18copy_constructibleIT_E
FNL:3,37,41
FNA:3,1,_ZN3xtd14channel_writerIZL20DOCTEST_ANON_FUNC_27vE21ChannelSemanticsProbeE4pushEOS1_Q18move_constructibleIT_E
FNA:3,2,_ZN3xtd14channel_writerIZL20DOCTEST_ANON_FUNC_29vE21ChannelSemanticsProbeE4pushEOS1_Q18move_constructibleIT_E
FNA:3,12,_ZN3xtd14channel_writerIiE4pushEOiQ18move_constructibleIT_E
FNL:4,44,48
FNA:4,2,_ZN3xtd14channel_writerIiE4pushESt10stop_tokenOiQ18move_constructibleIT_E
FNL:5,52,56
FNA:5,1,_ZN3xtd14channel_writerIZL20DOCTEST_ANON_FUNC_27vE21ChannelSemanticsProbeE7emplaceIJRS1_EEEbDpOT_Q18constructible_fromIT_JDpTL0__EE
FNA:5,1,_ZN3xtd14channel_writerIZL20DOCTEST_ANON_FUNC_27vE21ChannelSemanticsProbeE7emplaceIJS1_EEEbDpOT_Q18constructible_fromIT_JDpTL0__EE
FNA:5,1,_ZN3xtd14channel_writerIZL20DOCTEST_ANON_FUNC_27vE21ChannelSemanticsProbeE7emplaceIJiEEEbDpOT_Q18constructible_fromIT_JDpTL0__EE
FNA:5,1,_ZN3xtd14channel_writerIZL20DOCTEST_ANON_FUNC_29vE21ChannelSemanticsProbeE7emplaceIJRS1_EEEbDpOT_Q18constructible_fromIT_JDpTL0__EE
FNA:5,1,_ZN3xtd14channel_writerIZL20DOCTEST_ANON_FUNC_29vE21ChannelSemanticsProbeE7emplaceIJS1_EEEbDpOT_Q18constructible_fromIT_JDpTL0__EE
FNA:5,1,_ZN3xtd14channel_writerIZL20DOCTEST_ANON_FUNC_29vE21ChannelSemanticsProbeE7emplaceIJiEEEbDpOT_Q18constructible_fromIT_JDpTL0__EE
FNL:6,60,64
FNA:6,1,_ZN3xtd14channel_writerIiE7emplaceIJiEEEbSt10stop_tokenDpOT_Q18constructible_fromIT_JDpTL0__EE
FNL:7,67,71
FNA:7,3,_ZN3xtd14channel_writerIiE8try_pushERKiQ18copy_constructibleIT_E
FNL:8,74,78
FNA:8,1,_ZN3xtd14channel_writerIZL20DOCTEST_ANON_FUNC_29vE21ChannelSemanticsProbeE8try_pushEOS1_Q18move_constructibleIT_E
FNA:8,7,_ZN3xtd14channel_writerIiE8try_pushEOiQ18move_constructibleIT_E
FNL:9,82,86
FNA:9,2,_ZN3xtd14channel_writerIZL20DOCTEST_ANON_FUNC_69vE5probeE11try_emplaceIJiRiS4_EEEbDpOT_Q18constructible_fromIT_JDpTL0__EE
FNA:9,7,_ZN3xtd14channel_writerIiE11try_emplaceIJiEEEbDpOT_Q18constructible_fromIT_JDpTL0__EE
FNL:10,88,91
FNA:10,5,_ZN3xtd14channel_writerIZL20DOCTEST_ANON_FUNC_27vE21ChannelSemanticsProbeE8completeEv
FNA:10,6,_ZN3xtd14channel_writerIZL20DOCTEST_ANON_FUNC_29vE21ChannelSemanticsProbeE8completeEv
FNA:10,12,_ZN3xtd14channel_writerIiE8completeEv
FNF:11
FNH:11
DA:15,31
DA:16,31
DA:18,31
DA:23,2
DA:26,2
DA:30,1
DA:33,1
DA:37,15
DA:40,30
DA:44,2
DA:47,4
DA:52,6
DA:55,12
DA:60,1
DA:63,2
DA:67,3
DA:70,3
DA:74,8
DA:77,16
DA:82,9
DA:85,22
DA:88,23
DA:90,23
DA:91,23
LF:24
LH:24
end_of_record
TN:
SF:/home/fernando/dev/xtd/src/pipeline/data_segment.h
FNL:0,24,30
FNA:0,2106897,_ZN3xtd12data_segmentC2ERNS_17fixed_buffer_poolE
FNL:1,39,42
FNA:1,1,_ZNK3xtd12data_segment8capacityEv
FNL:2,45,48
FNA:2,4207238,_ZNK3xtd12data_segment13readable_sizeEv
FNL:3,51,54
FNA:3,2106995,_ZNK3xtd12data_segment14readable_bytesEv
FNL:4,57,60
FNA:4,3,_ZNK3xtd12data_segment13writable_sizeEv
FNL:5,63,66
FNA:5,1,_ZN3xtd12data_segment14writable_bytesEv
FNL:6,68,75
FNA:6,90,_ZN3xtd12data_segment12advance_readEm
FNL:7,78,81
FNA:7,2107637,_ZNK3xtd12data_segment4fullEv
FNL:8,84,91
FNA:8,2108828,_ZN3xtd12data_segment9copy_fromEPKSt4bytem
FNF:9
FNH:9
DA:24,2106897
DA:25,2106897
DA:26,2106897
DA:27,2106897
DA:28,2106897
DA:30,2106897
DA:39,1
DA:41,1
DA:45,4207238
DA:47,4207238
DA:51,2106995
DA:53,2106995
DA:57,3
DA:59,3
DA:63,1
DA:65,1
DA:68,90
DA:70,90
DA:71,1
DA:74,89
DA:75,89
DA:78,2107637
DA:80,2107637
DA:84,2108828
DA:86,2108828
DA:87,2108828
DA:88,2108828
DA:89,2108828
DA:90,2108828
LF:29
LH:29
end_of_record
TN:
SF:/home/fernando/dev/xtd/src/pipeline/fixed_buffer_pool.h
FNL:0,21,25
FNA:0,2106897,_ZNK3xtd17fixed_buffer_pool19unique_ptr_releaserclEPSt4byte
FNL:1,28,36
FNA:1,2106897,_ZN3xtd17fixed_buffer_pool7releaseEPSt4byte
FNL:2,38,43
FNA:2,2100025,_ZN3xtd17fixed_buffer_pool20get_buffer_from_poolEv
FNL:3,52,57
FNA:3,341,_ZN3xtd17fixed_buffer_poolC2Emm
FNL:4,60,66
FNA:4,2106897,_ZN3xtd17fixed_buffer_pool10get_bufferEv
FNL:5,69,72
FNA:5,4213794,_ZNK3xtd17fixed_buffer_pool11buffer_sizeEv
FNL:6,75,78
FNA:6,8,_ZNK3xtd17fixed_buffer_pool9pool_sizeEv
FNF:7
FNH:7
DA:21,2106897
DA:23,2106897
DA:24,2106897
DA:28,2106897
DA:30,2106897
DA:31,2106897
DA:32,4213784
DA:36,2106897
DA:38,2100025
DA:40,4200050
DA:41,2100025
DA:42,2100025
DA:52,341
DA:53,682
DA:54,341
DA:56,341
DA:57,341
DA:60,2106897
DA:62,2106897
DA:63,2113769
DA:64,4206922
DA:65,6320691
DA:69,4213794
DA:71,4213794
DA:75,8
DA:77,8
LF:26
LH:26
end_of_record
TN:
SF:/home/fernando/dev/xtd/src/pipeline/pipe_reader.h
FNL:0,23,25
FNA:0,336,_ZN3xtd16pipe_reader_implINS_8pipelineEEC2ERS1_
FNL:1,29,31
FNA:1,525690,_ZNK3xtd16pipe_reader_implINS_8pipelineEE4readESt10stop_token
FNL:2,33,35
FNA:2,1,_ZNK3xtd16pipe_reader_implINS_8pipelineEE13read_at_leastEmSt10stop_token
FNL:3,40,42
FNA:3,350,_ZN3xtd16pipe_reader_implINS_8pipelineEE7advanceERKNS_8positionES5_
FNL:4,46,48
FNA:4,525250,_ZN3xtd16pipe_reader_implINS_8pipelineEE7advanceERKNS_8positionE
FNL:5,52,54
FNA:5,87,_ZN3xtd16pipe_reader_implINS_8pipelineEE7advanceERKNS_19segmented_byte_viewE
FNL:6,57,59
FNA:6,309,_ZN3xtd16pipe_reader_implINS_8pipelineEE8completeEv
FNF:7
FNH:7
DA:23,336
DA:24,336
DA:25,336
DA:29,525690
DA:30,525690
DA:33,1
DA:34,1
DA:40,350
DA:41,350
DA:42,343
DA:46,525250
DA:47,525250
DA:48,525250
DA:52,87
DA:53,87
DA:54,87
DA:57,309
DA:58,309
DA:59,309
LF:19
LH:19
end_of_record
TN:
SF:/home/fernando/dev/xtd/src/pipeline/pipe_utils.h
FNL:0,26,60
FNA:0,3,_ZN3xtd10pipe_utils28threaded_copy_file_from_pathERKNSt7__cxx1112basic_stringIcSt11char_traitsIcESaIcEEERNS_16pipe_writer_implINS_8pipelineEEEm
FNL:1,38,59
FNA:1,1,_ZZN3xtd10pipe_utils28threaded_copy_file_from_pathERKNSt7__cxx1112basic_stringIcSt11char_traitsIcESaIcEEERNS_16pipe_writer_implINS_8pipelineEEEmENKUlvE_clEv
FNL:2,67,95
FNA:2,4,_ZN3xtd10pipe_utils25threaded_copy_from_socketEiRNS_16pipe_writer_implINS_8pipelineEEEm
FNL:3,77,94
FNA:3,2,_ZZN3xtd10pipe_utils25threaded_copy_from_socketEiRNS_16pipe_writer_implINS_8pipelineEEEmENKUlvE_clEv
FNF:4
FNH:4
DA:26,3
DA:27,3
DA:28,1
DA:32,2
DA:33,2
DA:34,1
DA:36,2
DA:38,2
DA:39,1
DA:40,1
DA:41,0
DA:42,0
DA:45,2
DA:48,2561
DA:49,2561
DA:51,2561
DA:52,2560
DA:55,2561
DA:56,2560
DA:58,1
DA:59,3
DA:67,4
DA:69,4
DA:70,1
DA:73,3
DA:74,1
DA:77,4
DA:78,4
DA:81,21
DA:83,21
DA:84,19
DA:85,19
DA:88,2
DA:89,1
DA:90,1
DA:91,19
DA:93,2
DA:94,6
LF:38
LH:36
end_of_record
TN:
SF:/home/fernando/dev/xtd/src/pipeline/pipe_writer.h
FNL:0,18,20
FNA:0,336,_ZN3xtd16pipe_writer_implINS_8pipelineEEC2ERS1_
FNL:1,27,29
FNA:1,2586,_ZN3xtd16pipe_writer_implINS_8pipelineEE5writeEPKSt4bytemSt10stop_token
FNL:2,36,46
FNA:2,1,_ZN3xtd16pipe_writer_implINS_8pipelineEE5writeIA10_cEEmRKT_St10stop_token
FNA:2,1,_ZN3xtd16pipe_writer_implINS_8pipelineEE5writeIA15_cEEmRKT_St10stop_token
FNA:2,14,_ZN3xtd16pipe_writer_implINS_8pipelineEE5writeIA2_cEEmRKT_St10stop_token
FNA:2,11,_ZN3xtd16pipe_writer_implINS_8pipelineEE5writeIA4_cEEmRKT_St10stop_token
FNA:2,14,_ZN3xtd16pipe_writer_implINS_8pipelineEE5writeIA5_cEEmRKT_St10stop_token
FNA:2,1,_ZN3xtd16pipe_writer_implINS_8pipelineEE5writeIA6_cEEmRKT_St10stop_token
FNA:2,1,_ZN3xtd16pipe_writer_implINS_8pipelineEE5writeIA7_cEEmRKT_St10stop_token
FNA:2,8,_ZN3xtd16pipe_writer_implINS_8pipelineEE5writeIA9_cEEmRKT_St10stop_token
FNA:2,2000,_ZN3xtd16pipe_writer_implINS_8pipelineEE5writeIN18xtd_pipeline_tests28test_data_trivially_copyableEEEmRKT_St10stop_token
FNA:2,531021,_ZN3xtd16pipe_writer_implINS_8pipelineEE5writeINSt7__cxx1112basic_stringIcSt11char_traitsIcESaIcEEEEEmRKT_St10stop_token
FNA:2,1,_ZN3xtd16pipe_writer_implINS_8pipelineEE5writeISt5arrayIjLm3EEEEmRKT_St10stop_token
FNA:2,20,_ZN3xtd16pipe_writer_implINS_8pipelineEE5writeIjEEmRKT_St10stop_token
FNL:3,49,51
FNA:3,320,_ZN3xtd16pipe_writer_implINS_8pipelineEE8completeEv
FNF:4
FNH:4
DA:18,336
DA:19,336
DA:20,336
DA:27,2586
DA:28,2586
DA:36,533093
DA:39,531072
DA:40,531079
DA:44,2021
DA:49,320
DA:50,320
DA:51,320
LF:12
LH:12
end_of_record
TN:
SF:/home/fernando/dev/xtd/src/pipeline/pipeline_impl.h
FNL:0,100,103
FNA:0,525685,_ZN3xtd8pipeline21next_read_sequence_idEv
FNL:1,116,119
FNA:1,139276,_ZNK3xtd8pipeline20should_resume_writerEv
FNL:2,122,125
FNA:2,2342362,_ZNK3xtd8pipeline16is_any_completedEv
FNL:3,127,161
FNA:3,525691,_ZN3xtd8pipeline13read_at_leastEmSt10stop_token
FNL:4,134,140
FNA:4,526439,_ZZN3xtd8pipeline13read_at_leastEmSt10stop_tokenENKUlvE_clEv
FNL:5,163,220
FNA:5,525687,_ZN3xtd8pipeline7advanceERKNS_8positionES3_
FNL:6,222,227
FNA:6,2108825,_ZN3xtd8pipeline11get_segmentEv
FNL:7,229,287
FNA:7,535679,_ZN3xtd8pipeline5writeEPKSt4bytemSt10stop_token
FNL:8,244,248
FNA:8,605318,_ZZN3xtd8pipeline5writeEPKSt4bytemSt10stop_tokenENKUlvE_clEv
FNL:9,289,297
FNA:9,656,_ZN3xtd8pipeline15complete_writerEv
FNL:10,299,312
FNA:10,645,_ZN3xtd8pipeline15complete_readerEv
FNL:11,355,376
FNA:11,338,_ZN3xtd8pipeline16validate_optionsERKNS_12pipe_optionsE
FNL:12,378,386
FNA:12,336,_ZN3xtd8pipelineC2ERKNS0_17validated_optionsENS0_21validated_options_tagE
FNL:13,395,398
FNA:13,336,_ZN3xtd8pipelineD2Ev
FNL:14,400,403
FNA:14,338,_ZN3xtd8pipelineC2ENS_12pipe_optionsE
FNL:15,408,410
FNA:15,330,_ZN3xtd8pipeline6readerEv
FNL:16,41,44
FNA:16,1130991,_ZN3xtd8pipeline8notifierC2ERNSt3_V222condition_variable_anyE
FNL:17,415,417
FNA:17,332,_ZN3xtd8pipeline6writerEv
FNL:18,49,52
FNA:18,2075,_ZN3xtd8pipeline8notifier3armEv
FNL:19,54,59
FNA:19,1130991,_ZN3xtd8pipeline8notifierD2Ev
FNL:20,88,92
FNA:20,5947865,_ZN3xtd8pipeline14runtime_assertEbPKc
FNL:21,94,98
FNA:21,2103745,_ZN3xtd8pipeline15argument_assertEbPKc
FNF:22
FNH:22
DA:41,1130991
DA:42,1130991
DA:44,1130991
DA:49,2075
DA:51,2075
DA:52,2075
DA:54,1130991
DA:56,1130991
DA:57,2057
DA:59,1130991
DA:88,5947865
DA:89,5947865
DA:90,15
DA:92,5947850
DA:94,2103745
DA:95,2103745
DA:96,6
DA:98,2103739
DA:100,525685
DA:102,525685
DA:116,139276
DA:118,139276
DA:122,2342362
DA:124,2342362
DA:127,525691
DA:129,525691
DA:132,525690
DA:133,525690
DA:134,525690
DA:135,526439
DA:136,1052556
DA:137,526117
DA:138,525367
DA:139,526439
DA:141,525690
DA:143,525690
DA:144,1
DA:147,525689
DA:149,525685
DA:153,525685
DA:154,1051370
DA:155,525685
DA:156,525685
DA:158,525685
DA:159,525685
DA:160,525685
DA:161,525690
DA:163,525687
DA:165,525687
DA:166,525687
DA:168,525687
DA:171,525686
DA:172,525686
DA:174,525686
DA:177,525684
DA:180,525683
DA:183,525682
DA:186,525681
DA:189,525680
DA:190,525680
DA:192,2625836
DA:193,2100243
DA:194,2100243
DA:196,2100243
DA:197,87
DA:198,87
DA:199,87
DA:202,2100156
DA:204,2100156
DA:205,2100156
DA:208,525680
DA:210,525680
DA:211,20
DA:214,525680
DA:215,525680
DA:217,525680
DA:218,20
DA:220,525692
DA:222,2108825
DA:223,2108825
DA:224,2106889
DA:226,2108825
DA:229,535679
DA:231,535679
DA:232,4
DA:235,535675
DA:237,1140972
DA:238,605305
DA:239,605305
DA:241,605305
DA:244,605300
DA:245,605318
DA:246,605316
DA:247,1210634
DA:250,605300
DA:253,605298
DA:254,1
DA:257,605297
DA:258,69616
DA:261,2714122
DA:262,2178441
DA:263,69616
DA:264,69616
DA:267,2108825
DA:268,2108825
DA:269,2108825
DA:271,2108825
DA:274,2108825
DA:275,2108825
DA:276,2108825
DA:277,2055
DA:280,2108825
DA:281,23
DA:284,605313
DA:286,535667
DA:289,656
DA:291,656
DA:292,656
DA:293,656
DA:295,656
DA:296,656
DA:297,656
DA:299,645
DA:301,645
DA:302,645
DA:303,645
DA:304,645
DA:305,645
DA:306,645
DA:307,645
DA:308,645
DA:310,645
DA:311,645
DA:312,645
DA:355,338
DA:357,338
DA:360,337
DA:363,337
DA:366,336
DA:367,336
DA:368,336
DA:371,336
DA:372,336
DA:373,336
DA:375,336
DA:378,336
DA:379,336
DA:380,336
DA:381,336
DA:382,336
DA:383,336
DA:384,336
DA:386,336
DA:395,336
DA:396,336
DA:397,336
DA:398,336
DA:400,338
DA:401,338
DA:403,336
DA:408,330
DA:409,330
DA:415,332
DA:416,332
LF:164
LH:164
end_of_record
TN:
SF:/home/fernando/dev/xtd/src/pipeline/position.h
FNL:0,103,109
FNA:0,4,_ZN3xtd8positionmmEv
FNL:1,112,117
FNA:1,2,_ZN3xtd8positionppEi
FNL:2,119,124
FNA:2,2,_ZN3xtd8positionmmEi
FNL:3,127,135
FNA:3,35,_ZNK3xtd8positioneqERKS0_
FNL:4,138,141
FNA:4,6,_ZNK3xtd8positionneERKS0_
FNL:5,144,149
FNA:5,5,_ZNK3xtd8positiongtERKS0_
FNL:6,26,31
FNA:6,528426,_ZN3xtd8positionC2Emm
FNL:7,33,39
FNA:7,38,_ZN3xtd8positionC2Ev
FNL:8,44,47
FNA:8,67,_ZNK3xtd8positioncvbEv
FNL:9,50,53
FNA:9,1053539,_ZNK3xtd8position15sequence_offsetEv
FNL:10,56,63
FNA:10,126,_ZNK3xtd8positionplEm
FNL:11,66,73
FNA:11,4,_ZNK3xtd8positionmiEm
FNL:12,76,83
FNA:12,2,_ZN3xtd8positionpLEm
FNL:13,85,92
FNA:13,2,_ZN3xtd8positionmIEm
FNL:14,95,101
FNA:14,4,_ZN3xtd8positionppEv
FNF:15
FNH:15
DA:26,528426
DA:27,528426
DA:28,528426
DA:29,528426
DA:31,528426
DA:33,38
DA:34,38
DA:35,38
DA:36,38
DA:39,38
DA:44,67
DA:46,67
DA:50,1053539
DA:52,1053539
DA:56,126
DA:58,126
DA:59,1
DA:62,125
DA:66,4
DA:68,4
DA:69,1
DA:72,3
DA:76,2
DA:78,2
DA:79,1
DA:82,2
DA:85,2
DA:87,2
DA:88,1
DA:91,2
DA:95,4
DA:97,4
DA:98,2
DA:100,4
DA:103,4
DA:105,4
DA:106,2
DA:108,4
DA:112,2
DA:114,2
DA:115,2
DA:116,2
DA:119,2
DA:121,2
DA:122,2
DA:123,2
DA:127,35
DA:129,35
DA:130,6
DA:133,29
DA:134,29
DA:138,6
DA:140,6
DA:144,5
DA:146,4
DA:147,3
DA:148,9
LF:57
LH:57
end_of_record
TN:
SF:/home/fernando/dev/xtd/src/pipeline/read_result.h
FNL:0,24,45
FNA:0,525685,_ZN3xtd11read_result18make_readable_viewERKSt5dequeINS_12data_segmentESaIS2_EEm
FNL:1,47,52
FNA:1,525685,_ZN3xtd11read_resultC2ERKSt5dequeINS_12data_segmentESaIS2_EEmb
FNL:2,54,59
FNA:2,1,_ZN3xtd11read_resultC2Eb
FNL:3,66,66
FNA:3,525691,_ZN3xtd11read_resultC2EOS0_
FNL:4,68,71
FNA:4,525638,_ZNK3xtd11read_resultcvbEv
FNL:5,74,77
FNA:5,1051381,_ZNK3xtd11read_result6bufferEv
FNL:6,80,83
FNA:6,525656,_ZNK3xtd11read_result9completedEv
FNF:7
FNH:7
DA:24,525685
DA:26,525685
DA:27,525685
DA:29,525685
DA:31,2632675
DA:32,2106990
DA:34,2106990
DA:35,2106990
DA:36,2106990
DA:41,525685
DA:44,1051370
DA:45,525685
DA:47,525685
DA:48,525685
DA:49,525685
DA:50,525685
DA:52,525685
DA:54,1
DA:55,1
DA:56,1
DA:57,1
DA:59,1
DA:66,525691
DA:68,525638
DA:70,525638
DA:74,1051381
DA:76,1051381
DA:80,525656
DA:82,525656
LF:29
LH:29
end_of_record
TN:
SF:/home/fernando/dev/xtd/src/pipeline/segmented_byte_view.h
FNL:0,107,119
FNA:0,2035,_ZNK3xtd19segmented_byte_view19resolve_slice_rangeEmRKNS_8positionE
FNL:1,122,131
FNA:1,68,_ZNK3xtd19segmented_byte_view19resolve_slice_rangeEmm
FNL:2,134,174
FNA:2,2162,_ZNK3xtd19segmented_byte_view19make_slice_segmentsEmm
FNL:3,176,181
FNA:3,58,_ZN3xtd19segmented_byte_view23slice_in_place_absoluteERKNS0_11slice_rangeE
FNL:4,183,189
FNA:4,2104,_ZN3xtd19segmented_byte_viewC2ERKS0_RKNS0_11slice_rangeE
FNL:5,191,197
FNA:5,525760,_ZN3xtd19segmented_byte_viewC2EOSt6vectorISt4spanIKSt4byteLm18446744073709551615EESaIS5_EEmm
FNL:6,199,205
FNA:6,1,_ZN3xtd19segmented_byte_viewC2Ev
FNL:7,20,20
FNA:7,8,_ZN3xtd8from_endC2Em
FNL:8,209,212
FNA:8,485,_ZNK3xtd19segmented_byte_view5beginEv
FNL:9,215,218
FNA:9,527764,_ZNK3xtd19segmented_byte_view3endEv
FNL:10,221,224
FNA:10,1053405,_ZNK3xtd19segmented_byte_view4sizeEv
FNL:11,227,230
FNA:11,524477,_ZNK3xtd19segmented_byte_view5emptyEv
FNL:12,233,236
FNA:12,17,_ZNK3xtd19segmented_byte_view13segment_countEv
FNL:13,239,242
FNA:13,5,_ZNK3xtd19segmented_byte_view8segmentsEv
FNL:14,245,248
FNA:14,21,_ZNK3xtd19segmented_byte_view5sliceERKNS_8positionE
FNL:15,251,254
FNA:15,17,_ZNK3xtd19segmented_byte_view5sliceERKNS_8positionES3_
FNL:16,257,260
FNA:16,2015,_ZNK3xtd19segmented_byte_view5sliceEmRKNS_8positionE
FNL:17,263,266
FNA:17,57,_ZNK3xtd19segmented_byte_view5sliceEmm
FNL:18,268,271
FNA:18,5,_ZN3xtd19segmented_byte_view14slice_in_placeERKNS_8positionE
FNL:19,273,276
FNA:19,25,_ZN3xtd19segmented_byte_view14slice_in_placeERKNS_8positionES3_
FNL:20,278,281
FNA:20,20,_ZN3xtd19segmented_byte_view14slice_in_placeEmRKNS_8positionE
FNL:21,283,286
FNA:21,11,_ZN3xtd19segmented_byte_view14slice_in_placeEmm
FNL:22,288,305
FNA:22,8,_ZNK3xtd19segmented_byte_viewixERKNS_8from_endE
FNL:23,307,316
FNA:23,9,_ZNK3xtd19segmented_byte_viewixERKNS_8positionE
FNL:24,318,335
FNA:24,19,_ZNK3xtd19segmented_byte_viewixEm
FNL:25,338,358
FNA:25,53,_ZNK3xtd19segmented_byte_view11position_ofESt4byte
FNL:26,361,364
FNA:26,28,_ZNK3xtd19segmented_byte_view11position_ofEc
FNL:27,367,393
FNA:27,2034,_ZNK3xtd19segmented_byte_view7copy_toESt4spanISt4byteLm18446744073709551615EE
FNL:28,397,403
FNA:28,6,_ZNK3xtd19segmented_byte_view7copy_toEPSt4bytem
FNL:29,40,45
FNA:29,4183,_ZN3xtd19segmented_byte_view15argument_assertEbPKc
FNL:30,407,410
FNA:30,6,_ZNK3xtd19segmented_byte_view7copy_toERSt6vectorISt4byteSaIS2_EE
FNL:31,416,424
FNA:31,1,_ZNK3xtd19segmented_byte_view7copy_toIN12_GLOBAL__N_128test_data_trivially_copyableEEEbRT_
FNA:31,2000,_ZNK3xtd19segmented_byte_view7copy_toIN18xtd_pipeline_tests28test_data_trivially_copyableEEEbRT_
FNA:31,1,_ZNK3xtd19segmented_byte_view7copy_toISt5arrayIjLm3EEEEbRT_
FNA:31,22,_ZNK3xtd19segmented_byte_view7copy_toIjEEbRT_
FNL:32,427,443
FNA:32,524412,_ZNK3xtd19segmented_byte_view9to_stringB5cxx11Ev
FNL:33,47,52
FNA:33,8676,_ZN3xtd19segmented_byte_view12range_assertEbPKc
FNL:34,55,58
FNA:34,532082,_ZNK3xtd19segmented_byte_view10end_offsetEv
FNL:35,61,65
FNA:35,2153,_ZNK3xtd19segmented_byte_view15sequence_offsetERKNS_8positionEPKc
FNL:36,67,77
FNA:36,2162,_ZNK3xtd19segmented_byte_view20validate_slice_rangeEmm
FNL:37,79,86
FNA:37,68,_ZNK3xtd19segmented_byte_view23validate_relative_sliceEmm
FNL:38,89,95
FNA:38,26,_ZNK3xtd19segmented_byte_view19resolve_slice_rangeERKNS_8positionE
FNL:39,98,104
FNA:39,42,_ZNK3xtd19segmented_byte_view19resolve_slice_rangeERKNS_8positionES3_
FNF:40
FNH:40
DA:20,8
DA:40,4183
DA:42,4183
DA:43,9
DA:45,4174
DA:47,8676
DA:49,8676
DA:50,23
DA:52,8653
DA:55,532082
DA:57,532082
DA:61,2153
DA:63,2153
DA:64,2146
DA:67,2162
DA:69,2162
DA:72,2157
DA:75,2155
DA:77,2151
DA:79,68
DA:81,68
DA:84,66
DA:86,65
DA:89,26
DA:92,26
DA:93,50
DA:94,26
DA:98,42
DA:101,42
DA:102,81
DA:103,41
DA:107,2035
DA:109,2035
DA:112,2033
DA:116,2033
DA:118,2033
DA:122,68
DA:124,68
DA:126,65
DA:129,65
DA:130,65
DA:134,2162
DA:136,2162
DA:138,2151
DA:140,2151
DA:141,102
DA:144,2049
DA:146,2049
DA:148,16219
DA:149,12149
DA:151,12149
DA:152,385
DA:153,385
DA:156,11764
DA:157,28
DA:160,11736
DA:161,11736
DA:163,11736
DA:164,11736
DA:170,11736
DA:173,2049
DA:174,0
DA:176,58
DA:178,58
DA:179,55
DA:180,55
DA:181,55
DA:183,2104
DA:184,2104
DA:185,2096
DA:186,2096
DA:187,2096
DA:189,2096
DA:191,525760
DA:192,1051520
DA:193,525760
DA:194,525760
DA:195,525760
DA:197,525760
DA:199,1
DA:200,1
DA:201,1
DA:202,1
DA:203,1
DA:205,1
DA:209,485
DA:211,485
DA:215,527764
DA:217,527764
DA:221,1053405
DA:223,1053405
DA:227,524477
DA:229,524477
DA:233,17
DA:235,17
DA:239,5
DA:241,5
DA:245,21
DA:247,21
DA:251,17
DA:253,17
DA:257,2015
DA:259,2015
DA:263,57
DA:265,57
DA:268,5
DA:270,5
DA:271,3
DA:273,25
DA:275,25
DA:276,24
DA:278,20
DA:280,20
DA:281,18
DA:283,11
DA:285,11
DA:286,10
DA:288,8
DA:290,8
DA:293,5
DA:294,9
DA:295,9
DA:297,9
DA:298,5
DA:301,4
DA:307,9
DA:309,9
DA:312,8
DA:315,5
DA:318,19
DA:320,19
DA:322,16
DA:324,47
DA:325,31
DA:327,31
DA:328,16
DA:331,15
DA:338,53
DA:340,53
DA:342,131
DA:343,57
DA:345,114
DA:346,32
DA:349,32
DA:350,32
DA:351,32
DA:354,25
DA:357,21
DA:361,28
DA:363,28
DA:367,2034
DA:369,2034
DA:371,2034
DA:372,3
DA:375,2031
DA:377,6360
DA:378,3992
DA:379,1694
DA:382,2298
DA:384,4596
DA:385,2298
DA:386,2298
DA:389,2298
DA:392,2031
DA:397,6
DA:399,6
DA:402,5
DA:407,6
DA:409,6
DA:416,2024
DA:418,2024
DA:421,2023
DA:423,4046
DA:427,524412
DA:429,524412
DA:430,17
DA:433,524395
DA:434,524395
DA:436,3146119
DA:437,4194658
DA:438,2097329
DA:442,524395
DA:443,524395
LF:183
LH:182
end_of_record
