TN:
SF:/home/fernando/dev/xtd/src/channel/channel_impl.h
FNL:0,111,119
FNA:0,10,_ZN3xtd7channelIZL20DOCTEST_ANON_FUNC_27vE21ChannelSemanticsProbeE15complete_writerEv
FNA:0,12,_ZN3xtd7channelIZL20DOCTEST_ANON_FUNC_29vE21ChannelSemanticsProbeE15complete_writerEv
FNA:0,1,_ZN3xtd7channelIZL20DOCTEST_ANON_FUNC_69vE5probeE15complete_writerEv
FNA:0,31,_ZN3xtd7channelIiE15complete_writerEv
FNL:1,122,154
FNA:1,10,_ZN3xtd7channelIZL20DOCTEST_ANON_FUNC_27vE21ChannelSemanticsProbeE4readESt10stop_tokenNS_14block_strategyE
FNA:1,10,_ZN3xtd7channelIZL20DOCTEST_ANON_FUNC_29vE21ChannelSemanticsProbeE4readESt10stop_tokenNS_14block_strategyE
FNA:1,22,_ZN3xtd7channelIiE4readESt10stop_tokenNS_14block_strategyE
FNL:2,135,135
FNA:2,0,_ZZN3xtd7channelIZL20DOCTEST_ANON_FUNC_27vE21ChannelSemanticsProbeE4readESt10stop_tokenNS_14block_strategyEENKUlvE_clEv
FNA:2,0,_ZZN3xtd7channelIZL20DOCTEST_ANON_FUNC_29vE21ChannelSemanticsProbeE4readESt10stop_tokenNS_14block_strategyEENKUlvE_clEv
FNA:2,8,_ZZN3xtd7channelIiE4readESt10stop_tokenNS_14block_strategyEENKUlvE_clEv
FNL:3,157,161
FNA:3,10,_ZNK3xtd7channelIiE4sizeEv
FNL:4,163,168
FNA:4,5,_ZN3xtd7channelIZL20DOCTEST_ANON_FUNC_27vE21ChannelSemanticsProbeEC2Em
FNA:4,6,_ZN3xtd7channelIZL20DOCTEST_ANON_FUNC_29vE21ChannelSemanticsProbeEC2Em
FNA:4,1,_ZN3xtd7channelIZL20DOCTEST_ANON_FUNC_69vE5probeEC2Em
FNA:4,19,_ZN3xtd7channelIiEC2Em
FNL:5,170,173
FNA:5,5,_ZN3xtd7channelIZL20DOCTEST_ANON_FUNC_27vE21ChannelSemanticsProbeED2Ev
FNA:5,6,_ZN3xtd7channelIZL20DOCTEST_ANON_FUNC_29vE21ChannelSemanticsProbeED2Ev
FNA:5,1,_ZN3xtd7channelIZL20DOCTEST_ANON_FUNC_69vE5probeED2Ev
FNA:5,19,_ZN3xtd7channelIiED2Ev
FNL:6,181,184
FNA:6,5,_ZN3xtd7channelIZL20DOCTEST_ANON_FUNC_27vE21ChannelSemanticsProbeE6writerEv
FNA:6,6,_ZN3xtd7channelIZL20DOCTEST_ANON_FUNC_29vE21ChannelSemanticsProbeE6writerEv
FNA:6,2,_ZN3xtd7channelIZL20DOCTEST_ANON_FUNC_69vE5probeE6writerEv
FNA:6,17,_ZN3xtd7channelIiE6writerEv
FNL:7,187,190
FNA:7,5,_ZN3xtd7channelIZL20DOCTEST_ANON_FUNC_27vE21ChannelSemanticsProbeE6readerEv
FNA:7,5,_ZN3xtd7channelIZL20DOCTEST_ANON_FUNC_29vE21ChannelSemanticsProbeE6readerEv
FNA:7,13,_ZN3xtd7channelIiE6readerEv
FNL:8,34,37
FNA:8,15,_ZN3xtd7channelIZL20DOCTEST_ANON_FUNC_27vE21ChannelSemanticsProbeE8notifierC2ERNSt3_V222condition_variable_anyE
FNA:8,17,_ZN3xtd7channelIZL20DOCTEST_ANON_FUNC_29vE21ChannelSemanticsProbeE8notifierC2ERNSt3_V222condition_variable_anyE
FNA:8,2,_ZN3xtd7channelIZL20DOCTEST_ANON_FUNC_69vE5probeE8notifierC2ERNSt3_V222condition_variable_anyE
FNA:8,55,_ZN3xtd7channelIiE8notifierC2ERNSt3_V222condition_variable_anyE
FNL:9,42,45
FNA:9,10,_ZN3xtd7channelIZL20DOCTEST_ANON_FUNC_27vE21ChannelSemanticsProbeE8notifier11set_waitersEm
FNA:9,10,_ZN3xtd7channelIZL20DOCTEST_ANON_FUNC_29vE21ChannelSemanticsProbeE8notifier11set_waitersEm
FNA:9,1,_ZN3xtd7channelIZL20DOCTEST_ANON_FUNC_69vE5probeE8notifier11set_waitersEm
FNA:9,33,_ZN3xtd7channelIiE8notifier11set_waitersEm
FNL:10,47,52
FNA:10,15,_ZN3xtd7channelIZL20DOCTEST_ANON_FUNC_27vE21ChannelSemanticsProbeE8notifierD2Ev
FNA:10,17,_ZN3xtd7channelIZL20DOCTEST_ANON_FUNC_29vE21ChannelSemanticsProbeE8notifierD2Ev
FNA:10,2,_ZN3xtd7channelIZL20DOCTEST_ANON_FUNC_69vE5probeE8notifierD2Ev
FNA:10,55,_ZN3xtd7channelIiE8notifierD2Ev
FNL:11,71,74
FNA:11,10,_ZNK3xtd7channelIZL20DOCTEST_ANON_FUNC_27vE21ChannelSemanticsProbeE4fullEv
FNA:11,10,_ZNK3xtd7channelIZL20DOCTEST_ANON_FUNC_29vE21ChannelSemanticsProbeE4fullEv
FNA:11,2,_ZNK3xtd7channelIZL20DOCTEST_ANON_FUNC_69vE5probeE4fullEv
FNA:11,38,_ZNK3xtd7channelIiE4fullEv
FNL:12,77,109
FNA:12,1,_ZN3xtd7channelIZL20DOCTEST_ANON_FUNC_27vE21ChannelSemanticsProbeE7emplaceIJRKS1_EEEbSt10stop_tokenNS_14block_strategyEDpOT_Q18constructible_fromIT_JDpTL0__EE
FNA:12,1,_ZN3xtd7channelIZL20DOCTEST_ANON_FUNC_27vE21ChannelSemanticsProbeE7emplaceIJRS1_EEEbSt10stop_tokenNS_14block_strategyEDpOT_Q18constructible_fromIT_JDpTL0__EE
FNA:12,2,_ZN3xtd7channelIZL20DOCTEST_ANON_FUNC_27vE21ChannelSemanticsProbeE7emplaceIJS1_EEEbSt10stop_tokenNS_14block_strategyEDpOT_Q18constructible_fromIT_JDpTL0__EE
FNA:12,1,_ZN3xtd7channelIZL20DOCTEST_ANON_FUNC_27vE21ChannelSemanticsProbeE7emplaceIJiEEEbSt10stop_tokenNS_14block_strategyEDpOT_Q18constructible_fromIT_JDpTL0__EE
FNA:12,1,_ZN3xtd7channelIZL20DOCTEST_ANON_FUNC_29vE21ChannelSemanticsProbeE7emplaceIJRKS1_EEEbSt10stop_tokenNS_14block_strategyEDpOT_Q18constructible_fromIT_JDpTL0__EE
FNA:12,1,_ZN3xtd7channelIZL20DOCTEST_ANON_FUNC_29vE21ChannelSemanticsProbeE7emplaceIJRS1_EEEbSt10stop_tokenNS_14block_strategyEDpOT_Q18constructible_fromIT_JDpTL0__EE
FNA:12,4,_ZN3xtd7channelIZL20DOCTEST_ANON_FUNC_29vE21ChannelSemanticsProbeE7emplaceIJS1_EEEbSt10stop_tokenNS_14block_strategyEDpOT_Q18constructible_fromIT_JDpTL0__EE
FNA:12,1,_ZN3xtd7channelIZL20DOCTEST_ANON_FUNC_29vE21ChannelSemanticsProbeE7emplaceIJiEEEbSt10stop_tokenNS_14block_strategyEDpOT_Q18constructible_fromIT_JDpTL0__EE
FNA:12,2,_ZN3xtd7channelIZL20DOCTEST_ANON_FUNC_69vE5probeE7emplaceIJiRiS4_EEEbSt10stop_tokenNS_14block_strategyEDpOT_Q18constructible_fromIT_JDpTL0__EE
FNA:12,4,_ZN3xtd7channelIiE7emplaceIJRKiEEEbSt10stop_tokenNS_14block_strategyEDpOT_Q18constructible_fromIT_JDpTL0__EE
FNA:12,29,_ZN3xtd7channelIiE7emplaceIJiEEEbSt10stop_tokenNS_14block_strategyEDpOT_Q18constructible_fromIT_JDpTL0__EE
FNL:13,91,91
FNA:13,0,_ZZN3xtd7channelIZL20DOCTEST_ANON_FUNC_27vE21ChannelSemanticsProbeE7emplaceIJRKS1_EEEbSt10stop_tokenNS_14block_strategyEDpOT_Q18constructible_fromIT_JDpTL0__EEENKUlvE_clEv
FNA:13,0,_ZZN3xtd7channelIZL20DOCTEST_ANON_FUNC_27vE21ChannelSemanticsProbeE7emplaceIJRS1_EEEbSt10stop_tokenNS_14block_strategyEDpOT_Q18constructible_fromIT_JDpTL0__EEENKUlvE_clEv
FNA:13,0,_ZZN3xtd7channelIZL20DOCTEST_ANON_FUNC_27vE21ChannelSemanticsProbeE7emplaceIJS1_EEEbSt10stop_tokenNS_14block_strategyEDpOT_Q18constructible_fromIT_JDpTL0__EEENKUlvE_clEv
FNA:13,0,_ZZN3xtd7channelIZL20DOCTEST_ANON_FUNC_27vE21ChannelSemanticsProbeE7emplaceIJiEEEbSt10stop_tokenNS_14block_strategyEDpOT_Q18constructible_fromIT_JDpTL0__EEENKUlvE_clEv
FNA:13,0,_ZZN3xtd7channelIZL20DOCTEST_ANON_FUNC_29vE21ChannelSemanticsProbeE7emplaceIJRKS1_EEEbSt10stop_tokenNS_14block_strategyEDpOT_Q18constructible_fromIT_JDpTL0__EEENKUlvE_clEv
FNA:13,0,_ZZN3xtd7channelIZL20DOCTEST_ANON_FUNC_29vE21ChannelSemanticsProbeE7emplaceIJRS1_EEEbSt10stop_tokenNS_14block_strategyEDpOT_Q18constructible_fromIT_JDpTL0__EEENKUlvE_clEv
FNA:13,0,_ZZN3xtd7channelIZL20DOCTEST_ANON_FUNC_29vE21ChannelSemanticsProbeE7emplaceIJS1_EEEbSt10stop_tokenNS_14block_strategyEDpOT_Q18constructible_fromIT_JDpTL0__EEENKUlvE_clEv
FNA:13,0,_ZZN3xtd7channelIZL20DOCTEST_ANON_FUNC_29vE21ChannelSemanticsProbeE7emplaceIJiEEEbSt10stop_tokenNS_14block_strategyEDpOT_Q18constructible_fromIT_JDpTL0__EEENKUlvE_clEv
FNA:13,0,_ZZN3xtd7channelIZL20DOCTEST_ANON_FUNC_69vE5probeE7emplaceIJiRiS4_EEEbSt10stop_tokenNS_14block_strategyEDpOT_Q18constructible_fromIT_JDpTL0__EEENKUlvE_clEv
FNA:13,0,_ZZN3xtd7channelIiE7emplaceIJRKiEEEbSt10stop_tokenNS_14block_strategyEDpOT_Q18constructible_fromIT_JDpTL0__EEENKUlvE_clEv
FNA:13,6,_ZZN3xtd7channelIiE7emplaceIJiEEEbSt10stop_tokenNS_14block_strategyEDpOT_Q18constructible_fromIT_JDpTL0__EEENKUlvE_clEv
FNF:14
FNH:14
DA:34,89
DA:35,89
DA:37,89
DA:42,54
DA:44,54
DA:45,54
DA:47,89
DA:49,89
DA:50,2
DA:52,89
DA:71,60
DA:73,60
DA:77,47
DA:80,47
DA:81,47
DA:83,47
DA:84,3
DA:87,44
DA:89,3
DA:91,9
DA:92,6
DA:95,3
DA:97,3
DA:98,1
DA:102,43
DA:103,13
DA:106,62
DA:107,30
DA:108,30
DA:109,47
DA:111,54
DA:114,54
DA:115,54
DA:116,54
DA:117,54
DA:118,54
DA:119,54
DA:122,42
DA:124,42
DA:125,42
DA:127,42
DA:128,1
DA:131,41
DA:133,4
DA:135,12
DA:136,8
DA:139,4
DA:141,4
DA:142,1
DA:146,40
DA:147,16
DA:150,48
DA:151,24
DA:152,24
DA:153,24
DA:154,42
DA:157,10
DA:159,10
DA:160,20
DA:161,10
DA:163,31
DA:164,31
DA:165,31
DA:166,31
DA:168,31
DA:170,31
DA:172,31
DA:173,31
DA:181,30
DA:183,30
DA:187,23
DA:189,23
LF:72
LH:72
end_of_record
TN:
SF:/home/fernando/dev/xtd/src/channel/channel_reader.h
FNL:0,16,19
FNA:0,5,_ZN3xtd14channel_readerIZL20DOCTEST_ANON_FUNC_27vE21ChannelSemanticsProbeEC2ERNS_7channelIS1_EE
FNA:0,6,_ZN3xtd14channel_readerIZL20DOCTEST_ANON_FUNC_29vE21ChannelSemanticsProbeEC2ERNS_7channelIS1_EE
FNA:0,1,_ZN3xtd14channel_readerIZL20DOCTEST_ANON_FUNC_69vE5probeEC2ERNS_7channelIS1_EE
FNA:0,19,_ZN3xtd14channel_readerIiEC2ERNS_7channelIiEE
FNL:1,24,27
FNA:1,5,_ZN3xtd14channel_readerIZL20DOCTEST_ANON_FUNC_27vE21ChannelSemanticsProbeE8try_readEv
FNA:1,5,_ZN3xtd14channel_readerIZL20DOCTEST_ANON_FUNC_29vE21ChannelSemanticsProbeE8try_readEv
FNA:1,1,_ZN3xtd14channel_readerIiE8try_readEv
FNL:2,30,33
FNA:2,5,_ZN3xtd14channel_readerIZL20DOCTEST_ANON_FUNC_27vE21ChannelSemanticsProbeE4readESt10stop_token
FNA:2,5,_ZN3xtd14channel_readerIZL20DOCTEST_ANON_FUNC_29vE21ChannelSemanticsProbeE4readESt10stop_token
FNA:2,21,_ZN3xtd14channel_readerIiE4readESt10stop_token
FNL:3,36,39
FNA:3,10,_ZNK3xtd14channel_readerIiE4sizeEv
FNF:4
FNH:4
DA:16,31
DA:17,31
DA:19,31
DA:24,11
DA:26,11
DA:30,31
DA:32,31
DA:36,10
DA:38,10
LF:9
LH:9
end_of_record
TN:
SF:/home/fernando/dev/xtd/src/channel/channel_writer.h
FNL:0,15,18
FNA:0,5,_ZN3xtd14channel_writerIZL20DOCTEST_ANON_FUNC_27vE21ChannelSemanticsProbeEC2ERNS_7channelIS1_EE
FNA:0,6,_ZN3xtd14channel_writerIZL20DOCTEST_ANON_FUNC_29vE21ChannelSemanticsProbeEC2ERNS_7channelIS1_EE
FNA:0,1,_ZN3xtd14channel_writerIZL20DOCTEST_ANON_FUNC_69vE5probeEC2ERNS_7channelIS1_EE
FNA:0,19,_ZN3xtd14channel_writerIiEC2ERNS_7channelIiEE
FNL:1,23,27
FNA:1,1,_ZN3xtd14channel_writerIZL20DOCTEST_ANON_FUNC_27vE21ChannelSemanticsProbeE4pushERKS1_Q18copy_constructibleIT_E
FNA:1,1,_ZN3xtd14channel_writerIZL20DOCTEST_ANON_FUNC_29vE21ChannelSemanticsProbeE4pushERKS1_Q18copy_constructibleIT_E
FNL:2,30,34
FNA:2,1,_ZN3xtd14channel_writerIiE4pushESt10stop_tokenRKiQ18copy_constructibleIT_E
FNL:3,37,41
FNA:3,1,_ZN3xtd14channel_writerIZL20DOCTEST_ANON_FUNC_27vE21ChannelSemanticsProbeE4pushEOS1_Q18move_constructibleIT_E
FNA:3,2,_ZN3xtd14channel_writerIZL20DOCTEST_ANON_FUNC_29vE21ChannelSemanticsProbeE4pushEOS1_Q18move_constructibleIT_E
FNA:3,12,_ZN3xtd14channel_writerIiE4pushEOiQ18move_constructibleIT_E
FNL:4,44,48
FNA:4,2,_ZN3xtd14channel_writerIiE4pushESt10stop_tokenOiQ18move_constructibleIT_E
FNL:5,52,56
FNA:5,1,_ZN3xtd14channel_writerIZL20DOCTEST_ANON_FUNC_27vE21ChannelSemanticsProbeE7emplaceIJRS1_EEEbDpOT_Q18constructible_fromIT_JDpTL0__EE
FNA:5,1,_ZN3xtd14channel_writerIZL20DOCTEST_ANON_FUNC_27vE21ChannelSemanticsProbeE7emplaceIJS1_EEEbDpOT_Q18constructible_fromIT_JDpTL0__EE
FNA:5,1,_ZN3xtd14channel_writerIZL20DOCTEST_ANON_FUNC_27vE21ChannelSemanticsProbeE7emplaceIJiEEEbDpOT_Q18constructible_fromIT_JDpTL0__EE
FNA:5,1,_ZN3xtd14channel_writerIZL20DOCTEST_ANON_FUNC_29vE21ChannelSemanticsProbeE7emplaceIJRS1_EEEbDpOT_Q18constructible_fromIT_JDpTL0__EE
FNA:5,1,_ZN3xtd14channel_writerIZL20DOCTEST_ANON_FUNC_29vE21ChannelSemanticsProbeE7emplaceIJS1_EEEbDpOT_Q18constructible_fromIT_JDpTL0__EE
FNA:5,1,_ZN3xtd14channel_writerIZL20DOCTEST_ANON_FUNC_29vE21ChannelSemanticsProbeE7emplaceIJiEEEbDpOT_Q18constructible_fromIT_JDpTL0__EE
FNL:6,60,64
FNA:6,1,_ZN3xtd14channel_writerIiE7emplaceIJiEEEbSt10stop_tokenDpOT_Q18constructible_fromIT_JDpTL0__EE
FNL:7,67,71
FNA:7,3,_ZN3xtd14channel_writerIiE8try_pushERKiQ18copy_constructibleIT_E
FNL:8,74,78
FNA:8,1,_ZN3xtd14channel_writerIZL20DOCTEST_ANON_FUNC_29vE21ChannelSemanticsProbeE8try_pushEOS1_Q18move_constructibleIT_E
FNA:8,7,_ZN3xtd14channel_writerIiE8try_pushEOiQ18move_constructibleIT_E
FNL:9,82,86
FNA:9,2,_ZN3xtd14channel_writerIZL20DOCTEST_ANON_FUNC_69vE5probeE11try_emplaceIJiRiS4_EEEbDpOT_Q18constructible_fromIT_JDpTL0__EE
FNA:9,7,_ZN3xtd14channel_writerIiE11try_emplaceIJiEEEbDpOT_Q18constructible_fromIT_JDpTL0__EE
FNL:10,88,91
FNA:10,5,_ZN3xtd14channel_writerIZL20DOCTEST_ANON_FUNC_27vE21ChannelSemanticsProbeE8completeEv
FNA:10,6,_ZN3xtd14channel_writerIZL20DOCTEST_ANON_FUNC_29vE21ChannelSemanticsProbeE8completeEv
FNA:10,12,_ZN3xtd14channel_writerIiE8completeEv
FNF:11
FNH:11
DA:15,31
DA:16,31
DA:18,31
DA:23,2
DA:26,2
DA:30,1
DA:33,1
DA:37,15
DA:40,30
DA:44,2
DA:47,4
DA:52,6
DA:55,12
DA:60,1
DA:63,2
DA:67,3
DA:70,3
DA:74,8
DA:77,16
DA:82,9
DA:85,22
DA:88,23
DA:90,23
DA:91,23
LF:24
LH:24
end_of_record
TN:
SF:/home/fernando/dev/xtd/src/pipeline/data_segment.h
FNL:0,24,30
FNA:0,2106897,_ZN3xtd12data_segmentC2ERNS_17fixed_buffer_poolE
FNL:1,39,42
FNA:1,1,_ZNK3xtd12data_segment8capacityEv
FNL:2,45,48
FNA:2,4207238,_ZNK3xtd12data_segment13readable_sizeEv
FNL:3,51,54
FNA:3,2106995,_ZNK3xtd12data_segment14readable_bytesEv
FNL:4,57,60
FNA:4,3,_ZNK3xtd12data_segment13writable_sizeEv
FNL:5,63,66
FNA:5,1,_ZN3xtd12data_segment14writable_bytesEv
FNL:6,68,75
FNA:6,90,_ZN3xtd12data_segment12advance_readEm
FNL:7,78,81
FNA:7,2107637,_ZNK3xtd12data_segment4fullEv
FNL:8,84,91
FNA:8,2108828,_ZN3xtd12data_segment9copy_fromEPKSt4bytem
FNF:9
FNH:9
DA:24,2106897
DA:25,2106897
DA:26,2106897
DA:27,2106897
DA:28,2106897
DA:30,2106897
DA:39,1
DA:41,1
DA:45,4207238
DA:47,4207238
DA:51,2106995
DA:53,2106995
DA:57,3
DA:59,3
DA:63,1
DA:65,1
DA:68,90
DA:70,90
DA:71,1
DA:74,89
DA:75,89
DA:78,2107637
DA:80,2107637
DA:84,2108828
DA:86,2108828
DA:87,2108828
DA:88,2108828
DA:89,2108828
DA:90,2108828
LF:29
LH:29
end_of_record
TN:
SF:/home/fernando/dev/xtd/src/pipeline/fixed_buffer_pool.h
FNL:0,21,25
FNA:0,2106897,_ZNK3xtd17fixed_buffer_pool19unique_ptr_releaserclEPSt4byte
FNL:1,28,36
FNA:1,2106897,_ZN3xtd17fixed_buffer_pool7releaseEPSt4byte
FNL:2,38,43
FNA:2,2100025,_ZN3xtd17fixed_buffer_pool20get_buffer_from_poolEv
FNL:3,52,57
FNA:3,341,_ZN3xtd17fixed_buffer_poolC2Emm
FNL:4,60,66
FNA:4,2106897,_ZN3xtd17fixed_buffer_pool10get_bufferEv
FNL:5,69,72
FNA:5,4213794,_ZNK3xtd17fixed_buffer_pool11buffer_sizeEv
FNL:6,75,78
FNA:6,8,_ZNK3xtd17fixed_buffer_pool9pool_sizeEv
FNF:7
FNH:7
DA:21,2106897
DA:23,2106897
DA:24,2106897
DA:28,2106897
DA:30,2106897
DA:31,2106897
DA:32,4213784
DA:36,2106897
DA:38,2100025
DA:40,4200050
DA:41,2100025
DA:42,2100025
DA:52,341
DA:53,682
DA:54,341
DA:56,341
DA:57,341
DA:60,2106897
DA:62,2106897
DA:63,2113769
DA:64,4206922
DA:65,6320691
DA:69,4213794
DA:71,4213794
DA:75,8
DA:77,8
LF:26
LH:26
end_of_record
TN:
SF:/home/fernando/dev/xtd/src/pipeline/pipe_reader.h
FNL:0,23,25
FNA:0,336,_ZN3xtd16pipe_reader_implINS_8pipelineEEC2ERS1_
FNL:1,29,31
FNA:1,525690,_ZNK3xtd16pipe_reader_implINS_8pipelineEE4readESt10stop_token
FNL:2,33,35
FNA:2,1,_ZNK3xtd16pipe_reader_implINS_8pipelineEE13read_at_leastEmSt10stop_token
FNL:3,40,42
FNA:3,350,_ZN3xtd16pipe_reader_implINS_8pipelineEE7advanceERKNS_8positionES5_
FNL:4,46,48
FNA:4,525250,_ZN3xtd16pipe_reader_implINS_8pipelineEE7advanceERKNS_8positionE
FNL:5,52,54
FNA:5,87,_ZN3xtd16pipe_reader_implINS_8pipelineEE7advanceERKNS_19segmented_byte_viewE
FNL:6,57,59
FNA:6,309,_ZN3xtd16pipe_reader_implINS_8pipelineEE8completeEv
FNF:7
FNH:7
DA:23,336
DA:24,336
DA:25,336
DA:29,525690
DA:30,525690
DA:33,1
DA:34,1
DA:40,350
DA:41,350
DA:42,343
DA:46,525250
DA:47,525250
DA:48,525250
DA:52,87
DA:53,87
DA:54,87
DA:57,309
DA:58,309
DA:59,309
LF:19
LH:19
end_of_record
TN:
SF:/home/fernando/dev/xtd/src/pipeline/pipe_utils.h
FNL:0,26,60
FNA:0,3,_ZN3xtd10pipe_utils28threaded_copy_file_from_pathERKNSt7__cxx1112basic_stringIcSt11char_traitsIcESaIcEEERNS_16pipe_writer_implINS_8pipelineEEEm
FNL:1,38,59
FNA:1,1,_ZZN3xtd10pipe_utils28threaded_copy_file_from_pathERKNSt7__cxx1112basic_stringIcSt11char_traitsIcESaIcEEERNS_16pipe_writer_implINS_8pipelineEEEmENKUlvE_clEv
FNL:2,67,95
FNA:2,4,_ZN3xtd10pipe_utils25threaded_copy_from_socketEiRNS_16pipe_writer_implINS_8pipelineEEEm
FNL:3,77,94
FNA:3,2,_ZZN3xtd10pipe_utils25threaded_copy_from_socketEiRNS_16pipe_writer_implINS_8pipelineEEEmENKUlvE_clEv
FNF:4
FNH:4
DA:26,3
DA:27,3
DA:28,1
DA:32,2
DA:33,2
DA:34,1
DA:36,2
DA:38,2
DA:39,1
DA:40,1
DA:41,0
DA:42,0
DA:45,2
DA:48,2561
DA:49,2561
DA:51,2561
DA:52,2560
DA:55,2561
DA:56,2560
DA:58,1
DA:59,3
DA:67,4
DA:69,4
DA:70,1
DA:73,3
DA:74,1
DA:77,4
DA:78,4
DA:81,21
DA:83,21
DA:84,19
DA:85,19
DA:88,2
DA:89,1
DA:90,1
DA:91,19
DA:93,2
DA:94,6
LF:38
LH:36
end_of_record
TN:
SF:/home/fernando/dev/xtd/src/pipeline/pipe_writer.h
FNL:0,18,20
FNA:0,336,_ZN3xtd16pipe_writer_implINS_8pipelineEEC2ERS1_
FNL:1,27,29
FNA:1,2586,_ZN3xtd16pipe_writer_implINS_8pipelineEE5writeEPKSt4bytemSt10stop_token
FNL:2,36,46
FNA:2,1,_ZN3xtd16pipe_writer_implINS_8pipelineEE5writeIA10_cEEmRKT_St10stop_token
FNA:2,1,_ZN3xtd16pipe_writer_implINS_8pipelineEE5writeIA15_cEEmRKT_St10stop_token
FNA:2,14,_ZN3xtd16pipe_writer_implINS_8pipelineEE5writeIA2_cEEmRKT_St10stop_token
FNA:2,11,_ZN3xtd16pipe_writer_implINS_8pipelineEE5writeIA4_cEEmRKT_St10stop_token
FNA:2,14,_ZN3xtd16pipe_writer_implINS_8pipelineEE5writeIA5_cEEmRKT_St10stop_token
FNA:2,1,_ZN3xtd16pipe_writer_implINS_8pipelineEE5writeIA6_cEEmRKT_St10stop_token
FNA:2,1,_ZN3xtd16pipe_writer_implINS_8pipelineEE5writeIA7_cEEmRKT_St10stop_token
FNA:2,8,_ZN3xtd16pipe_writer_implINS_8pipelineEE5writeIA9_cEEmRKT_St10stop_token
FNA:2,2000,_ZN3xtd16pipe_writer_implINS_8pipelineEE5writeIN18xtd_pipeline_tests28test_data_trivially_copyableEEEmRKT_St10stop_token
FNA:2,531021,_ZN3xtd16pipe_writer_implINS_8pipelineEE5writeINSt7__cxx1112basic_stringIcSt11char_traitsIcESaIcEEEEEmRKT_St10stop_token
FNA:2,1,_ZN3xtd16pipe_writer_implINS_8pipelineEE5writeISt5arrayIjLm3EEEEmRKT_St10stop_token
FNA:2,20,_ZN3xtd16pipe_writer_implINS_8pipelineEE5writeIjEEmRKT_St10stop_token
FNL:3,49,51
FNA:3,320,_ZN3xtd16pipe_writer_implINS_8pipelineEE8completeEv
FNF:4
FNH:4
DA:18,336
DA:19,336
DA:20,336
DA:27,2586
DA:28,2586
DA:36,533093
DA:39,531072
DA:40,531079
DA:44,2021
DA:49,320
DA:50,320
DA:51,320
LF:12
LH:12
end_of_record
TN:
SF:/home/fernando/dev/xtd/src/pipeline/pipeline_impl.h
FNL:0,100,103
FNA:0,525685,_ZN3xtd8pipeline21next_read_sequence_idEv
FNL:1,116,119
FNA:1,139276,_ZNK3xtd8pipeline20should_resume_writerEv
FNL:2,122,125
FNA:2,2342362,_ZNK3xtd8pipeline16is_any_completedEv
FNL:3,127,161
FNA:3,525691,_ZN3xtd8pipeline13read_at_leastEmSt10stop_token
FNL:4,134,140
FNA:4,526439,_ZZN3xtd8pipeline13read_at_leastEmSt10stop_tokenENKUlvE_clEv
FNL:5,163,220
FNA:5,525687,_ZN3xtd8pipeline7advanceERKNS_8positionES3_
FNL:6,222,227
FNA:6,2108825,_ZN3xtd8pipeline11get_segmentEv
FNL:7,229,287
FNA:7,535679,_ZN3xtd8pipeline5writeEPKSt4bytemSt10stop_token
FNL:8,244,248
FNA:8,605318,_ZZN3xtd8pipeline5writeEPKSt4bytemSt10stop_tokenENKUlvE_clEv
FNL:9,289,297
FNA:9,656,_ZN3xtd8pipeline15complete_writerEv
FNL:10,299,312
FNA:10,645,_ZN3xtd8pipeline15complete_readerEv
FNL:11,355,376
FNA:11,338,_ZN3xtd8pipeline16validate_optionsERKNS_12pipe_optionsE
FNL:12,378,386
FNA:12,336,_ZN3xtd8pipelineC2ERKNS0_17validated_optionsENS0_21validated_options_tagE
FNL:13,395,398
FNA:13,336,_ZN3xtd8pipelineD2Ev
FNL:14,400,403
FNA:14,338,_ZN3xtd8pipelineC2ENS_12pipe_optionsE
FNL:15,408,410
FNA:15,330,_ZN3xtd8pipeline6readerEv
FNL:16,41,44
FNA:16,1130991,_ZN3xtd8pipeline8notifierC2ERNSt3_V222condition_variable_anyE
FNL:17,415,417
FNA:17,332,_ZN3xtd8pipeline6writerEv
FNL:18,49,52
FNA:18,2075,_ZN3xtd8pipeline8notifier3armEv
FNL:19,54,59
FNA:19,1130991,_ZN3xtd8pipeline8notifierD2Ev
FNL:20,88,92
FNA:20,5947865,_ZN3xtd8pipeline14runtime_assertEbPKc
FNL:21,94,98
FNA:21,2103745,_ZN3xtd8pipeline15argument_assertEbPKc
FNF:22
FNH:22
DA:41,1130991
DA:42,1130991
DA:44,1130991
DA:49,2075
DA:51,2075
DA:52,2075
DA:54,1130991
DA:56,1130991
DA:57,2057
DA:59,1130991
DA:88,5947865
DA:89,5947865
DA:90,15
DA:92,5947850
DA:94,2103745
DA:95,2103745
DA:96,6
DA:98,2103739
DA:100,525685
DA:102,525685
DA:116,139276
DA:118,139276
DA:122,2342362
DA:124,2342362
DA:127,525691
DA:129,525691
DA:132,525690
DA:133,525690
DA:134,525690
DA:135,526439
DA:136,1052556
DA:137,526117
DA:138,525367
DA:139,526439
DA:141,525690
DA:143,525690
DA:144,1
DA:147,525689
DA:149,525685
DA:153,525685
DA:154,1051370
DA:155,525685
DA:156,525685
DA:158,525685
DA:159,525685
DA:160,525685
DA:161,525690
DA:163,525687
DA:165,525687
DA:166,525687
DA:168,525687
DA:171,525686
DA:172,525686
DA:174,525686
DA:177,525684
DA:180,525683
DA:183,525682
DA:186,525681
DA:189,525680
DA:190,525680
DA:192,2625836
DA:193,2100243
DA:194,2100243
DA:196,2100243
DA:197,87
DA:198,87
DA:199,87
DA:202,2100156
DA:204,2100156
DA:205,2100156
DA:208,525680
DA:210,525680
DA:211,20
DA:214,525680
DA:215,525680
DA:217,525680
DA:218,20
DA:220,525692
DA:222,2108825
DA:223,2108825
DA:224,2106889
DA:226,2108825
DA:229,535679
DA:231,535679
DA:232,4
DA:235,535675
DA:237,1140972
DA:238,605305
DA:239,605305
DA:241,605305
DA:244,605300
DA:245,605318
DA:246,605316
DA:247,1210634
DA:250,605300
DA:253,605298
DA:254,1
DA:257,605297
DA:258,69616
DA:261,2714122
DA:262,2178441
DA:263,69616
DA:264,69616
DA:267,2108825
DA:268,2108825
DA:269,2108825
DA:271,2108825
DA:274,2108825
DA:275,2108825
DA:276,2108825
DA:277,2055
DA:280,2108825
DA:281,23
DA:284,605313
DA:286,535667
DA:289,656
DA:291,656
DA:292,656
DA:293,656
DA:295,656
DA:296,656
DA:297,656
DA:299,645
DA:301,645
DA:302,645
DA:303,645
DA:304,645
DA:305,645
DA:306,645
DA:307,645
DA:308,645
DA:310,645
DA:311,645
DA:312,645
DA:355,338
DA:357,338
DA:360,337
DA:363,337
DA:366,336
DA:367,336
DA:368,336
DA:371,336
DA:372,336
DA:373,336
DA:375,336
DA:378,336
DA:379,336
DA:380,336
DA:381,336
DA:382,336
DA:383,336
DA:384,336
DA:386,336
DA:395,336
DA:396,336
DA:397,336
DA:398,336
DA:400,338
DA:401,338
DA:403,336
DA:408,330
DA:409,330
DA:415,332
DA:416,332
LF:164
LH:164
end_of_record
TN:
SF:/home/fernando/dev/xtd/src/pipeline/position.h
FNL:0,103,109
FNA:0,4,_ZN3xtd8positionmmEv
FNL:1,112,117
FNA:1,2,_ZN3xtd8positionppEi
FNL:2,119,124
FNA:2,2,_ZN3xtd8positionmmEi
FNL:3,127,135
FNA:3,35,_ZNK3xtd8positioneqERKS0_
FNL:4,138,141
FNA:4,6,_ZNK3xtd8positionneERKS0_
FNL:5,144,149
FNA:5,5,_ZNK3xtd8positiongtERKS0_
FNL:6,26,31
FNA:6,528426,_ZN3xtd8positionC2Emm
FNL:7,33,39
FNA:7,38,_ZN3xtd8positionC2Ev
FNL:8,44,47
FNA:8,67,_ZNK3xtd8positioncvbEv
FNL:9,50,53
FNA:9,1053539,_ZNK3xtd8position15sequence_offsetEv
FNL:10,56,63
FNA:10,126,_ZNK3xtd8positionplEm
FNL:11,66,73
FNA:11,4,_ZNK3xtd8positionmiEm
FNL:12,76,83
FNA:12,2,_ZN3xtd8positionpLEm
FNL:13,85,92
FNA:13,2,_ZN3xtd8positionmIEm
FNL:14,95,101
FNA:14,4,_ZN3xtd8positionppEv
FNF:15
FNH:15
DA:26,528426
DA:27,528426
DA:28,528426
DA:29,528426
DA:31,528426
DA:33,38
DA:34,38
DA:35,38
DA:36,38
DA:39,38
DA:44,67
DA:46,67
DA:50,1053539
DA:52,1053539
DA:56,126
DA:58,126
DA:59,1
DA:62,125
DA:66,4
DA:68,4
DA:69,1
DA:72,3
DA:76,2
DA:78,2
DA:79,1
DA:82,2
DA:85,2
DA:87,2
DA:88,1
DA:91,2
DA:95,4
DA:97,4
DA:98,2
DA:100,4
DA:103,4
DA:105,4
DA:106,2
DA:108,4
DA:112,2
DA:114,2
DA:115,2
DA:116,2
DA:119,2
DA:121,2
DA:122,2
DA:123,2
DA:127,35
DA:129,35
DA:130,6
DA:133,29
DA:134,29
DA:138,6
DA:140,6
DA:144,5
DA:146,4
DA:147,3
DA:148,9
LF:57
LH:57
end_of_record
TN:
SF:/home/fernando/dev/xtd/src/pipeline/read_result.h
FNL:0,24,45
FNA:0,525685,_ZN3xtd11read_result18make_readable_viewERKSt5dequeINS_12data_segmentESaIS2_EEm
FNL:1,47,52
FNA:1,525685,_ZN3xtd11read_resultC2ERKSt5dequeINS_12data_segmentESaIS2_EEmb
FNL:2,54,59
FNA:2,1,_ZN3xtd11read_resultC2Eb
FNL:3,66,66
FNA:3,525691,_ZN3xtd11read_resultC2EOS0_
FNL:4,68,71
FNA:4,525638,_ZNK3xtd11read_resultcvbEv
FNL:5,74,77
FNA:5,1051381,_ZNK3xtd11read_result6bufferEv
FNL:6,80,83
FNA:6,525656,_ZNK3xtd11read_result9completedEv
FNF:7
FNH:7
DA:24,525685
DA:26,525685
DA:27,525685
DA:29,525685
DA:31,2632675
DA:32,2106990
DA:34,2106990
DA:35,2106990
DA:36,2106990
DA:41,525685
DA:44,1051370
DA:45,525685
DA:47,525685
DA:48,525685
DA:49,525685
DA:50,525685
DA:52,525685
DA:54,1
DA:55,1
DA:56,1
DA:57,1
DA:59,1
DA:66,525691
DA:68,525638
DA:70,525638
DA:74,1051381
DA:76,1051381
DA:80,525656
DA:82,525656
LF:29
LH:29
end_of_record
TN:
SF:/home/fernando/dev/xtd/src/pipeline/segmented_byte_view.h
FNL:0,107,119
FNA:0,2035,_ZNK3xtd19segmented_byte_view19resolve_slice_rangeEmRKNS_8positionE
FNL:1,122,131
FNA:1,68,_ZNK3xtd19segmented_byte_view19resolve_slice_rangeEmm
FNL:2,134,174
FNA:2,2162,_ZNK3xtd19segmented_byte_view19make_slice_segmentsEmm
FNL:3,176,181
FNA:3,58,_ZN3xtd19segmented_byte_view23slice_in_place_absoluteERKNS0_11slice_rangeE
FNL:4,183,189
FNA:4,2104,_ZN3xtd19segmented_byte_viewC2ERKS0_RKNS0_11slice_rangeE
FNL:5,191,197
FNA:5,525760,_ZN3xtd19segmented_byte_viewC2EOSt6vectorISt4spanIKSt4byteLm18446744073709551615EESaIS5_EEmm
FNL:6,199,205
FNA:6,1,_ZN3xtd19segmented_byte_viewC2Ev
FNL:7,20,20
FNA:7,8,_ZN3xtd8from_endC2Em
FNL:8,209,212
FNA:8,485,_ZNK3xtd19segmented_byte_view5beginEv
FNL:9,215,218
FNA:9,527764,_ZNK3xtd19segmented_byte_view3endEv
FNL:10,221,224
FNA:10,1053405,_ZNK3xtd19segmented_byte_view4sizeEv
FNL:11,227,230
FNA:11,524477,_ZNK3xtd19segmented_byte_view5emptyEv
FNL:12,233,236
FNA:12,17,_ZNK3xtd19segmented_byte_view13segment_countEv
FNL:13,239,242
FNA:13,5,_ZNK3xtd19segmented_byte_view8segmentsEv
FNL:14,245,248
FNA:14,21,_ZNK3xtd19segmented_byte_view5sliceERKNS_8positionE
FNL:15,251,254
FNA:15,17,_ZNK3xtd19segmented_byte_view5sliceERKNS_8positionES3_
FNL:16,257,260
FNA:16,2015,_ZNK3xtd19segmented_byte_view5sliceEmRKNS_8positionE
FNL:17,263,266
FNA:17,57,_ZNK3xtd19segmented_byte_view5sliceEmm
FNL:18,268,271
FNA:18,5,_ZN3xtd19segmented_byte_view14slice_in_placeERKNS_8positionE
FNL:19,273,276
FNA:19,25,_ZN3xtd19segmented_byte_view14slice_in_placeERKNS_8positionES3_
FNL:20,278,281
FNA:20,20,_ZN3xtd19segmented_byte_view14slice_in_placeEmRKNS_8positionE
FNL:21,283,286
FNA:21,11,_ZN3xtd19segmented_byte_view14slice_in_placeEmm
FNL:22,288,305
FNA:22,8,_ZNK3xtd19segmented_byte_viewixERKNS_8from_endE
FNL:23,307,316
FNA:23,9,_ZNK3xtd19segmented_byte_viewixERKNS_8positionE
FNL:24,318,335
FNA:24,19,_ZNK3xtd19segmented_byte_viewixEm
FNL:25,338,358
FNA:25,53,_ZNK3xtd19segmented_byte_view11position_ofESt4byte
FNL:26,361,364
FNA:26,28,_ZNK3xtd19segmented_byte_view11position_ofEc
FNL:27,367,393
FNA:27,2034,_ZNK3xtd19segmented_byte_view7copy_toESt4spanISt4byteLm18446744073709551615EE
FNL:28,397,403
FNA:28,6,_ZNK3xtd19segmented_byte_view7copy_toEPSt4bytem
FNL:29,40,45
FNA:29,4183,_ZN3xtd19segmented_byte_view15argument_assertEbPKc
FNL:30,407,410
FNA:30,6,_ZNK3xtd19segmented_byte_view7copy_toERSt6vectorISt4byteSaIS2_EE
FNL:31,416,424
FNA:31,1,_ZNK3xtd19segmented_byte_view7copy_toIN12_GLOBAL__N_128test_data_trivially_copyableEEEbRT_
FNA:31,2000,_ZNK3xtd19segmented_byte_view7copy_toIN18xtd_pipeline_tests28test_data_trivially_copyableEEEbRT_
FNA:31,1,_ZNK3xtd19segmented_byte_view7copy_toISt5arrayIjLm3EEEEbRT_
FNA:31,22,_ZNK3xtd19segmented_byte_view7copy_toIjEEbRT_
FNL:32,427,443
FNA:32,524412,_ZNK3xtd19segmented_byte_view9to_stringB5cxx11Ev
FNL:33,47,52
FNA:33,8676,_ZN3xtd19segmented_byte_view12range_assertEbPKc
FNL:34,55,58
FNA:34,532082,_ZNK3xtd19segmented_byte_view10end_offsetEv
FNL:35,61,65
FNA:35,2153,_ZNK3xtd19segmented_byte_view15sequence_offsetERKNS_8positionEPKc
FNL:36,67,77
FNA:36,2162,_ZNK3xtd19segmented_byte_view20validate_slice_rangeEmm
FNL:37,79,86
FNA:37,68,_ZNK3xtd19segmented_byte_view23validate_relative_sliceEmm
FNL:38,89,95
FNA:38,26,_ZNK3xtd19segmented_byte_view19resolve_slice_rangeERKNS_8positionE
FNL:39,98,104
FNA:39,42,_ZNK3xtd19segmented_byte_view19resolve_slice_rangeERKNS_8positionES3_
FNF:40
FNH:40
DA:20,8
DA:40,4183
DA:42,4183
DA:43,9
DA:45,4174
DA:47,8676
DA:49,8676
DA:50,23
DA:52,8653
DA:55,532082
DA:57,532082
DA:61,2153
DA:63,2153
DA:64,2146
DA:67,2162
DA:69,2162
DA:72,2157
DA:75,2155
DA:77,2151
DA:79,68
DA:81,68
DA:84,66
DA:86,65
DA:89,26
DA:92,26
DA:93,50
DA:94,26
DA:98,42
DA:101,42
DA:102,81
DA:103,41
DA:107,2035
DA:109,2035
DA:112,2033
DA:116,2033
DA:118,2033
DA:122,68
DA:124,68
DA:126,65
DA:129,65
DA:130,65
DA:134,2162
DA:136,2162
DA:138,2151
DA:140,2151
DA:141,102
DA:144,2049
DA:146,2049
DA:148,16219
DA:149,12149
DA:151,12149
DA:152,385
DA:153,385
DA:156,11764
DA:157,28
DA:160,11736
DA:161,11736
DA:163,11736
DA:164,11736
DA:170,11736
DA:173,2049
DA:174,0
DA:176,58
DA:178,58
DA:179,55
DA:180,55
DA:181,55
DA:183,2104
DA:184,2104
DA:185,2096
DA:186,2096
DA:187,2096
DA:189,2096
DA:191,525760
DA:192,1051520
DA:193,525760
DA:194,525760
DA:195,525760
DA:197,525760
DA:199,1
DA:200,1
DA:201,1
DA:202,1
DA:203,1
DA:205,1
DA:209,485
DA:211,485
DA:215,527764
DA:217,527764
DA:221,1053405
DA:223,1053405
DA:227,524477
DA:229,524477
DA:233,17
DA:235,17
DA:239,5
DA:241,5
DA:245,21
DA:247,21
DA:251,17
DA:253,17
DA:257,2015
DA:259,2015
DA:263,57
DA:265,57
DA:268,5
DA:270,5
DA:271,3
DA:273,25
DA:275,25
DA:276,24
DA:278,20
DA:280,20
DA:281,18
DA:283,11
DA:285,11
DA:286,10
DA:288,8
DA:290,8
DA:293,5
DA:294,9
DA:295,9
DA:297,9
DA:298,5
DA:301,4
DA:307,9
DA:309,9
DA:312,8
DA:315,5
DA:318,19
DA:320,19
DA:322,16
DA:324,47
DA:325,31
DA:327,31
DA:328,16
DA:331,15
DA:338,53
DA:340,53
DA:342,131
DA:343,57
DA:345,114
DA:346,32
DA:349,32
DA:350,32
DA:351,32
DA:354,25
DA:357,21
DA:361,28
DA:363,28
DA:367,2034
DA:369,2034
DA:371,2034
DA:372,3
DA:375,2031
DA:377,6360
DA:378,3992
DA:379,1694
DA:382,2298
DA:384,4596
DA:385,2298
DA:386,2298
DA:389,2298
DA:392,2031
DA:397,6
DA:399,6
DA:402,5
DA:407,6
DA:409,6
DA:416,2024
DA:418,2024
DA:421,2023
DA:423,4046
DA:427,524412
DA:429,524412
DA:430,17
DA:433,524395
DA:434,524395
DA:436,3146119
DA:437,4194658
DA:438,2097329
DA:442,524395
DA:443,524395
LF:183
LH:182
end_of_record
TN:
SF:/home/fernando/dev/xtd/tests/channels.cpp
FNL:0,113,229
FNA:0,1,_ZL20DOCTEST_ANON_FUNC_29v
FNL:1,119,122
FNA:1,6,_ZZL20DOCTEST_ANON_FUNC_29vEN21ChannelSemanticsProbeC2Ei
FNL:2,12,111
FNA:2,1,_ZL20DOCTEST_ANON_FUNC_27v
FNL:3,18,21
FNA:3,5,_ZZL20DOCTEST_ANON_FUNC_27vEN21ChannelSemanticsProbeC2Ei
FNL:4,231,244
FNA:4,1,_ZL20DOCTEST_ANON_FUNC_31v
FNL:5,238,240
FNA:5,1,_ZZL20DOCTEST_ANON_FUNC_31vENKUlvE_clEv
FNL:6,246,256
FNA:6,1,_ZL20DOCTEST_ANON_FUNC_33v
FNL:7,258,271
FNA:7,1,_ZL20DOCTEST_ANON_FUNC_35v
FNL:8,265,267
FNA:8,1,_ZZL20DOCTEST_ANON_FUNC_35vENKUlvE_clEv
FNL:9,273,281
FNA:9,1,_ZL20DOCTEST_ANON_FUNC_37v
FNL:10,283,297
FNA:10,1,_ZL20DOCTEST_ANON_FUNC_39v
FNL:11,299,319
FNA:11,1,_ZL20DOCTEST_ANON_FUNC_41v
FNL:12,321,336
FNA:12,1,_ZL20DOCTEST_ANON_FUNC_43v
FNL:13,338,353
FNA:13,1,_ZL20DOCTEST_ANON_FUNC_45v
FNL:14,355,386
FNA:14,1,_ZL20DOCTEST_ANON_FUNC_47v
FNL:15,364,366
FNA:15,1,_ZZL20DOCTEST_ANON_FUNC_47vENKUlvE_clEv
FNL:16,388,405
FNA:16,1,_ZL20DOCTEST_ANON_FUNC_49v
FNL:17,395,397
FNA:17,1,_ZZL20DOCTEST_ANON_FUNC_49vENKUlvE_clEv
FNL:18,407,423
FNA:18,1,_ZL20DOCTEST_ANON_FUNC_51v
FNL:19,413,415
FNA:19,1,_ZZL20DOCTEST_ANON_FUNC_51vENKUlvE_clEv
FNL:20,425,441
FNA:20,1,_ZL20DOCTEST_ANON_FUNC_53v
FNL:21,431,433
FNA:21,1,_ZZL20DOCTEST_ANON_FUNC_53vENKUlvE_clEv
FNL:22,443,463
FNA:22,1,_ZL20DOCTEST_ANON_FUNC_55v
FNL:23,449,451
FNA:23,1,_ZZL20DOCTEST_ANON_FUNC_55vENKUlvE_clEv
FNL:24,465,477
FNA:24,1,_ZL20DOCTEST_ANON_FUNC_57v
FNL:25,479,490
FNA:25,1,_ZL20DOCTEST_ANON_FUNC_59v
FNL:26,492,506
FNA:26,1,_ZL20DOCTEST_ANON_FUNC_61v
FNL:27,508,531
FNA:27,1,_ZL20DOCTEST_ANON_FUNC_63v
FNL:28,517,519
FNA:28,1,_ZZL20DOCTEST_ANON_FUNC_63vENKUlvE_clEv
FNL:29,533,549
FNA:29,1,_ZL20DOCTEST_ANON_FUNC_65v
FNL:30,539,541
FNA:30,1,_ZZL20DOCTEST_ANON_FUNC_65vENKUlvE_clEv
FNL:31,551,583
FNA:31,1,_ZL20DOCTEST_ANON_FUNC_67v
FNL:32,585,628
FNA:32,1,_ZL20DOCTEST_ANON_FUNC_69v
FNL:33,589,594
FNA:33,1,_ZZL20DOCTEST_ANON_FUNC_69vEN5probeC2EiRiS0_
FNF:34
FNH:34
DA:12,1
DA:18,5
DA:19,5
DA:21,5
DA:25,1
DA:26,1
DA:27,1
DA:29,2
DA:30,2
DA:32,1
DA:34,1
DA:35,1
DA:36,2
DA:37,2
DA:38,2
DA:39,2
DA:40,1
DA:43,1
DA:44,1
DA:45,1
DA:47,3
DA:48,2
DA:50,1
DA:52,1
DA:53,1
DA:54,2
DA:55,2
DA:56,2
DA:57,2
DA:58,1
DA:61,1
DA:62,1
DA:63,1
DA:65,2
DA:66,2
DA:68,1
DA:70,1
DA:71,1
DA:72,2
DA:73,2
DA:74,2
DA:75,2
DA:76,1
DA:79,1
DA:80,1
DA:81,1
DA:83,3
DA:84,2
DA:86,1
DA:88,1
DA:89,1
DA:90,2
DA:91,2
DA:92,2
DA:93,2
DA:94,1
DA:97,1
DA:98,1
DA:100,2
DA:102,1
DA:104,1
DA:105,1
DA:106,2
DA:107,2
DA:108,2
DA:109,2
DA:110,1
DA:111,1
DA:113,1
DA:119,6
DA:120,6
DA:122,6
DA:126,1
DA:127,1
DA:128,1
DA:130,2
DA:131,2
DA:133,1
DA:135,1
DA:136,1
DA:138,2
DA:139,2
DA:140,2
DA:141,2
DA:142,1
DA:145,1
DA:146,1
DA:147,1
DA:149,3
DA:150,2
DA:152,1
DA:154,1
DA:155,1
DA:157,2
DA:158,2
DA:159,2
DA:160,2
DA:161,1
DA:164,1
DA:165,1
DA:166,1
DA:168,1
DA:169,3
DA:170,2
DA:171,3
DA:172,2
DA:173,1
DA:176,1
DA:177,1
DA:178,1
DA:180,2
DA:181,2
DA:183,1
DA:185,1
DA:186,1
DA:188,2
DA:189,2
DA:190,2
DA:191,2
DA:192,1
DA:195,1
DA:196,1
DA:197,1
DA:199,3
DA:200,2
DA:202,1
DA:204,1
DA:205,1
DA:207,2
DA:208,2
DA:209,2
DA:210,2
DA:211,1
DA:214,1
DA:215,1
DA:217,2
DA:219,1
DA:221,1
DA:222,1
DA:224,2
DA:225,2
DA:226,2
DA:227,2
DA:228,1
DA:229,1
DA:231,1
DA:233,1
DA:234,1
DA:236,2
DA:238,1
DA:239,1
DA:240,1
DA:242,2
DA:243,2
DA:244,1
DA:246,1
DA:248,1
DA:249,1
DA:251,1
DA:253,1
DA:254,2
DA:255,2
DA:256,1
DA:258,1
DA:260,1
DA:261,1
DA:263,2
DA:265,1
DA:266,1
DA:267,1
DA:269,2
DA:270,2
DA:271,1
DA:273,1
DA:275,1
DA:276,1
DA:278,1
DA:280,2
DA:281,1
DA:283,1
DA:285,1
DA:286,1
DA:287,1
DA:289,2
DA:291,1
DA:292,2
DA:293,2
DA:295,1
DA:296,2
DA:297,1
DA:299,1
DA:301,1
DA:302,1
DA:303,1
DA:305,1
DA:306,2
DA:307,2
DA:309,1
DA:310,1
DA:311,2
DA:312,2
DA:313,2
DA:314,2
DA:316,1
DA:317,2
DA:318,2
DA:319,1
DA:321,1
DA:323,1
DA:324,1
DA:325,1
DA:327,2
DA:328,2
DA:329,2
DA:330,2
DA:332,1
DA:333,2
DA:334,2
DA:335,2
DA:336,1
DA:338,1
DA:340,1
DA:341,1
DA:342,1
DA:344,2
DA:345,2
DA:346,2
DA:347,2
DA:349,1
DA:350,2
DA:351,2
DA:352,2
DA:353,1
DA:355,1
DA:357,1
DA:358,1
DA:359,1
DA:361,2
DA:362,2
DA:364,1
DA:365,1
DA:366,1
DA:368,2
DA:369,2
DA:371,1
DA:372,2
DA:373,2
DA:375,2
DA:376,2
DA:377,2
DA:379,1
DA:380,2
DA:381,2
DA:382,2
DA:384,1
DA:385,2
DA:386,1
DA:388,1
DA:390,1
DA:391,1
DA:393,2
DA:395,1
DA:396,1
DA:397,1
DA:399,2
DA:401,1
DA:403,2
DA:404,2
DA:405,1
DA:407,1
DA:409,1
DA:410,1
DA:411,1
DA:413,1
DA:414,1
DA:415,1
DA:417,2
DA:419,1
DA:421,2
DA:422,2
DA:423,1
DA:425,1
DA:427,1
DA:428,1
DA:429,1
DA:431,1
DA:432,1
DA:433,1
DA:435,2
DA:437,1
DA:439,2
DA:440,2
DA:441,1
DA:443,1
DA:445,1
DA:446,1
DA:447,1
DA:449,1
DA:450,1
DA:451,1
DA:453,2
DA:455,2
DA:457,2
DA:458,1
DA:459,2
DA:460,2
DA:462,1
DA:463,1
DA:465,1
DA:467,1
DA:468,1
DA:469,1
DA:471,1
DA:472,1
DA:474,2
DA:475,2
DA:476,2
DA:477,1
DA:479,1
DA:481,1
DA:482,1
DA:485,1
DA:486,1
DA:489,2
DA:490,1
DA:492,1
DA:494,1
DA:495,1
DA:498,1
DA:499,1
DA:502,1
DA:503,2
DA:504,2
DA:505,2
DA:506,1
DA:508,1
DA:510,1
DA:511,1
DA:512,1
DA:514,2
DA:516,1
DA:517,2
DA:518,1
DA:519,1
DA:521,2
DA:523,1
DA:525,2
DA:526,2
DA:528,1
DA:529,2
DA:530,2
DA:531,1
DA:533,1
DA:535,1
DA:536,1
DA:538,1
DA:539,2
DA:540,1
DA:541,1
DA:543,2
DA:545,1
DA:547,2
DA:548,2
DA:549,1
DA:551,1
DA:553,1
DA:554,1
DA:555,1
DA:557,2
DA:558,2
DA:559,2
DA:561,1
DA:562,1
DA:563,2
DA:564,2
DA:565,2
DA:566,2
DA:568,2
DA:569,2
DA:570,1
DA:572,1
DA:573,1
DA:574,1
DA:575,2
DA:576,2
DA:577,2
DA:578,2
DA:579,2
DA:580,2
DA:582,2
DA:583,1
DA:585,1
DA:589,1
DA:590,1
DA:591,1
DA:593,1
DA:594,1
DA:611,1
DA:612,1
DA:614,1
DA:617,2
DA:618,2
DA:619,2
DA:624,2
DA:625,2
DA:626,2
DA:628,1
LF:407
LH:407
end_of_record
TN:
SF:/home/fernando/dev/xtd/tests/tests/fixed_buffer_pool_tests.h
FNL:0,23,59
FNA:0,1,_ZN27xtd_fixed_buffer_pool_testsL21DOCTEST_ANON_FUNC_319Ev
FNL:1,62,86
FNA:1,1,_ZN27xtd_fixed_buffer_pool_testsL21DOCTEST_ANON_FUNC_321Ev
FNL:2,89,92
FNA:2,1,_ZN27xtd_fixed_buffer_pool_testsL21DOCTEST_ANON_FUNC_323Ev
FNL:3,9,20
FNA:3,1,_ZN27xtd_fixed_buffer_pool_testsL21DOCTEST_ANON_FUNC_317Ev
FNL:4,95,123
FNA:4,1,_ZN27xtd_fixed_buffer_pool_testsL21DOCTEST_ANON_FUNC_325Ev
FNF:5
FNH:5
DA:9,1
DA:11,1
DA:12,1
DA:14,2
DA:15,2
DA:16,2
DA:17,2
DA:18,2
DA:19,2
DA:20,1
DA:23,1
DA:25,1
DA:26,1
DA:27,1
DA:37,2
DA:38,2
DA:39,2
DA:41,1
DA:42,2
DA:43,2
DA:44,2
DA:45,2
DA:47,2
DA:48,2
DA:49,2
DA:50,2
DA:52,1
DA:53,2
DA:54,2
DA:55,2
DA:56,2
DA:57,2
DA:58,2
DA:59,1
DA:62,1
DA:64,1
DA:65,1
DA:66,1
DA:73,3
DA:74,2
DA:76,1
DA:78,2
DA:79,1
DA:80,2
DA:81,2
DA:82,2
DA:83,1
DA:84,1
DA:85,2
DA:86,1
DA:89,1
DA:90,1
DA:91,2
DA:92,1
DA:95,1
DA:97,1
DA:98,2
DA:101,1
DA:102,2
DA:103,1
DA:105,2
DA:108,1
DA:109,2
DA:110,1
DA:112,2
DA:115,1
DA:116,1
DA:117,1
DA:119,2
DA:120,1
DA:122,2
DA:123,1
LF:72
LH:72
end_of_record
TN:
SF:/home/fernando/dev/xtd/tests/tests/pipeline_tests.h
FNL:0,1023,1052
FNA:0,1,_ZN18xtd_pipeline_testsL21DOCTEST_ANON_FUNC_100Ev
FNL:1,1033,1042
FNA:1,1,_ZZN18xtd_pipeline_testsL21DOCTEST_ANON_FUNC_100EvENKUlvE_clEv
FNL:2,1055,1072
FNA:2,1,_ZN18xtd_pipeline_testsL21DOCTEST_ANON_FUNC_102Ev
FNL:3,1075,1108
FNA:3,1,_ZN18xtd_pipeline_testsL21DOCTEST_ANON_FUNC_104Ev
FNL:4,1111,1142
FNA:4,1,_ZN18xtd_pipeline_testsL21DOCTEST_ANON_FUNC_106Ev
FNL:5,1145,1182
FNA:5,1,_ZN18xtd_pipeline_testsL21DOCTEST_ANON_FUNC_108Ev
FNL:6,1185,1194
FNA:6,1,_ZN18xtd_pipeline_testsL21DOCTEST_ANON_FUNC_110Ev
FNL:7,1197,1205
FNA:7,1,_ZN18xtd_pipeline_testsL21DOCTEST_ANON_FUNC_112Ev
FNL:8,1208,1216
FNA:8,1,_ZN18xtd_pipeline_testsL21DOCTEST_ANON_FUNC_114Ev
FNL:9,1219,1240
FNA:9,1,_ZN18xtd_pipeline_testsL21DOCTEST_ANON_FUNC_116Ev
FNL:10,1243,1358
FNA:10,1,_ZN18xtd_pipeline_testsL21DOCTEST_ANON_FUNC_118Ev
FNL:11,1277,1290
FNA:11,20,_ZZN18xtd_pipeline_testsL21DOCTEST_ANON_FUNC_118EvENKUliPKSt4bytemE_clEiS2_m
FNL:12,1292,1321
FNA:12,1,_ZZN18xtd_pipeline_testsL21DOCTEST_ANON_FUNC_118EvENKUlvE_clEv
FNL:13,133,159
FNA:13,1,_ZN18xtd_pipeline_testsL20DOCTEST_ANON_FUNC_31Ev
FNL:14,136,141
FNA:14,1,_ZZN18xtd_pipeline_testsL20DOCTEST_ANON_FUNC_31EvENKUlvE_clEv
FNL:15,1361,1418
FNA:15,1,_ZN18xtd_pipeline_testsL21DOCTEST_ANON_FUNC_120Ev
FNL:16,1363,1405
FNA:16,2,_ZZN18xtd_pipeline_testsL21DOCTEST_ANON_FUNC_120EvENKUlmE_clEm
FNL:17,1416,1416
FNA:17,0,_ZZN18xtd_pipeline_testsL21DOCTEST_ANON_FUNC_120EvENKUlPSoE_clES0_
FNL:18,1421,1451
FNA:18,1,_ZN18xtd_pipeline_testsL21DOCTEST_ANON_FUNC_126Ev
FNL:19,1454,1496
FNA:19,1,_ZN18xtd_pipeline_testsL21DOCTEST_ANON_FUNC_128Ev
FNL:20,1473,1476
FNA:20,1,_ZZN18xtd_pipeline_testsL21DOCTEST_ANON_FUNC_128EvENKUlvE_clEv
FNL:21,1499,1539
FNA:21,1,_ZN18xtd_pipeline_testsL21DOCTEST_ANON_FUNC_130Ev
FNL:22,1514,1517
FNA:22,1,_ZZN18xtd_pipeline_testsL21DOCTEST_ANON_FUNC_130EvENKUlvE_clEv
FNL:23,1541,1572
FNA:23,1,_ZN18xtd_pipeline_testsL21DOCTEST_ANON_FUNC_132Ev
FNL:24,1575,1604
FNA:24,1,_ZN18xtd_pipeline_testsL21DOCTEST_ANON_FUNC_134Ev
FNL:25,16,37
FNA:25,2,_ZN18xtd_pipeline_tests16readCurrentRssKbEv
FNL:26,1607,1643
FNA:26,1,_ZN18xtd_pipeline_testsL21DOCTEST_ANON_FUNC_136Ev
FNL:27,162,184
FNA:27,1,_ZN18xtd_pipeline_testsL20DOCTEST_ANON_FUNC_33Ev
FNL:28,1620,1624
FNA:28,1,_ZZN18xtd_pipeline_testsL21DOCTEST_ANON_FUNC_136EvENKUlvE_clEv
FNL:29,1646,1671
FNA:29,1,_ZN18xtd_pipeline_testsL21DOCTEST_ANON_FUNC_138Ev
FNL:30,1674,1692
FNA:30,1,_ZN18xtd_pipeline_testsL21DOCTEST_ANON_FUNC_140Ev
FNL:31,1695,1738
FNA:31,1,_ZN18xtd_pipeline_testsL21DOCTEST_ANON_FUNC_142Ev
FNL:32,1709,1713
FNA:32,1,_ZZN18xtd_pipeline_testsL21DOCTEST_ANON_FUNC_142EvENKUlvE_clEv
FNL:33,1740,1775
FNA:33,1,_ZN18xtd_pipeline_testsL21DOCTEST_ANON_FUNC_144Ev
FNL:34,1757,1759
FNA:34,1,_ZZN18xtd_pipeline_testsL21DOCTEST_ANON_FUNC_144EvENKUlvE_clEv
FNL:35,1804,1804
FNA:35,2000,_ZN18xtd_pipeline_tests28test_data_trivially_copyable13trivial_unionC2Ev
FNL:36,1863,1866
FNA:36,2000,_ZNK18xtd_pipeline_tests28test_data_trivially_copyableeqERKS0_
FNL:37,187,197
FNA:37,1,_ZN18xtd_pipeline_testsL20DOCTEST_ANON_FUNC_35Ev
FNL:38,1882,1958
FNA:38,2,_ZN18xtd_pipeline_tests28test_data_trivially_copyable4testERSi
FNL:39,1890,1923
FNA:39,2,_ZZN18xtd_pipeline_tests28test_data_trivially_copyable4testERSiENKUlvE_clEv
FNL:40,200,208
FNA:40,1,_ZN18xtd_pipeline_testsL20DOCTEST_ANON_FUNC_37Ev
FNL:41,2047,2051
FNA:41,1,_ZN18xtd_pipeline_testsL21DOCTEST_ANON_FUNC_146Ev
FNL:42,2054,2058
FNA:42,1,_ZN18xtd_pipeline_testsL21DOCTEST_ANON_FUNC_148Ev
FNL:43,211,221
FNA:43,1,_ZN18xtd_pipeline_testsL20DOCTEST_ANON_FUNC_39Ev
FNL:44,224,235
FNA:44,1,_ZN18xtd_pipeline_testsL20DOCTEST_ANON_FUNC_41Ev
FNL:45,238,246
FNA:45,1,_ZN18xtd_pipeline_testsL20DOCTEST_ANON_FUNC_43Ev
FNL:46,249,257
FNA:46,1,_ZN18xtd_pipeline_testsL20DOCTEST_ANON_FUNC_45Ev
FNL:47,260,272
FNA:47,1,_ZN18xtd_pipeline_testsL20DOCTEST_ANON_FUNC_47Ev
FNL:48,275,297
FNA:48,1,_ZN18xtd_pipeline_testsL20DOCTEST_ANON_FUNC_49Ev
FNL:49,300,310
FNA:49,1,_ZN18xtd_pipeline_testsL20DOCTEST_ANON_FUNC_51Ev
FNL:50,313,331
FNA:50,1,_ZN18xtd_pipeline_testsL20DOCTEST_ANON_FUNC_53Ev
FNL:51,334,351
FNA:51,1,_ZN18xtd_pipeline_testsL20DOCTEST_ANON_FUNC_55Ev
FNL:52,354,373
FNA:52,1,_ZN18xtd_pipeline_testsL20DOCTEST_ANON_FUNC_57Ev
FNL:53,376,395
FNA:53,1,_ZN18xtd_pipeline_testsL20DOCTEST_ANON_FUNC_59Ev
FNL:54,39,79
FNA:54,1,_ZN18xtd_pipeline_testsL20DOCTEST_ANON_FUNC_27Ev
FNL:55,397,425
FNA:55,1,_ZN18xtd_pipeline_testsL20DOCTEST_ANON_FUNC_61Ev
FNL:56,427,466
FNA:56,1,_ZN18xtd_pipeline_testsL20DOCTEST_ANON_FUNC_63Ev
FNL:57,469,500
FNA:57,1,_ZN18xtd_pipeline_testsL20DOCTEST_ANON_FUNC_65Ev
FNL:58,50,57
FNA:58,1,_ZZN18xtd_pipeline_testsL20DOCTEST_ANON_FUNC_27EvENKUlvE_clEv
FNL:59,503,523
FNA:59,1,_ZN18xtd_pipeline_testsL20DOCTEST_ANON_FUNC_67Ev
FNL:60,526,567
FNA:60,1,_ZN18xtd_pipeline_testsL20DOCTEST_ANON_FUNC_69Ev
FNL:61,543,546
FNA:61,1,_ZZN18xtd_pipeline_testsL20DOCTEST_ANON_FUNC_69EvENKUlvE_clEv
FNL:62,570,604
FNA:62,1,_ZN18xtd_pipeline_testsL20DOCTEST_ANON_FUNC_71Ev
FNL:63,585,588
FNA:63,1,_ZZN18xtd_pipeline_testsL20DOCTEST_ANON_FUNC_71EvENKUlvE_clEv
FNL:64,607,640
FNA:64,1,_ZN18xtd_pipeline_testsL20DOCTEST_ANON_FUNC_73Ev
FNL:65,643,753
FNA:65,1,_ZN18xtd_pipeline_testsL20DOCTEST_ANON_FUNC_75Ev
FNL:66,649,659
FNA:66,10,_ZZN18xtd_pipeline_testsL20DOCTEST_ANON_FUNC_75EvENK7Message9serializeERN3xtd16pipe_writer_implINS1_8pipelineEEE
FNL:67,666,701
FNA:67,12,_ZZN18xtd_pipeline_testsL20DOCTEST_ANON_FUNC_75EvEN7Message14tryDeserializeERN3xtd19segmented_byte_viewERS0_
FNL:68,703,703
FNA:68,10,_ZZN18xtd_pipeline_testsL20DOCTEST_ANON_FUNC_75EvENK7MessageeqERKS0_
FNL:69,716,723
FNA:69,1,_ZZN18xtd_pipeline_testsL20DOCTEST_ANON_FUNC_75EvENKUlvE_clEv
FNL:70,756,772
FNA:70,1,_ZN18xtd_pipeline_testsL20DOCTEST_ANON_FUNC_77Ev
FNL:71,775,798
FNA:71,1,_ZN18xtd_pipeline_testsL20DOCTEST_ANON_FUNC_79Ev
FNL:72,779,782
FNA:72,1,_ZZN18xtd_pipeline_testsL20DOCTEST_ANON_FUNC_79EvENKUlvE_clEv
FNL:73,801,812
FNA:73,1,_ZN18xtd_pipeline_testsL20DOCTEST_ANON_FUNC_81Ev
FNL:74,815,827
FNA:74,1,_ZN18xtd_pipeline_testsL20DOCTEST_ANON_FUNC_83Ev
FNL:75,82,130
FNA:75,1,_ZN18xtd_pipeline_testsL20DOCTEST_ANON_FUNC_29Ev
FNL:76,830,845
FNA:76,1,_ZN18xtd_pipeline_testsL20DOCTEST_ANON_FUNC_85Ev
FNL:77,848,864
FNA:77,1,_ZN18xtd_pipeline_testsL20DOCTEST_ANON_FUNC_87Ev
FNL:78,86,104
FNA:78,1,_ZZN18xtd_pipeline_testsL20DOCTEST_ANON_FUNC_29EvENKUlvE_clEv
FNL:79,866,935
FNA:79,1,_ZN18xtd_pipeline_testsL20DOCTEST_ANON_FUNC_89Ev
FNL:80,879,883
FNA:80,10485760,_ZZN18xtd_pipeline_testsL20DOCTEST_ANON_FUNC_89EvENKUlvE_clEv
FNL:81,926,926
FNA:81,0,_ZZN18xtd_pipeline_testsL20DOCTEST_ANON_FUNC_89EvENKUlPSoE_clES0_
FNL:82,938,945
FNA:82,1,_ZN18xtd_pipeline_testsL20DOCTEST_ANON_FUNC_94Ev
FNL:83,948,982
FNA:83,1,_ZN18xtd_pipeline_testsL20DOCTEST_ANON_FUNC_96Ev
FNL:84,959,965
FNA:84,1,_ZZN18xtd_pipeline_testsL20DOCTEST_ANON_FUNC_96EvENKUlvE_clEv
FNL:85,985,1020
FNA:85,1,_ZN18xtd_pipeline_testsL20DOCTEST_ANON_FUNC_98Ev
FNL:86,995,1001
FNA:86,1,_ZZN18xtd_pipeline_testsL20DOCTEST_ANON_FUNC_98EvENKUlvE_clEv
FNF:87
FNH:85
DA:16,2
DA:18,2
DA:19,2
DA:20,0
DA:22,2
DA:23,46
DA:25,46
DA:27,2
DA:28,2
DA:29,2
DA:32,44
DA:33,44
DA:34,44
DA:36,0
DA:37,2
DA:39,1
DA:41,1
DA:43,0
DA:46,2
DA:48,1
DA:50,0
DA:52,1
DA:53,4
DA:54,3
DA:56,1
DA:57,2
DA:59,1
DA:60,1
DA:61,1
DA:63,1
DA:65,4
DA:68,3
DA:69,3
DA:70,3
DA:72,1
DA:74,1
DA:75,2
DA:77,1
DA:78,2
DA:79,1
DA:82,1
DA:84,1
DA:86,0
DA:89,1
DA:90,1
DA:91,2
DA:92,1
DA:93,2
DA:94,1
DA:95,2
DA:96,1
DA:97,2
DA:98,1
DA:99,2
DA:100,1
DA:101,2
DA:102,1
DA:103,1
DA:104,2
DA:107,1
DA:108,1
DA:109,1
DA:110,7
DA:112,7
DA:113,7
DA:115,8
DA:118,1
DA:119,1
DA:120,1
DA:122,7
DA:124,7
DA:125,14
DA:127,1
DA:128,2
DA:129,2
DA:130,1
DA:133,1
DA:135,1
DA:136,0
DA:138,1
DA:139,2
DA:140,1
DA:141,2
DA:143,1
DA:144,1
DA:145,1
DA:147,1
DA:149,1
DA:151,1
DA:152,1
DA:153,1
DA:155,2
DA:157,1
DA:158,2
DA:159,1
DA:162,1
DA:166,1
DA:168,1
DA:171,1
DA:172,2
DA:173,1
DA:176,1
DA:177,1
DA:178,1
DA:179,2
DA:180,2
DA:181,2
DA:182,2
DA:183,1
DA:184,1
DA:187,1
DA:189,1
DA:197,1
DA:200,1
DA:202,1
DA:208,1
DA:211,1
DA:213,1
DA:214,1
DA:216,2
DA:218,1
DA:219,2
DA:220,1
DA:221,1
DA:224,1
DA:226,1
DA:227,1
DA:229,1
DA:231,2
DA:235,1
DA:238,1
DA:240,1
DA:241,1
DA:243,1
DA:244,1
DA:245,2
DA:246,1
DA:249,1
DA:251,1
DA:252,1
DA:254,1
DA:255,1
DA:256,2
DA:257,1
DA:260,1
DA:262,1
DA:263,1
DA:264,1
DA:266,1
DA:268,2
DA:272,1
DA:275,1
DA:277,1
DA:279,1
DA:281,1
DA:282,2
DA:283,1
DA:286,1
DA:287,1
DA:288,1
DA:289,2
DA:291,1
DA:292,2
DA:293,2
DA:295,1
DA:296,1
DA:297,1
DA:300,1
DA:302,1
DA:303,1
DA:304,1
DA:306,1
DA:310,1
DA:313,1
DA:315,1
DA:316,1
DA:317,1
DA:319,1
DA:321,1
DA:322,1
DA:323,2
DA:325,2
DA:330,1
DA:331,1
DA:334,1
DA:336,1
DA:337,1
DA:338,1
DA:340,2
DA:341,1
DA:343,1
DA:344,1
DA:346,2
DA:347,2
DA:348,2
DA:350,1
DA:351,1
DA:354,1
DA:356,1
DA:357,1
DA:358,2
DA:359,1
DA:361,1
DA:362,1
DA:363,1
DA:364,1
DA:365,1
DA:367,1
DA:372,1
DA:373,1
DA:376,1
DA:378,1
DA:379,1
DA:380,1
DA:382,2
DA:383,1
DA:385,1
DA:386,1
DA:388,1
DA:393,1
DA:394,1
DA:395,1
DA:397,1
DA:399,1
DA:401,1
DA:402,2
DA:403,1
DA:406,1
DA:408,1
DA:409,2
DA:410,1
DA:413,1
DA:414,1
DA:415,1
DA:416,1
DA:418,1
DA:423,1
DA:424,1
DA:425,1
DA:427,1
DA:431,1
DA:433,1
DA:434,1
DA:436,1
DA:438,1
DA:440,1
DA:441,2
DA:443,1
DA:446,1
DA:447,1
DA:449,1
DA:450,1
DA:453,1
DA:454,1
DA:455,2
DA:459,1
DA:464,1
DA:465,1
DA:466,1
DA:469,1
DA:471,1
DA:472,1
DA:473,1
DA:475,1
DA:478,1
DA:479,1
DA:481,1
DA:482,2
DA:484,1
DA:485,1
DA:486,1
DA:488,1
DA:489,1
DA:492,1
DA:493,1
DA:495,1
DA:496,2
DA:498,1
DA:499,1
DA:500,1
DA:503,1
DA:505,1
DA:506,1
DA:507,1
DA:509,1
DA:511,1
DA:512,1
DA:513,2
DA:514,1
DA:515,1
DA:518,1
DA:519,1
DA:520,2
DA:521,1
DA:522,1
DA:523,1
DA:526,1
DA:530,1
DA:531,1
DA:532,1
DA:534,1
DA:536,1
DA:537,1
DA:538,2
DA:541,1
DA:543,1
DA:545,2
DA:546,1
DA:548,2
DA:550,1
DA:552,2
DA:553,1
DA:554,1
DA:555,2
DA:557,1
DA:558,1
DA:560,1
DA:561,1
DA:562,2
DA:563,2
DA:565,1
DA:566,1
DA:567,1
DA:570,1
DA:572,1
DA:573,1
DA:574,1
DA:576,1
DA:577,1
DA:578,1
DA:579,2
DA:581,1
DA:583,1
DA:585,1
DA:587,2
DA:588,1
DA:590,2
DA:592,1
DA:593,1
DA:594,2
DA:596,1
DA:597,1
DA:599,1
DA:600,1
DA:601,2
DA:602,2
DA:603,1
DA:604,1
DA:607,1
DA:615,2
DA:619,1
DA:621,1
DA:622,1
DA:623,1
DA:625,1
DA:626,1
DA:627,1
DA:630,1
DA:631,1
DA:633,2
DA:634,2
DA:635,2
DA:636,2
DA:637,2
DA:639,1
DA:640,1
DA:643,1
DA:646,10
DA:647,10
DA:649,10
DA:650,10
DA:653,10
DA:656,10
DA:657,10
DA:658,10
DA:666,12
DA:668,12
DA:671,12
DA:672,2
DA:675,10
DA:676,10
DA:679,10
DA:680,0
DA:684,10
DA:687,10
DA:688,0
DA:692,20
DA:695,20
DA:696,10
DA:699,10
DA:700,10
DA:703,10
DA:708,1
DA:709,1
DA:710,1
DA:712,11
DA:713,12
DA:716,0
DA:718,1
DA:719,22
DA:720,20
DA:722,1
DA:723,2
DA:725,1
DA:726,1
DA:727,1
DA:729,1
DA:730,2
DA:732,2
DA:733,2
DA:734,12
DA:735,10
DA:738,2
DA:739,1
DA:744,2
DA:745,2
DA:746,5
DA:748,1
DA:750,2
DA:751,2
DA:752,2
DA:753,1
DA:756,1
DA:758,1
DA:759,1
DA:760,1
DA:761,1
DA:763,1
DA:764,1
DA:765,1
DA:767,2
DA:768,2
DA:770,1
DA:771,1
DA:772,1
DA:775,1
DA:777,1
DA:779,1
DA:781,1
DA:782,1
DA:784,2
DA:786,1
DA:788,2
DA:790,1
DA:791,1
DA:792,2
DA:793,2
DA:795,1
DA:796,1
DA:797,1
DA:798,1
DA:801,1
DA:803,1
DA:804,1
DA:806,1
DA:808,2
DA:812,1
DA:815,1
DA:817,1
DA:818,1
DA:820,1
DA:821,1
DA:823,2
DA:827,1
DA:830,1
DA:832,1
DA:833,1
DA:834,1
DA:836,1
DA:837,1
DA:838,1
DA:840,2
DA:841,2
DA:845,1
DA:848,1
DA:850,1
DA:851,1
DA:852,1
DA:854,1
DA:855,1
DA:856,1
DA:858,1
DA:860,1
DA:864,1
DA:866,1
DA:868,1
DA:870,1
DA:872,1
DA:873,1
DA:874,2
DA:878,1
DA:879,10485760
DA:881,10485760
DA:882,10485760
DA:883,1
DA:885,1
DA:887,161
DA:889,320
DA:891,10485920
DA:893,10485760
DA:896,320
DA:897,160
DA:900,2
DA:901,2
DA:902,1
DA:904,1
DA:905,1
DA:907,1
DA:908,1
DA:909,1
DA:911,958
DA:913,958
DA:915,958
DA:916,958
DA:918,958
DA:919,1916
DA:921,1
DA:922,1
DA:924,1
DA:926,1
DA:932,2
DA:934,1
DA:935,1
DA:938,1
DA:940,1
DA:941,3
DA:945,1
DA:948,1
DA:956,1
DA:959,0
DA:961,1
DA:962,1
DA:963,1
DA:964,0
DA:965,1
DA:967,1
DA:968,1
DA:969,2
DA:972,1
DA:973,1
DA:975,2
DA:978,1
DA:980,2
DA:981,1
DA:982,1
DA:985,1
DA:993,1
DA:995,0
DA:997,1
DA:998,1
DA:999,1
DA:1000,1
DA:1001,2
DA:1003,1
DA:1004,1
DA:1005,2
DA:1007,2
DA:1009,1
DA:1011,2
DA:1012,1
DA:1014,1
DA:1015,2
DA:1016,2
DA:1018,1
DA:1019,1
DA:1020,1
DA:1023,1
DA:1031,1
DA:1033,0
DA:1035,1
DA:1036,1
DA:1038,2
DA:1042,2
DA:1044,1
DA:1045,1
DA:1046,2
DA:1048,1
DA:1050,2
DA:1051,1
DA:1052,1
DA:1055,1
DA:1057,1
DA:1058,1
DA:1059,1
DA:1061,1
DA:1062,1
DA:1063,1
DA:1065,1
DA:1066,1
DA:1067,2
DA:1068,2
DA:1070,1
DA:1071,1
DA:1072,1
DA:1075,1
DA:1080,1
DA:1081,1
DA:1082,1
DA:1084,1
DA:1086,1
DA:1087,1
DA:1088,2
DA:1089,2
DA:1092,1
DA:1095,1
DA:1096,1
DA:1098,1
DA:1101,1
DA:1102,1
DA:1104,2
DA:1105,2
DA:1106,1
DA:1107,1
DA:1108,1
DA:1111,1
DA:1116,1
DA:1117,1
DA:1118,1
DA:1120,1
DA:1123,1
DA:1124,1
DA:1125,2
DA:1126,2
DA:1128,1
DA:1130,1
DA:1131,1
DA:1133,1
DA:1136,1
DA:1137,1
DA:1138,2
DA:1139,2
DA:1140,1
DA:1141,1
DA:1142,1
DA:1145,1
DA:1149,1
DA:1151,1
DA:1152,1
DA:1154,1
DA:1155,1
DA:1158,1
DA:1159,1
DA:1161,2
DA:1162,2
DA:1163,2
DA:1164,1
DA:1165,1
DA:1168,1
DA:1169,1
DA:1170,2
DA:1171,2
DA:1172,2
DA:1173,1
DA:1174,1
DA:1177,1
DA:1178,2
DA:1179,2
DA:1180,1
DA:1181,1
DA:1182,1
DA:1185,1
DA:1187,1
DA:1188,1
DA:1190,3
DA:1194,1
DA:1197,1
DA:1199,1
DA:1201,1
DA:1205,1
DA:1208,1
DA:1210,1
DA:1212,1
DA:1216,1
DA:1219,1
DA:1221,1
DA:1222,2
DA:1224,1
DA:1225,1
DA:1226,1
DA:1228,1
DA:1229,1
DA:1231,2
DA:1232,2
DA:1234,1
DA:1235,1
DA:1237,1
DA:1238,1
DA:1239,1
DA:1240,1
DA:1243,1
DA:1245,1
DA:1257,23
DA:1259,1
DA:1260,2
DA:1262,1
DA:1263,1
DA:1264,1
DA:1265,1
DA:1267,2
DA:1268,2
DA:1270,1
DA:1271,1
DA:1272,2
DA:1274,1
DA:1275,2
DA:1277,20
DA:1279,20
DA:1280,40
DA:1282,20
DA:1283,20
DA:1284,0
DA:1286,20
DA:1289,20
DA:1292,2
DA:1294,1
DA:1295,1
DA:1296,0
DA:1298,1
DA:1299,1
DA:1300,1
DA:1301,1
DA:1303,1
DA:1305,0
DA:1306,0
DA:1309,12
DA:1311,10
DA:1312,10
DA:1313,0
DA:1315,10
DA:1316,0
DA:1319,1
DA:1320,1
DA:1321,1
DA:1323,1
DA:1324,2
DA:1326,1
DA:1329,1
DA:1330,1
DA:1332,1
DA:1333,5
DA:1335,5
DA:1337,15
DA:1339,10
DA:1340,10
DA:1341,10
DA:1343,5
DA:1345,5
DA:1346,10
DA:1348,1
DA:1349,1
DA:1350,1
DA:1352,1
DA:1353,1
DA:1354,1
DA:1356,2
DA:1357,2
DA:1358,1
DA:1361,1
DA:1363,2
DA:1365,2
DA:1366,2
DA:1367,2
DA:1369,2
DA:1371,282
DA:1377,280
DA:1379,280
DA:1380,280
DA:1382,7000
DA:1384,6720
DA:1386,280
DA:1388,280
DA:1389,280
DA:1391,280
DA:1392,280
DA:1393,280
DA:1395,280
DA:1396,280
DA:1397,560
DA:1399,280
DA:1401,0
DA:1403,280
DA:1404,280
DA:1405,2
DA:1408,1
DA:1409,1
DA:1411,1
DA:1412,1
DA:1414,1
DA:1416,1
DA:1417,2
DA:1418,1
DA:1421,1
DA:1423,1
DA:1425,1
DA:1426,1
DA:1427,1
DA:1428,3
DA:1430,1
DA:1431,1
DA:1432,524289
DA:1433,524289
DA:1434,524289
DA:1435,524289
DA:1436,524287
DA:1439,2
DA:1441,524289
DA:1442,524289
DA:1443,1048578
DA:1444,1
DA:1446,1
DA:1447,1
DA:1448,1
DA:1450,2
DA:1451,1
DA:1454,1
DA:1462,1
DA:1464,1
DA:1465,1
DA:1467,1
DA:1469,1
DA:1470,1
DA:1471,2
DA:1473,1
DA:1475,1
DA:1476,2
DA:1480,2
DA:1482,1
DA:1484,2
DA:1485,1
DA:1487,1
DA:1489,1
DA:1490,1
DA:1491,2
DA:1492,2
DA:1494,1
DA:1495,1
DA:1496,1
DA:1499,1
DA:1507,1
DA:1509,1
DA:1510,1
DA:1512,2
DA:1514,0
DA:1516,1
DA:1517,1
DA:1519,1
DA:1520,1
DA:1521,2
DA:1523,2
DA:1525,1
DA:1527,2
DA:1528,2
DA:1530,1
DA:1532,1
DA:1533,1
DA:1534,2
DA:1535,2
DA:1537,1
DA:1538,1
DA:1539,1
DA:1541,1
DA:1542,1
DA:1543,1
DA:1544,1
DA:1546,2
DA:1547,1
DA:1549,1
DA:1551,1
DA:1553,1
DA:1555,3
DA:1557,2
DA:1558,2
DA:1559,2
DA:1561,2
DA:1562,2
DA:1563,2
DA:1565,1
DA:1566,1
DA:1567,2
DA:1569,2
DA:1570,2
DA:1571,2
DA:1572,1
DA:1575,1
DA:1577,1
DA:1578,1
DA:1579,1
DA:1581,2
DA:1582,1
DA:1584,1
DA:1586,1
DA:1588,1
DA:1590,4
DA:1592,3
DA:1593,3
DA:1594,3
DA:1596,1
DA:1597,1
DA:1598,2
DA:1600,2
DA:1601,2
DA:1602,2
DA:1603,2
DA:1604,1
DA:1607,1
DA:1615,1
DA:1617,1
DA:1618,1
DA:1620,1
DA:1621,2
DA:1622,2
DA:1623,1
DA:1624,2
DA:1626,1
DA:1627,1
DA:1628,2
DA:1631,1
DA:1633,2
DA:1634,1
DA:1636,1
DA:1637,1
DA:1638,2
DA:1639,2
DA:1641,1
DA:1642,1
DA:1643,1
DA:1646,1
DA:1648,1
DA:1649,1
DA:1650,1
DA:1652,2
DA:1655,1
DA:1656,1
DA:1658,1
DA:1659,1
DA:1660,1
DA:1662,1
DA:1664,1
DA:1665,1
DA:1666,2
DA:1667,2
DA:1669,1
DA:1670,1
DA:1671,1
DA:1674,1
DA:1676,1
DA:1677,1
DA:1678,1
DA:1680,2
DA:1682,1
DA:1683,1
DA:1684,2
DA:1687,1
DA:1689,1
DA:1690,2
DA:1691,2
DA:1692,1
DA:1695,1
DA:1703,1
DA:1705,1
DA:1706,1
DA:1707,1
DA:1709,0
DA:1710,1
DA:1711,1
DA:1712,1
DA:1713,1
DA:1715,1
DA:1716,1
DA:1718,2
DA:1719,2
DA:1720,2
DA:1722,1
DA:1724,1
DA:1725,7
DA:1727,7
DA:1728,7
DA:1729,7
DA:1731,7
DA:1732,14
DA:1734,2
DA:1735,2
DA:1736,2
DA:1737,1
DA:1738,1
DA:1740,1
DA:1748,1
DA:1750,1
DA:1751,1
DA:1755,1
DA:1757,0
DA:1758,1
DA:1759,1
DA:1761,1
DA:1762,1
DA:1764,2
DA:1765,2
DA:1768,2
DA:1771,1
DA:1773,2
DA:1774,1
DA:1775,1
DA:1804,2000
DA:1863,2000
DA:1865,2000
DA:1882,2
DA:1884,2
DA:1885,2
DA:1887,2
DA:1890,0
DA:1891,2
DA:1892,2
DA:1893,2
DA:1894,2002
DA:1897,2000
DA:1900,2000
DA:1901,0
DA:1902,0
DA:1908,2000
DA:1911,2000
DA:1914,2000
DA:1917,4000
DA:1918,2000
DA:1921,2
DA:1922,2
DA:1923,2
DA:1926,2
DA:1927,2
DA:1928,2
DA:1929,85
DA:1931,85
DA:1935,2085
DA:1937,4000
DA:1938,4000
DA:1939,4000
DA:1940,2000
DA:1943,2000
DA:1946,85
DA:1948,85
DA:1949,2
DA:1951,170
DA:1953,2
DA:1954,2
DA:1956,4
DA:1957,4
DA:1958,2
DA:2047,1
DA:2048,1
DA:2049,2
DA:2050,1
DA:2051,1
DA:2054,1
DA:2055,1
DA:2056,2
DA:2057,1
DA:2058,1
LF:1056
LH:1030
end_of_record
TN:
SF:/home/fernando/dev/xtd/tests/tests/position_tests.h
FNL:0,114,127
FNA:0,1,_ZL21DOCTEST_ANON_FUNC_345v
FNL:1,129,137
FNA:1,1,_ZL21DOCTEST_ANON_FUNC_347v
FNL:2,13,18
FNA:2,1,_ZL21DOCTEST_ANON_FUNC_329v
FNL:3,139,147
FNA:3,1,_ZL21DOCTEST_ANON_FUNC_349v
FNL:4,149,164
FNA:4,1,_ZL21DOCTEST_ANON_FUNC_351v
FNL:5,166,181
FNA:5,1,_ZL21DOCTEST_ANON_FUNC_353v
FNL:6,183,193
FNA:6,1,_ZL21DOCTEST_ANON_FUNC_355v
FNL:7,20,31
FNA:7,1,_ZL21DOCTEST_ANON_FUNC_331v
FNL:8,33,39
FNA:8,1,_ZL21DOCTEST_ANON_FUNC_333v
FNL:9,41,58
FNA:9,1,_ZL21DOCTEST_ANON_FUNC_335v
FNL:10,60,66
FNA:10,1,_ZL21DOCTEST_ANON_FUNC_337v
FNL:11,68,83
FNA:11,1,_ZL21DOCTEST_ANON_FUNC_339v
FNL:12,7,11
FNA:12,1,_ZL21DOCTEST_ANON_FUNC_327v
FNL:13,85,97
FNA:13,1,_ZL21DOCTEST_ANON_FUNC_341v
FNL:14,99,112
FNA:14,1,_ZL21DOCTEST_ANON_FUNC_343v
FNF:15
FNH:15
DA:7,1
DA:9,1
DA:10,2
DA:11,1
DA:13,1
DA:15,1
DA:16,2
DA:17,2
DA:18,1
DA:20,1
DA:22,1
DA:24,1
DA:25,2
DA:26,2
DA:28,1
DA:29,2
DA:30,2
DA:31,1
DA:33,1
DA:35,1
DA:36,2
DA:37,1
DA:38,2
DA:39,1
DA:41,1
DA:43,1
DA:45,1
DA:46,2
DA:47,2
DA:49,1
DA:50,2
DA:51,2
DA:53,1
DA:54,2
DA:56,1
DA:57,2
DA:58,1
DA:60,1
DA:62,1
DA:63,1
DA:64,2
DA:65,2
DA:66,1
DA:68,1
DA:70,1
DA:71,1
DA:72,1
DA:73,1
DA:75,2
DA:76,2
DA:78,2
DA:79,2
DA:81,2
DA:82,2
DA:83,1
DA:85,1
DA:87,1
DA:88,1
DA:89,1
DA:90,1
DA:92,2
DA:93,2
DA:94,2
DA:95,2
DA:96,2
DA:97,1
DA:99,1
DA:101,1
DA:103,1
DA:104,2
DA:105,2
DA:107,1
DA:108,1
DA:110,2
DA:111,2
DA:112,1
DA:114,1
DA:116,1
DA:117,1
DA:119,1
DA:120,2
DA:122,1
DA:123,2
DA:126,2
DA:127,1
DA:129,1
DA:131,1
DA:133,1
DA:135,2
DA:136,2
DA:137,1
DA:139,1
DA:141,1
DA:143,1
DA:145,2
DA:146,2
DA:147,1
DA:149,1
DA:151,1
DA:153,1
DA:155,2
DA:156,2
DA:157,2
DA:159,1
DA:161,2
DA:162,2
DA:163,2
DA:164,1
DA:166,1
DA:168,1
DA:170,1
DA:172,2
DA:173,2
DA:174,2
DA:176,1
DA:178,2
DA:179,2
DA:180,2
DA:181,1
DA:183,1
DA:185,1
DA:186,1
DA:188,2
DA:189,2
DA:191,2
DA:192,2
DA:193,1
LF:127
LH:127
end_of_record
TN:
SF:/home/fernando/dev/xtd/tests/tests/segmented_byte_view_tests.h
FNL:0,10,29
FNA:0,75,_ZN3xtd31test_helper_segmented_byte_view20create_from_segmentsEOSt6vectorISt4spanIKSt4byteLm18446744073709551615EESaIS5_EEm
FNL:1,109,150
FNA:1,1,_ZL21DOCTEST_ANON_FUNC_150v
FNL:2,152,165
FNA:2,1,_ZL21DOCTEST_ANON_FUNC_152v
FNL:3,159,159
FNA:3,0,_ZZL21DOCTEST_ANON_FUNC_152vENKUlPSoE_clES_
FNL:4,160,160
FNA:4,0,_ZZL21DOCTEST_ANON_FUNC_152vENKUlPSoE0_clES_
FNL:5,161,161
FNA:5,0,_ZZL21DOCTEST_ANON_FUNC_152vENKUlPSoE1_clES_
FNL:6,167,182
FNA:6,1,_ZL21DOCTEST_ANON_FUNC_163v
FNL:7,184,199
FNA:7,1,_ZL21DOCTEST_ANON_FUNC_165v
FNL:8,201,214
FNA:8,1,_ZL21DOCTEST_ANON_FUNC_167v
FNL:9,216,221
FNA:9,1,_ZL21DOCTEST_ANON_FUNC_169v
FNL:10,223,237
FNA:10,1,_ZL21DOCTEST_ANON_FUNC_171v
FNL:11,230,230
FNA:11,0,_ZZL21DOCTEST_ANON_FUNC_171vENKUlPSoE_clES_
FNL:12,231,231
FNA:12,0,_ZZL21DOCTEST_ANON_FUNC_171vENKUlPSoE0_clES_
FNL:13,232,232
FNA:13,0,_ZZL21DOCTEST_ANON_FUNC_171vENKUlPSoE1_clES_
FNL:14,239,244
FNA:14,1,_ZL21DOCTEST_ANON_FUNC_182v
FNL:15,246,251
FNA:15,1,_ZL21DOCTEST_ANON_FUNC_184v
FNL:16,253,268
FNA:16,1,_ZL21DOCTEST_ANON_FUNC_186v
FNL:17,260,260
FNA:17,0,_ZZL21DOCTEST_ANON_FUNC_186vENKUlPSoE_clES_
FNL:18,261,261
FNA:18,0,_ZZL21DOCTEST_ANON_FUNC_186vENKUlPSoE0_clES_
FNL:19,262,262
FNA:19,0,_ZZL21DOCTEST_ANON_FUNC_186vENKUlPSoE1_clES_
FNL:20,270,278
FNA:20,1,_ZL21DOCTEST_ANON_FUNC_197v
FNL:21,280,292
FNA:21,1,_ZL21DOCTEST_ANON_FUNC_199v
FNL:22,294,313
FNA:22,1,_ZL21DOCTEST_ANON_FUNC_201v
FNL:23,307,307
FNA:23,0,_ZZL21DOCTEST_ANON_FUNC_201vENKUlPSoE_clES_
FNL:24,308,308
FNA:24,0,_ZZL21DOCTEST_ANON_FUNC_201vENKUlPSoE0_clES_
FNL:25,31,42
FNA:25,73,_ZN3xtd31test_helper_segmented_byte_view20create_from_segmentsERKSt6vectorISt17basic_string_viewIcSt11char_traitsIcEESaIS5_EEm
FNL:26,315,320
FNA:26,1,_ZL21DOCTEST_ANON_FUNC_209v
FNL:27,322,327
FNA:27,1,_ZL21DOCTEST_ANON_FUNC_211v
FNL:28,329,359
FNA:28,1,_ZL21DOCTEST_ANON_FUNC_213v
FNL:29,347,347
FNA:29,0,_ZZL21DOCTEST_ANON_FUNC_213vENKUlPSoE_clES_
FNL:30,348,348
FNA:30,0,_ZZL21DOCTEST_ANON_FUNC_213vENKUlPSoE0_clES_
FNL:31,361,390
FNA:31,1,_ZL21DOCTEST_ANON_FUNC_221v
FNL:32,379,379
FNA:32,0,_ZZL21DOCTEST_ANON_FUNC_221vENKUlPSoE_clES_
FNL:33,392,427
FNA:33,1,_ZL21DOCTEST_ANON_FUNC_226v
FNL:34,404,404
FNA:34,0,_ZZL21DOCTEST_ANON_FUNC_226vENKUlPSoE_clES_
FNL:35,411,411
FNA:35,15,_ZZL21DOCTEST_ANON_FUNC_226vENKUlSt4bytecE_clES_c
FNL:36,419,419
FNA:36,3,_ZZL21DOCTEST_ANON_FUNC_226vENKUlSt4byteE_clES_
FNL:37,429,462
FNA:37,1,_ZL21DOCTEST_ANON_FUNC_231v
FNL:38,44,49
FNA:38,68,_ZN3xtd31test_helper_segmented_byte_view20create_from_segmentsESt16initializer_listISt17basic_string_viewIcSt11char_traitsIcEEEm
FNL:39,441,441
FNA:39,0,_ZZL21DOCTEST_ANON_FUNC_231vENKUlPSoE_clES_
FNL:40,448,448
FNA:40,15,_ZZL21DOCTEST_ANON_FUNC_231vENKUlSt4bytecE_clES_c
FNL:41,456,456
FNA:41,3,_ZZL21DOCTEST_ANON_FUNC_231vENKUlSt4byteE_clES_
FNL:42,464,479
FNA:42,1,_ZL21DOCTEST_ANON_FUNC_236v
FNL:43,481,515
FNA:43,1,_ZL21DOCTEST_ANON_FUNC_238v
FNL:44,51,53
FNA:44,44,_ZN3xtd31test_helper_segmented_byte_view23get_first_segment_beginERKNS_19segmented_byte_viewE
FNL:45,517,526
FNA:45,1,_ZL21DOCTEST_ANON_FUNC_240v
FNL:46,528,542
FNA:46,1,_ZL21DOCTEST_ANON_FUNC_242v
FNL:47,530,530
FNA:47,0,_ZZL21DOCTEST_ANON_FUNC_242vENKUlPSoE_clES_
FNL:48,531,531
FNA:48,0,_ZZL21DOCTEST_ANON_FUNC_242vENKUlPSoE0_clES_
FNL:49,532,532
FNA:49,0,_ZZL21DOCTEST_ANON_FUNC_242vENKUlPSoE1_clES_
FNL:50,544,559
FNA:50,1,_ZL21DOCTEST_ANON_FUNC_253v
FNL:51,546,546
FNA:51,0,_ZZL21DOCTEST_ANON_FUNC_253vENKUlPSoE_clES_
FNL:52,547,547
FNA:52,0,_ZZL21DOCTEST_ANON_FUNC_253vENKUlPSoE0_clES_
FNL:53,548,548
FNA:53,0,_ZZL21DOCTEST_ANON_FUNC_253vENKUlPSoE1_clES_
FNL:54,55,57
FNA:54,63,_ZN3xtd31test_helper_segmented_byte_view15get_sequence_idERKNS_19segmented_byte_viewE
FNL:55,561,577
FNA:55,1,_ZL21DOCTEST_ANON_FUNC_264v
FNL:56,563,563
FNA:56,0,_ZZL21DOCTEST_ANON_FUNC_264vENKUlPSoE_clES_
FNL:57,564,564
FNA:57,0,_ZZL21DOCTEST_ANON_FUNC_264vENKUlPSoE0_clES_
FNL:58,565,565
FNA:58,0,_ZZL21DOCTEST_ANON_FUNC_264vENKUlPSoE1_clES_
FNL:59,579,599
FNA:59,1,_ZL21DOCTEST_ANON_FUNC_275v
FNL:60,587,587
FNA:60,0,_ZZL21DOCTEST_ANON_FUNC_275vENKUlPSoE_clES_
FNL:61,588,588
FNA:61,0,_ZZL21DOCTEST_ANON_FUNC_275vENKUlPSoE0_clES_
FNL:62,601,621
FNA:62,1,_ZL21DOCTEST_ANON_FUNC_283v
FNL:63,623,643
FNA:63,1,_ZL21DOCTEST_ANON_FUNC_285v
FNL:64,645,672
FNA:64,1,_ZL21DOCTEST_ANON_FUNC_287v
FNL:65,674,692
FNA:65,1,_ZL21DOCTEST_ANON_FUNC_289v
FNL:66,682,682
FNA:66,0,_ZZL21DOCTEST_ANON_FUNC_289vENKUlPSoE_clES_
FNL:67,694,708
FNA:67,1,_ZL21DOCTEST_ANON_FUNC_294v
FNL:68,703,703
FNA:68,0,_ZZL21DOCTEST_ANON_FUNC_294vENKUlPSoE_clES_
FNL:69,710,726
FNA:69,1,_ZL21DOCTEST_ANON_FUNC_299v
FNL:70,728,747
FNA:70,1,_ZL21DOCTEST_ANON_FUNC_301v
FNL:71,749,761
FNA:71,1,_ZL21DOCTEST_ANON_FUNC_303v
FNL:72,763,781
FNA:72,1,_ZL21DOCTEST_ANON_FUNC_305v
FNL:73,783,791
FNA:73,1,_ZL21DOCTEST_ANON_FUNC_307v
FNL:74,79,86
FNA:74,54,_ZN12_GLOBAL__N_1L18check_slice_resultERKN3xtd19segmented_byte_viewERKNS_10slice_caseEm
FNL:75,793,805
FNA:75,1,_ZL21DOCTEST_ANON_FUNC_309v
FNL:76,807,827
FNA:76,1,_ZL21DOCTEST_ANON_FUNC_311v
FNL:77,819,819
FNA:77,7,_ZZL21DOCTEST_ANON_FUNC_311vENKUlSt4bytecE_clES_c
FNL:78,829,846
FNA:78,1,_ZL21DOCTEST_ANON_FUNC_313v
FNL:79,848,901
FNA:79,1,_ZL21DOCTEST_ANON_FUNC_315v
FNF:80
FNH:51
DA:10,75
DA:11,75
DA:12,75
DA:14,75
DA:15,329
DA:16,179
DA:17,4
DA:20,175
DA:21,175
DA:25,75
DA:28,150
DA:29,75
DA:31,73
DA:32,73
DA:33,73
DA:35,320
DA:36,174
DA:37,174
DA:41,146
DA:42,73
DA:44,68
DA:46,272
DA:48,136
DA:51,44
DA:52,44
DA:55,63
DA:56,63
DA:79,54
DA:80,108
DA:81,108
DA:82,108
DA:83,54
DA:84,80
DA:86,54
DA:109,1
DA:119,0
DA:123,2
DA:125,6
DA:127,5
DA:129,5
DA:131,10
DA:132,10
DA:133,10
DA:134,10
DA:135,10
DA:137,5
DA:138,10
DA:140,5
DA:141,18
DA:142,8
DA:143,2
DA:146,12
DA:147,6
DA:149,5
DA:150,1
DA:152,1
DA:153,4
DA:156,1
DA:158,9
DA:159,8
DA:160,8
DA:161,8
DA:163,8
DA:164,8
DA:165,1
DA:167,1
DA:168,4
DA:171,1
DA:173,1
DA:174,1
DA:176,2
DA:177,2
DA:178,2
DA:179,2
DA:180,2
DA:181,2
DA:182,1
DA:184,1
DA:185,4
DA:188,1
DA:190,1
DA:191,1
DA:193,2
DA:194,2
DA:195,2
DA:196,2
DA:197,2
DA:198,2
DA:199,1
DA:201,1
DA:202,4
DA:205,1
DA:207,1
DA:209,2
DA:210,2
DA:211,2
DA:212,2
DA:213,2
DA:214,1
DA:216,1
DA:217,2
DA:219,1
DA:220,1
DA:221,1
DA:223,1
DA:224,4
DA:227,1
DA:229,9
DA:230,8
DA:231,8
DA:232,8
DA:234,8
DA:235,8
DA:236,8
DA:237,1
DA:239,1
DA:240,2
DA:241,1
DA:243,1
DA:244,1
DA:246,1
DA:247,2
DA:248,2
DA:250,1
DA:251,1
DA:253,1
DA:254,4
DA:257,1
DA:259,9
DA:260,8
DA:261,8
DA:262,8
DA:264,8
DA:265,8
DA:266,8
DA:267,8
DA:268,1
DA:270,1
DA:271,2
DA:272,1
DA:274,1
DA:278,1
DA:280,1
DA:281,2
DA:282,2
DA:284,1
DA:288,1
DA:292,1
DA:294,1
DA:295,4
DA:298,1
DA:300,1
DA:306,4
DA:307,3
DA:308,3
DA:310,3
DA:311,3
DA:312,3
DA:313,1
DA:315,1
DA:316,2
DA:317,1
DA:319,1
DA:320,1
DA:322,1
DA:323,2
DA:324,2
DA:326,1
DA:327,1
DA:329,1
DA:330,4
DA:332,1
DA:339,1
DA:346,5
DA:347,4
DA:348,4
DA:350,4
DA:351,8
DA:352,8
DA:353,4
DA:355,2
DA:357,2
DA:358,2
DA:359,1
DA:361,1
DA:362,4
DA:364,1
DA:371,1
DA:378,5
DA:379,4
DA:381,4
DA:382,8
DA:383,8
DA:384,4
DA:386,2
DA:388,2
DA:389,2
DA:390,1
DA:392,1
DA:393,4
DA:395,1
DA:396,1
DA:398,5
DA:403,6
DA:404,4
DA:406,4
DA:407,4
DA:408,4
DA:410,8
DA:411,27
DA:419,15
DA:424,4
DA:426,2
DA:427,1
DA:429,1
DA:430,4
DA:432,1
DA:433,1
DA:435,5
DA:440,6
DA:441,4
DA:443,4
DA:444,4
DA:445,4
DA:447,8
DA:448,27
DA:456,15
DA:461,4
DA:462,1
DA:464,1
DA:465,1
DA:469,1
DA:471,4
DA:472,2
DA:474,1
DA:476,1
DA:477,2
DA:478,2
DA:479,1
DA:481,1
DA:482,1
DA:483,1
DA:484,1
DA:485,1
DA:486,1
DA:491,1
DA:493,1
DA:496,1
DA:499,3
DA:501,1
DA:502,1
DA:503,1
DA:506,1
DA:508,1
DA:510,2
DA:511,2
DA:512,2
DA:513,2
DA:514,2
DA:515,1
DA:517,1
DA:518,4
DA:520,1
DA:522,2
DA:523,2
DA:524,1
DA:525,1
DA:526,1
DA:528,1
DA:529,9
DA:530,8
DA:531,8
DA:532,8
DA:534,32
DA:537,8
DA:539,8
DA:540,8
DA:541,8
DA:542,1
DA:544,1
DA:545,9
DA:546,8
DA:547,8
DA:548,8
DA:550,32
DA:553,8
DA:554,8
DA:556,8
DA:557,8
DA:558,8
DA:559,1
DA:561,1
DA:562,9
DA:563,8
DA:564,8
DA:565,8
DA:567,32
DA:570,8
DA:571,8
DA:572,8
DA:574,8
DA:575,8
DA:576,8
DA:577,1
DA:579,1
DA:580,1
DA:586,4
DA:587,3
DA:588,3
DA:590,12
DA:593,3
DA:594,3
DA:596,3
DA:597,3
DA:598,3
DA:599,1
DA:601,1
DA:602,4
DA:605,1
DA:607,1
DA:609,2
DA:610,2
DA:611,2
DA:612,2
DA:614,1
DA:616,2
DA:617,2
DA:618,2
DA:619,2
DA:620,2
DA:621,1
DA:623,1
DA:624,3
DA:626,1
DA:628,1
DA:636,1
DA:643,1
DA:645,1
DA:646,4
DA:648,1
DA:650,1
DA:652,1
DA:657,1
DA:665,1
DA:672,1
DA:674,1
DA:675,4
DA:677,1
DA:679,1
DA:681,7
DA:682,6
DA:683,12
DA:684,6
DA:686,1
DA:689,1
DA:691,1
DA:692,1
DA:694,1
DA:695,4
DA:697,1
DA:699,1
DA:700,1
DA:702,6
DA:703,5
DA:704,10
DA:705,5
DA:707,1
DA:708,1
DA:710,1
DA:711,5
DA:714,1
DA:716,2
DA:717,2
DA:718,2
DA:720,1
DA:723,2
DA:725,1
DA:726,1
DA:728,1
DA:729,4
DA:731,1
DA:733,1
DA:735,2
DA:736,2
DA:738,1
DA:743,1
DA:747,1
DA:749,1
DA:750,4
DA:752,1
DA:754,1
DA:756,2
DA:757,2
DA:758,2
DA:760,1
DA:761,1
DA:763,1
DA:764,4
DA:767,1
DA:769,1
DA:770,2
DA:772,1
DA:774,2
DA:775,2
DA:776,2
DA:778,1
DA:779,2
DA:780,2
DA:781,1
DA:783,1
DA:785,2
DA:787,1
DA:791,1
DA:793,1
DA:795,2
DA:797,1
DA:799,1
DA:804,2
DA:805,1
DA:807,1
DA:808,4
DA:810,1
DA:812,1
DA:813,2
DA:815,2
DA:817,1
DA:819,9
DA:827,1
DA:829,1
DA:830,4
DA:833,1
DA:835,1
DA:837,2
DA:838,2
DA:840,1
DA:842,2
DA:843,2
DA:844,2
DA:845,2
DA:846,1
DA:848,1
DA:849,3
DA:852,1
DA:855,2
DA:857,1
DA:858,1
DA:859,1
DA:860,1
DA:861,1
DA:863,1
DA:868,1
DA:873,1
DA:881,1
DA:886,1
DA:891,1
DA:896,2
DA:897,2
DA:898,2
DA:899,2
DA:900,2
DA:901,1
LF:461
LH:460
end_of_record
TN:
SF:/home/fernando/dev/xtd/tests/third_party/doctest.h
FNL:0,1073,1078
FNA:0,0,_ZN7doctest6detail15StringMakerBaseILb0EE7convertIN18xtd_pipeline_tests28test_data_trivially_copyableEEENS_6StringERKT_
FNA:0,0,_ZN7doctest6detail15StringMakerBaseILb0EE7convertIN3xtd11read_resultEEENS_6StringERKT_
FNA:0,0,_ZN7doctest6detail15StringMakerBaseILb0EE7convertIN3xtd8positionEEENS_6StringERKT_
FNA:0,0,_ZN7doctest6detail15StringMakerBaseILb0EE7convertIZN18xtd_pipeline_testsL20DOCTEST_ANON_FUNC_75EvE7MessageEENS_6StringERKT_
FNL:1,1085,1087
FNA:1,0,_ZN7doctest6detail7fillossIA10_KcEEvPSoRKT_
FNA:1,0,_ZN7doctest6detail7fillossIA11_KcEEvPSoRKT_
FNA:1,0,_ZN7doctest6detail7fillossIA13_KcEEvPSoRKT_
FNA:1,0,_ZN7doctest6detail7fillossIA14_KcEEvPSoRKT_
FNA:1,0,_ZN7doctest6detail7fillossIA15_KcEEvPSoRKT_
FNA:1,0,_ZN7doctest6detail7fillossIA16_KcEEvPSoRKT_
FNA:1,0,_ZN7doctest6detail7fillossIA18_KcEEvPSoRKT_
FNA:1,0,_ZN7doctest6detail7fillossIA19_KcEEvPSoRKT_
FNA:1,0,_ZN7doctest6detail7fillossIA21_KcEEvPSoRKT_
FNA:1,0,_ZN7doctest6detail7fillossIA2_KcEEvPSoRKT_
FNA:1,0,_ZN7doctest6detail7fillossIA32_KcEEvPSoRKT_
FNA:1,0,_ZN7doctest6detail7fillossIA35_KcEEvPSoRKT_
FNA:1,0,_ZN7doctest6detail7fillossIA3_KcEEvPSoRKT_
FNA:1,0,_ZN7doctest6detail7fillossIA4_KcEEvPSoRKT_
FNA:1,0,_ZN7doctest6detail7fillossIA5_KcEEvPSoRKT_
FNA:1,0,_ZN7doctest6detail7fillossIA6_KcEEvPSoRKT_
FNA:1,0,_ZN7doctest6detail7fillossIA7_KcEEvPSoRKT_
FNA:1,0,_ZN7doctest6detail7fillossIA8_KcEEvPSoRKT_
FNA:1,0,_ZN7doctest6detail7fillossIA9_KcEEvPSoRKT_
FNA:1,0,_ZN7doctest6detail7fillossINSt7__cxx1112basic_stringIcSt11char_traitsIcESaIcEEEEEvPSoRKT_
FNA:1,0,_ZN7doctest6detail7fillossIPKN3xtd8positionEEEvPSoRKT_
FNA:1,0,_ZN7doctest6detail7fillossIPN3xtd8positionEEEvPSoRKT_
FNA:1,0,_ZN7doctest6detail7fillossISt10shared_ptrIiEEEvPSoRKT_
FNA:1,0,_ZN7doctest6detail7fillossISt17basic_string_viewIcSt11char_traitsIcEEEEvPSoRKT_
FNA:1,0,_ZN7doctest6detail7fillossISt5arrayIjLm3EEEEvPSoRKT_
FNA:1,0,_ZN7doctest6detail7fillossISt6vectorINSt7__cxx1112basic_stringIcSt11char_traitsIcESaIcEEESaIS8_EEEEvPSoRKT_
FNA:1,0,_ZN7doctest6detail7fillossISt6vectorISt4byteSaIS3_EEEEvPSoRKT_
FNA:1,0,_ZN7doctest6detail7fillossISt6vectorIZN18xtd_pipeline_testsL20DOCTEST_ANON_FUNC_75EvE7MessageSaIS4_EEEEvPSoRKT_
FNL:2,1090,1094
FNA:2,0,_ZN7doctest6detail7fillossIcLm10EEEvPSoRAT0__KT_
FNA:2,0,_ZN7doctest6detail7fillossIcLm11EEEvPSoRAT0__KT_
FNA:2,0,_ZN7doctest6detail7fillossIcLm13EEEvPSoRAT0__KT_
FNA:2,0,_ZN7doctest6detail7fillossIcLm14EEEvPSoRAT0__KT_
FNA:2,0,_ZN7doctest6detail7fillossIcLm15EEEvPSoRAT0__KT_
FNA:2,0,_ZN7doctest6detail7fillossIcLm16EEEvPSoRAT0__KT_
FNA:2,0,_ZN7doctest6detail7fillossIcLm18EEEvPSoRAT0__KT_
FNA:2,0,_ZN7doctest6detail7fillossIcLm19EEEvPSoRAT0__KT_
FNA:2,0,_ZN7doctest6detail7fillossIcLm21EEEvPSoRAT0__KT_
FNA:2,0,_ZN7doctest6detail7fillossIcLm2EEEvPSoRAT0__KT_
FNA:2,0,_ZN7doctest6detail7fillossIcLm32EEEvPSoRAT0__KT_
FNA:2,0,_ZN7doctest6detail7fillossIcLm35EEEvPSoRAT0__KT_
FNA:2,0,_ZN7doctest6detail7fillossIcLm3EEEvPSoRAT0__KT_
FNA:2,0,_ZN7doctest6detail7fillossIcLm4EEEvPSoRAT0__KT_
FNA:2,0,_ZN7doctest6detail7fillossIcLm5EEEvPSoRAT0__KT_
FNA:2,0,_ZN7doctest6detail7fillossIcLm6EEEvPSoRAT0__KT_
FNA:2,0,_ZN7doctest6detail7fillossIcLm7EEEvPSoRAT0__KT_
FNA:2,0,_ZN7doctest6detail7fillossIcLm8EEEvPSoRAT0__KT_
FNA:2,0,_ZN7doctest6detail7fillossIcLm9EEEvPSoRAT0__KT_
FNL:3,1097,1101
FNA:3,0,_ZN7doctest6detail8toStreamIA10_cEENS_6StringERKT_
FNA:3,0,_ZN7doctest6detail8toStreamIA11_cEENS_6StringERKT_
FNA:3,0,_ZN7doctest6detail8toStreamIA13_cEENS_6StringERKT_
FNA:3,0,_ZN7doctest6detail8toStreamIA14_cEENS_6StringERKT_
FNA:3,0,_ZN7doctest6detail8toStreamIA15_cEENS_6StringERKT_
FNA:3,0,_ZN7doctest6detail8toStreamIA16_cEENS_6StringERKT_
FNA:3,0,_ZN7doctest6detail8toStreamIA18_cEENS_6StringERKT_
FNA:3,0,_ZN7doctest6detail8toStreamIA19_cEENS_6StringERKT_
FNA:3,0,_ZN7doctest6detail8toStreamIA21_cEENS_6StringERKT_
FNA:3,0,_ZN7doctest6detail8toStreamIA2_cEENS_6StringERKT_
FNA:3,0,_ZN7doctest6detail8toStreamIA32_cEENS_6StringERKT_
FNA:3,0,_ZN7doctest6detail8toStreamIA35_cEENS_6StringERKT_
FNA:3,0,_ZN7doctest6detail8toStreamIA3_cEENS_6StringERKT_
FNA:3,0,_ZN7doctest6detail8toStreamIA4_cEENS_6StringERKT_
FNA:3,0,_ZN7doctest6detail8toStreamIA5_cEENS_6StringERKT_
FNA:3,0,_ZN7doctest6detail8toStreamIA6_cEENS_6StringERKT_
FNA:3,0,_ZN7doctest6detail8toStreamIA7_cEENS_6StringERKT_
FNA:3,0,_ZN7doctest6detail8toStreamIA8_cEENS_6StringERKT_
FNA:3,0,_ZN7doctest6detail8toStreamIA9_cEENS_6StringERKT_
FNA:3,0,_ZN7doctest6detail8toStreamINSt7__cxx1112basic_stringIcSt11char_traitsIcESaIcEEEEENS_6StringERKT_
FNA:3,0,_ZN7doctest6detail8toStreamIPKN3xtd8positionEEENS_6StringERKT_
FNA:3,0,_ZN7doctest6detail8toStreamIPN3xtd8positionEEENS_6StringERKT_
FNA:3,0,_ZN7doctest6detail8toStreamISt10shared_ptrIiEEENS_6StringERKT_
FNA:3,0,_ZN7doctest6detail8toStreamISt17basic_string_viewIcSt11char_traitsIcEEEENS_6StringERKT_
FNA:3,0,_ZN7doctest6detail8toStreamISt5arrayIjLm3EEEENS_6StringERKT_
FNA:3,0,_ZN7doctest6detail8toStreamISt6vectorINSt7__cxx1112basic_stringIcSt11char_traitsIcESaIcEEESaIS8_EEEENS_6StringERKT_
FNA:3,0,_ZN7doctest6detail8toStreamISt6vectorISt4byteSaIS3_EEEENS_6StringERKT_
FNA:3,0,_ZN7doctest6detail8toStreamISt6vectorIZN18xtd_pipeline_testsL20DOCTEST_ANON_FUNC_75EvE7MessageSaIS4_EEEENS_6StringERKT_
FNL:4,1106,1108
FNA:4,0,_ZN7doctest6detail15StringMakerBaseILb1EE7convertIA10_cEENS_6StringERKT_
FNA:4,0,_ZN7doctest6detail15StringMakerBaseILb1EE7convertIA11_cEENS_6StringERKT_
FNA:4,0,_ZN7doctest6detail15StringMakerBaseILb1EE7convertIA13_cEENS_6StringERKT_
FNA:4,0,_ZN7doctest6detail15StringMakerBaseILb1EE7convertIA14_cEENS_6StringERKT_
FNA:4,0,_ZN7doctest6detail15StringMakerBaseILb1EE7convertIA15_cEENS_6StringERKT_
FNA:4,0,_ZN7doctest6detail15StringMakerBaseILb1EE7convertIA16_cEENS_6StringERKT_
FNA:4,0,_ZN7doctest6detail15StringMakerBaseILb1EE7convertIA18_cEENS_6StringERKT_
FNA:4,0,_ZN7doctest6detail15StringMakerBaseILb1EE7convertIA19_cEENS_6StringERKT_
FNA:4,0,_ZN7doctest6detail15StringMakerBaseILb1EE7convertIA21_cEENS_6StringERKT_
FNA:4,0,_ZN7doctest6detail15StringMakerBaseILb1EE7convertIA2_cEENS_6StringERKT_
FNA:4,0,_ZN7doctest6detail15StringMakerBaseILb1EE7convertIA32_cEENS_6StringERKT_
FNA:4,0,_ZN7doctest6detail15StringMakerBaseILb1EE7convertIA35_cEENS_6StringERKT_
FNA:4,0,_ZN7doctest6detail15StringMakerBaseILb1EE7convertIA3_cEENS_6StringERKT_
FNA:4,0,_ZN7doctest6detail15StringMakerBaseILb1EE7convertIA4_cEENS_6StringERKT_
FNA:4,0,_ZN7doctest6detail15StringMakerBaseILb1EE7convertIA5_cEENS_6StringERKT_
FNA:4,0,_ZN7doctest6detail15StringMakerBaseILb1EE7convertIA6_cEENS_6StringERKT_
FNA:4,0,_ZN7doctest6detail15StringMakerBaseILb1EE7convertIA7_cEENS_6StringERKT_
FNA:4,0,_ZN7doctest6detail15StringMakerBaseILb1EE7convertIA8_cEENS_6StringERKT_
FNA:4,0,_ZN7doctest6detail15StringMakerBaseILb1EE7convertIA9_cEENS_6StringERKT_
FNA:4,0,_ZN7doctest6detail15StringMakerBaseILb1EE7convertINSt7__cxx1112basic_stringIcSt11char_traitsIcESaIcEEEEENS_6StringERKT_
FNA:4,0,_ZN7doctest6detail15StringMakerBaseILb1EE7convertIPKN3xtd8positionEEENS_6StringERKT_
FNA:4,0,_ZN7doctest6detail15StringMakerBaseILb1EE7convertIPN3xtd8positionEEENS_6StringERKT_
FNA:4,0,_ZN7doctest6detail15StringMakerBaseILb1EE7convertISt10shared_ptrIiEEENS_6StringERKT_
FNA:4,0,_ZN7doctest6detail15StringMakerBaseILb1EE7convertISt17basic_string_viewIcSt11char_traitsIcEEEENS_6StringERKT_
FNA:4,0,_ZN7doctest6detail15StringMakerBaseILb1EE7convertISt5arrayIjLm3EEEENS_6StringERKT_
FNA:4,0,_ZN7doctest6detail15StringMakerBaseILb1EE7convertISt6vectorINSt7__cxx1112basic_stringIcSt11char_traitsIcESaIcEEESaISA_EEEENS_6StringERKT_
FNA:4,0,_ZN7doctest6detail15StringMakerBaseILb1EE7convertISt6vectorISt4byteSaIS5_EEEENS_6StringERKT_
FNA:4,0,_ZN7doctest6detail15StringMakerBaseILb1EE7convertISt6vectorIZN18xtd_pipeline_testsL20DOCTEST_ANON_FUNC_75EvE7MessageSaIS6_EEEENS_6StringERKT_
FNL:5,1143,1145
FNA:5,0,_ZN7doctest8toStringIA10_cLb1EEENS_6StringERKT_
FNA:5,0,_ZN7doctest8toStringIA11_cLb1EEENS_6StringERKT_
FNA:5,0,_ZN7doctest8toStringIA13_cLb1EEENS_6StringERKT_
FNA:5,0,_ZN7doctest8toStringIA14_cLb1EEENS_6StringERKT_
FNA:5,0,_ZN7doctest8toStringIA15_cLb1EEENS_6StringERKT_
FNA:5,0,_ZN7doctest8toStringIA16_cLb1EEENS_6StringERKT_
FNA:5,0,_ZN7doctest8toStringIA18_cLb1EEENS_6StringERKT_
FNA:5,0,_ZN7doctest8toStringIA19_cLb1EEENS_6StringERKT_
FNA:5,0,_ZN7doctest8toStringIA21_cLb1EEENS_6StringERKT_
FNA:5,0,_ZN7doctest8toStringIA2_cLb1EEENS_6StringERKT_
FNA:5,0,_ZN7doctest8toStringIA32_cLb1EEENS_6StringERKT_
FNA:5,0,_ZN7doctest8toStringIA35_cLb1EEENS_6StringERKT_
FNA:5,0,_ZN7doctest8toStringIA3_cLb1EEENS_6StringERKT_
FNA:5,0,_ZN7doctest8toStringIA4_cLb1EEENS_6StringERKT_
FNA:5,0,_ZN7doctest8toStringIA5_cLb1EEENS_6StringERKT_
FNA:5,0,_ZN7doctest8toStringIA6_cLb1EEENS_6StringERKT_
FNA:5,0,_ZN7doctest8toStringIA7_cLb1EEENS_6StringERKT_
FNA:5,0,_ZN7doctest8toStringIA8_cLb1EEENS_6StringERKT_
FNA:5,0,_ZN7doctest8toStringIA9_cLb1EEENS_6StringERKT_
FNA:5,0,_ZN7doctest8toStringIN18xtd_pipeline_tests28test_data_trivially_copyableELb1EEENS_6StringERKT_
FNA:5,0,_ZN7doctest8toStringIN3xtd11read_resultELb1EEENS_6StringERKT_
FNA:5,0,_ZN7doctest8toStringIN3xtd8positionELb1EEENS_6StringERKT_
FNA:5,0,_ZN7doctest8toStringINSt7__cxx1112basic_stringIcSt11char_traitsIcESaIcEEELb1EEENS_6StringERKT_
FNA:5,0,_ZN7doctest8toStringIPKN3xtd8positionELb1EEENS_6StringERKT_
FNA:5,0,_ZN7doctest8toStringIPN3xtd8positionELb1EEENS_6StringERKT_
FNA:5,0,_ZN7doctest8toStringISt10shared_ptrIiELb1EEENS_6StringERKT_
FNA:5,0,_ZN7doctest8toStringISt17basic_string_viewIcSt11char_traitsIcEELb1EEENS_6StringERKT_
FNA:5,0,_ZN7doctest8toStringISt5arrayIjLm3EELb1EEENS_6StringERKT_
FNA:5,0,_ZN7doctest8toStringISt6vectorINSt7__cxx1112basic_stringIcSt11char_traitsIcESaIcEEESaIS7_EELb1EEENS_6StringERKT_
FNA:5,0,_ZN7doctest8toStringISt6vectorISt4byteSaIS2_EELb1EEENS_6StringERKT_
FNA:5,0,_ZN7doctest8toStringISt6vectorIZN18xtd_pipeline_testsL20DOCTEST_ANON_FUNC_75EvE7MessageSaIS3_EELb1EEENS_6StringERKT_
FNA:5,0,_ZN7doctest8toStringIZN18xtd_pipeline_testsL20DOCTEST_ANON_FUNC_75EvE7MessageLb1EEENS_6StringERKT_
FNL:6,1186,1189
FNA:6,0,_ZN7doctest8toStringISt13future_statusLb1EEENS_6StringERKT_
FNA:6,0,_ZN7doctest8toStringISt4byteLb1EEENS_6StringERKT_
FNL:7,1194,1200
FNA:7,0,_ZN7doctest6detail8filldataINSt7__cxx1112basic_stringIcSt11char_traitsIcESaIcEEEvE4fillEPSoRKS7_
FNA:7,0,_ZN7doctest6detail8filldataISt10shared_ptrIiEvE4fillEPSoRKS3_
FNA:7,0,_ZN7doctest6detail8filldataISt17basic_string_viewIcSt11char_traitsIcEEvE4fillEPSoRKS5_
FNL:8,1225,1227
FNA:8,0,_ZN7doctest6detail8filldataIA10_KcvE4fillEPSoRS3_
FNA:8,0,_ZN7doctest6detail8filldataIA11_KcvE4fillEPSoRS3_
FNA:8,0,_ZN7doctest6detail8filldataIA13_KcvE4fillEPSoRS3_
FNA:8,0,_ZN7doctest6detail8filldataIA14_KcvE4fillEPSoRS3_
FNA:8,0,_ZN7doctest6detail8filldataIA15_KcvE4fillEPSoRS3_
FNA:8,0,_ZN7doctest6detail8filldataIA16_KcvE4fillEPSoRS3_
FNA:8,0,_ZN7doctest6detail8filldataIA18_KcvE4fillEPSoRS3_
FNA:8,0,_ZN7doctest6detail8filldataIA19_KcvE4fillEPSoRS3_
FNA:8,0,_ZN7doctest6detail8filldataIA21_KcvE4fillEPSoRS3_
FNA:8,0,_ZN7doctest6detail8filldataIA2_KcvE4fillEPSoRS3_
FNA:8,0,_ZN7doctest6detail8filldataIA32_KcvE4fillEPSoRS3_
FNA:8,0,_ZN7doctest6detail8filldataIA35_KcvE4fillEPSoRS3_
FNA:8,0,_ZN7doctest6detail8filldataIA3_KcvE4fillEPSoRS3_
FNA:8,0,_ZN7doctest6detail8filldataIA4_KcvE4fillEPSoRS3_
FNA:8,0,_ZN7doctest6detail8filldataIA5_KcvE4fillEPSoRS3_
FNA:8,0,_ZN7doctest6detail8filldataIA6_KcvE4fillEPSoRS3_
FNA:8,0,_ZN7doctest6detail8filldataIA7_KcvE4fillEPSoRS3_
FNA:8,0,_ZN7doctest6detail8filldataIA8_KcvE4fillEPSoRS3_
FNA:8,0,_ZN7doctest6detail8filldataIA9_KcvE4fillEPSoRS3_
FNL:9,1244,1258
FNA:9,0,_ZN7doctest6detail8filldataIPKN3xtd8positionEvE4fillEPSoS5_
FNA:9,0,_ZN7doctest6detail8filldataIPN3xtd8positionEvE4fillEPSoPKS3_
FNL:10,1275,1284
FNA:10,0,_ZN7doctest6detail8filldataISt5arrayIjLm3EEvE4fillEPSoRKS3_
FNA:10,0,_ZN7doctest6detail8filldataISt6vectorINSt7__cxx1112basic_stringIcSt11char_traitsIcESaIcEEESaIS8_EEvE4fillEPSoRKSA_
FNA:10,0,_ZN7doctest6detail8filldataISt6vectorISt4byteSaIS3_EEvE4fillEPSoRKS5_
FNA:10,0,_ZN7doctest6detail8filldataISt6vectorIZN18xtd_pipeline_testsL20DOCTEST_ANON_FUNC_75EvE7MessageSaIS4_EEvE4fillEPSoRKS6_
FNL:11,1289,1291
FNA:11,0,_ZN7doctest6detail19stringifyBinaryExprIN18xtd_pipeline_tests28test_data_trivially_copyableES3_EENS_6StringERKT_PKcRKT0_
FNA:11,0,_ZN7doctest6detail19stringifyBinaryExprIN3xtd8positionES3_EENS_6StringERKT_PKcRKT0_
FNA:11,0,_ZN7doctest6detail19stringifyBinaryExprINSt7__cxx1112basic_stringIcSt11char_traitsIcESaIcEEEA11_cEENS_6StringERKT_PKcRKT0_
FNA:11,0,_ZN7doctest6detail19stringifyBinaryExprINSt7__cxx1112basic_stringIcSt11char_traitsIcESaIcEEEA16_cEENS_6StringERKT_PKcRKT0_
FNA:11,0,_ZN7doctest6detail19stringifyBinaryExprINSt7__cxx1112basic_stringIcSt11char_traitsIcESaIcEEEA21_cEENS_6StringERKT_PKcRKT0_
FNA:11,0,_ZN7doctest6detail19stringifyBinaryExprINSt7__cxx1112basic_stringIcSt11char_traitsIcESaIcEEEA2_cEENS_6StringERKT_PKcRKT0_
FNA:11,0,_ZN7doctest6detail19stringifyBinaryExprINSt7__cxx1112basic_stringIcSt11char_traitsIcESaIcEEEA3_cEENS_6StringERKT_PKcRKT0_
FNA:11,0,_ZN7doctest6detail19stringifyBinaryExprINSt7__cxx1112basic_stringIcSt11char_traitsIcESaIcEEEA4_cEENS_6StringERKT_PKcRKT0_
FNA:11,0,_ZN7doctest6detail19stringifyBinaryExprINSt7__cxx1112basic_stringIcSt11char_traitsIcESaIcEEEA5_cEENS_6StringERKT_PKcRKT0_
FNA:11,0,_ZN7doctest6detail19stringifyBinaryExprINSt7__cxx1112basic_stringIcSt11char_traitsIcESaIcEEEA6_cEENS_6StringERKT_PKcRKT0_
FNA:11,0,_ZN7doctest6detail19stringifyBinaryExprINSt7__cxx1112basic_stringIcSt11char_traitsIcESaIcEEEA7_cEENS_6StringERKT_PKcRKT0_
FNA:11,0,_ZN7doctest6detail19stringifyBinaryExprINSt7__cxx1112basic_stringIcSt11char_traitsIcESaIcEEEA8_cEENS_6StringERKT_PKcRKT0_
FNA:11,0,_ZN7doctest6detail19stringifyBinaryExprINSt7__cxx1112basic_stringIcSt11char_traitsIcESaIcEEEA9_cEENS_6StringERKT_PKcRKT0_
FNA:11,0,_ZN7doctest6detail19stringifyBinaryExprINSt7__cxx1112basic_stringIcSt11char_traitsIcESaIcEEES7_EENS_6StringERKT_PKcRKT0_
FNA:11,0,_ZN7doctest6detail19stringifyBinaryExprINSt7__cxx1112basic_stringIcSt11char_traitsIcESaIcEEESt17basic_string_viewIcS5_EEENS_6StringERKT_PKcRKT0_
FNA:11,0,_ZN7doctest6detail19stringifyBinaryExprIPKN3xtd8positionEPS3_EENS_6StringERKT_PKcRKT0_
FNA:11,0,_ZN7doctest6detail19stringifyBinaryExprISt10shared_ptrIiEDnEENS_6StringERKT_PKcRKT0_
FNA:11,0,_ZN7doctest6detail19stringifyBinaryExprISt13future_statusS2_EENS_6StringERKT_PKcRKT0_
FNA:11,0,_ZN7doctest6detail19stringifyBinaryExprISt4byteS2_EENS_6StringERKT_PKcRKT0_
FNA:11,0,_ZN7doctest6detail19stringifyBinaryExprISt5arrayIjLm3EES3_EENS_6StringERKT_PKcRKT0_
FNA:11,0,_ZN7doctest6detail19stringifyBinaryExprISt6vectorINSt7__cxx1112basic_stringIcSt11char_traitsIcESaIcEEESaIS8_EESA_EENS_6StringERKT_PKcRKT0_
FNA:11,0,_ZN7doctest6detail19stringifyBinaryExprISt6vectorISt4byteSaIS3_EES5_EENS_6StringERKT_PKcRKT0_
FNA:11,0,_ZN7doctest6detail19stringifyBinaryExprISt6vectorIZN18xtd_pipeline_testsL20DOCTEST_ANON_FUNC_75EvE7MessageSaIS4_EES6_EENS_6StringERKT_PKcRKT0_
FNA:11,0,_ZN7doctest6detail19stringifyBinaryExprIbbEENS_6StringERKT_PKcRKT0_
FNA:11,0,_ZN7doctest6detail19stringifyBinaryExprIiiEENS_6StringERKT_PKcRKT0_
FNA:11,0,_ZN7doctest6detail19stringifyBinaryExprIjjEENS_6StringERKT_PKcRKT0_
FNA:11,0,_ZN7doctest6detail19stringifyBinaryExprImiEENS_6StringERKT_PKcRKT0_
FNA:11,0,_ZN7doctest6detail19stringifyBinaryExprImmEENS_6StringERKT_PKcRKT0_
FNA:11,0,_ZN7doctest6detail19stringifyBinaryExprItiEENS_6StringERKT_PKcRKT0_
FNA:11,0,_ZN7doctest6detail19stringifyBinaryExprIttEENS_6StringERKT_PKcRKT0_
FNL:12,1433,1434
FNA:12,0,_ZN7doctest5IsNaNIdEC2Edb
FNA:12,0,_ZN7doctest5IsNaNIeEC2Eeb
FNA:12,0,_ZN7doctest5IsNaNIfEC2Efb
FNL:13,1436,1438
[...]
DA:5476,928
DA:5479,928
DA:5480,928
DA:5481,203
DA:5482,725
DA:5483,725
DA:5484,0
DA:5488,0
DA:5489,0
DA:5490,0
DA:5491,0
DA:5492,0
DA:5496,0
DA:5497,0
DA:5498,0
DA:5499,0
DA:5500,0
DA:5504,524
DA:5506,1048
DA:5507,524
DA:5508,524
DA:5509,524
DA:5511,0
DA:5512,0
DA:5513,0
DA:5514,0
DA:5515,0
DA:5516,0
DA:5519,0
DA:5520,0
DA:5522,0
DA:5523,0
DA:5524,0
DA:5525,0
DA:5526,0
DA:5530,0
DA:5535,524
DA:5539,262
DA:5542,262
DA:5543,152
DA:5546,262
DA:5547,0
DA:5549,262
DA:5553,110
DA:5554,110
DA:5558,36
DA:5559,36
DA:5560,36
DA:5562,0
DA:5563,0
DA:5564,0
DA:5565,0
DA:5566,0
DA:5568,0
DA:5569,0
DA:5571,0
DA:5572,0
DA:5573,0
DA:5574,0
DA:5575,0
DA:5576,0
DA:5577,0
DA:5578,0
DA:5579,0
DA:5580,0
DA:5582,0
DA:5584,0
DA:5585,0
DA:5586,0
DA:5587,0
DA:5589,0
DA:5593,0
DA:5594,0
DA:5596,0
DA:5597,0
DA:5598,0
DA:5599,36
DA:5600,36
DA:5605,104
DA:5606,104
DA:5607,104
DA:5608,104
DA:5610,0
DA:5615,0
DA:5616,0
DA:5617,0
DA:5618,0
DA:5622,0
DA:5623,0
DA:5626,0
DA:5627,0
DA:5628,0
DA:5629,0
DA:5631,0
DA:5632,0
DA:5633,0
DA:5637,0
DA:5638,104
DA:5642,2
DA:5643,2
DA:5644,2
DA:5645,2
DA:5646,2
DA:5647,2
DA:5649,2
DA:5650,2
DA:5651,0
DA:5652,2
DA:5653,2
DA:5655,0
DA:5656,0
DA:5657,0
DA:5658,0
DA:5659,0
DA:5662,2
DA:5666,2
DA:5667,2
DA:5668,2
DA:5669,2
DA:5670,2
DA:5671,2
DA:5672,2
DA:5673,2
DA:5674,2
DA:5675,2
DA:5676,2
DA:5677,2
DA:5678,2
DA:5679,2
DA:5680,2
DA:5681,2
DA:5682,2
DA:5683,2
DA:5686,2
DA:5687,2
DA:5713,2
DA:5714,2
DA:5715,2
DA:5717,2
DA:5718,2
DA:5720,2
DA:5721,2
DA:5723,2
DA:5724,2
DA:5725,2
DA:5726,2
DA:5727,2
DA:5728,2
DA:5729,2
DA:5730,2
DA:5731,2
DA:5732,2
DA:5733,2
DA:5734,2
DA:5735,2
DA:5736,2
DA:5737,2
DA:5738,2
DA:5739,2
DA:5740,2
DA:5741,2
DA:5742,2
DA:5743,2
DA:5744,2
DA:5746,2
DA:5747,2
DA:5748,2
DA:5749,2
DA:5750,2
DA:5751,2
DA:5752,2
DA:5754,2
DA:5755,4
DA:5756,2
DA:5757,0
DA:5758,0
DA:5760,4
DA:5761,2
DA:5762,0
DA:5763,0
DA:5765,4
DA:5766,2
DA:5767,0
DA:5768,0
DA:5770,4
DA:5771,2
DA:5772,0
DA:5773,0
DA:5775,4
DA:5776,2
DA:5777,0
DA:5778,0
DA:5780,4
DA:5781,2
DA:5782,0
DA:5783,0
DA:5785,2
DA:5788,0
DA:5789,0
DA:5790,0
DA:5793,0
DA:5794,0
DA:5795,0
DA:5796,0
DA:5799,0
DA:5800,0
DA:5801,0
DA:5804,0
DA:5805,0
DA:5806,0
DA:5809,0
DA:5810,0
DA:5811,0
DA:5812,0
DA:5813,0
DA:5816,0
DA:5817,0
DA:5820,0
DA:5821,0
DA:5822,0
DA:5824,0
DA:5825,0
DA:5826,0
DA:5828,0
DA:5829,0
DA:5830,0
DA:5840,0
DA:5841,0
DA:5844,0
DA:5845,0
DA:5846,0
DA:5851,2
DA:5852,2
DA:5856,2
DA:5860,2
DA:5862,2
DA:5863,2
DA:5865,2
DA:5866,2
DA:5868,2
DA:5869,2
DA:5870,2
DA:5871,0
DA:5872,2
DA:5874,0
DA:5875,0
DA:5876,0
DA:5878,0
DA:5879,0
DA:5880,0
DA:5887,2
DA:5894,2
DA:5896,2
DA:5897,2
DA:5899,2
DA:5900,0
DA:5903,2
DA:5904,2
DA:5907,6
DA:5908,2
DA:5909,2
DA:5911,2
DA:5912,0
DA:5913,2
DA:5914,2
DA:5917,2
DA:5918,2
DA:5921,8
DA:5922,6
DA:5923,2
DA:5929,2
DA:5930,0
DA:5938,2
DA:5939,0
DA:5941,0
DA:5944,2
DA:5945,142
DA:5946,140
DA:5947,2
DA:5950,2
DA:5951,2
DA:5952,2
DA:5953,0
DA:5954,0
DA:5955,0
DA:5956,0
DA:5957,0
DA:5958,0
DA:5961,0
DA:5962,0
DA:5964,0
DA:5966,0
DA:5968,0
DA:5969,0
DA:5971,0
DA:5977,2
DA:5979,2
DA:5980,2
DA:5982,2
DA:5983,8
DA:5986,144
DA:5987,140
DA:5989,140
DA:5990,140
DA:5991,0
DA:5993,140
DA:5994,0
DA:5995,140
DA:5996,0
DA:5997,140
DA:5998,0
DA:5999,140
DA:6000,0
DA:6001,140
DA:6002,0
DA:6003,140
DA:6004,0
DA:6006,140
DA:6007,140
DA:6010,140
DA:6011,140
DA:6012,0
DA:6014,140
DA:6015,0
DA:6016,0
DA:6017,0
DA:6018,0
DA:6021,140
DA:6022,0
DA:6025,140
DA:6026,0
DA:6027,0
DA:6031,140
DA:6032,0
DA:6033,0
DA:6034,0
DA:6035,0
DA:6037,0
DA:6042,140
DA:6044,140
DA:6045,140
DA:6048,140
DA:6049,140
DA:6051,140
DA:6053,560
DA:6055,140
DA:6057,140
DA:6059,140
DA:6061,140
DA:6063,140
DA:6066,140
DA:6074,140
DA:6077,140
DA:6078,140
DA:6081,140
DA:6082,0
DA:6083,0
DA:6084,0
DA:6085,0
DA:6086,0
DA:6090,140
DA:6091,0
DA:6092,0
DA:6093,0
DA:6096,140
DA:6098,140
DA:6099,0
DA:6100,140
DA:6101,140
DA:6104,140
DA:6106,560
DA:6108,140
DA:6111,140
DA:6112,0
DA:6116,2
DA:6117,8
DA:6119,0
DA:6120,0
DA:6121,0
DA:6122,0
DA:6123,0
DA:6126,2
DA:6127,2
DA:6158,189
DA:6164,189
DA:6165,189
DA:6166,189
DA:6168,0
DA:6169,0
DA:6170,0
DA:6172,0
DA:6173,0
DA:6174,0
DA:6182,189
DA:6185,189
DA:6189,0
DA:6190,0
DA:6191,0
DA:6192,0
DA:6193,189
DA:6194,189
DA:6215,2
DA:6216,2
DA:6217,2
DA:6218,2
DA:6219,2
DA:6220,2
DA:6221,2
DA:6222,2
DA:6223,2
DA:6224,2
DA:6226,140
DA:6227,140
DA:6230,140
DA:6231,140
DA:6232,140
DA:6233,140
DA:6235,140
DA:6236,0
DA:6238,140
DA:6239,140
DA:6240,0
DA:6242,140
DA:6243,0
DA:6244,0
DA:6246,0
DA:6248,140
DA:6249,0
DA:6250,140
DA:6251,0
DA:6252,0
DA:6254,0
DA:6258,420
DA:6259,280
DA:6260,140
DA:6263,140
DA:6264,140
DA:6265,0
DA:6266,140
DA:6289,0
DA:6290,0
DA:6291,0
DA:6292,0
DA:6293,0
DA:6300,0
DA:6301,0
DA:6302,0
DA:6303,0
DA:6305,0
DA:6306,0
DA:6308,0
DA:6309,0
DA:6310,0
DA:6362,0
DA:6364,0
DA:6365,0
DA:6366,0
DA:6367,0
DA:6368,0
DA:6370,58
DA:6371,58
DA:6372,58
DA:6375,58
DA:6377,58
DA:6378,58
DA:6379,116
DA:6380,0
DA:6381,0
DA:6385,58
DA:6386,58
DA:6387,58
DA:6388,58
DA:6389,0
DA:6390,0
DA:6391,0
DA:6392,0
DA:6393,0
DA:6394,0
DA:6400,58
DA:6416,0
DA:6417,0
DA:6418,0
DA:6420,0
DA:6421,0
DA:6422,0
DA:6424,0
DA:6428,0
DA:6429,0
DA:6430,0
DA:6448,6
DA:6449,6
DA:6450,6
DA:6452,20
DA:6453,18
DA:6454,4
DA:6456,14
DA:6457,14
DA:6460,2
DA:6461,0
DA:6462,0
DA:6463,0
DA:6465,0
DA:6466,0
DA:6467,0
DA:6468,0
DA:6469,0
DA:6471,0
DA:6472,0
DA:6476,2
DA:6477,0
DA:6479,2
DA:6482,846
DA:6483,846
DA:6484,420
DA:6485,856
DA:6486,6
DA:6487,2
DA:6488,424
DA:6500,2
DA:6501,2
DA:6512,140
DA:6513,140
DA:6515,0
DA:6516,0
DA:6517,0
DA:6518,0
DA:6519,0
DA:6522,140
DA:6523,140
DA:6524,140
DA:6526,0
DA:6527,0
DA:6528,0
DA:6531,140
DA:6533,140
DA:6534,140
DA:6537,0
DA:6538,0
DA:6541,0
DA:6542,0
DA:6545,140
DA:6546,140
DA:6549,0
DA:6550,0
DA:6553,0
DA:6554,0
DA:6557,0
DA:6558,0
DA:6561,0
DA:6562,0
DA:6565,0
DA:6566,0
DA:6569,0
DA:6570,0
DA:6573,0
DA:6574,0
DA:6577,0
DA:6578,0
DA:6581,0
DA:6582,0
DA:6593,8838
DA:6594,8838
DA:6596,0
DA:6597,0
DA:6600,0
DA:6601,0
DA:6604,0
DA:6605,0
DA:6608,0
DA:6609,0
DA:6612,0
DA:6613,0
DA:6616,0
DA:6617,0
DA:6630,0
DA:6631,0
DA:6639,0
DA:6640,0
DA:6643,0
DA:6644,0
DA:6647,0
DA:6648,0
DA:6651,0
DA:6652,0
DA:6670,0
DA:6672,0
DA:6673,0
DA:6674,0
DA:6675,0
DA:6676,0
DA:6677,0
DA:6678,0
DA:6681,0
DA:6682,0
DA:6683,0
DA:6684,0
DA:6685,0
DA:6686,0
DA:6688,0
DA:6689,0
DA:6692,0
DA:6693,0
DA:6697,0
DA:6698,0
DA:6700,0
DA:6739,8
DA:6740,8
DA:6741,8
DA:6744,2
DA:6745,2
DA:6746,2
DA:6750,2
DA:6752,0
DA:6753,0
DA:6756,0
DA:6757,0
DA:6760,0
DA:6761,0
DA:6764,0
DA:6765,0
DA:6769,6
DA:6770,6
DA:6771,6
DA:6773,0
DA:6774,6
DA:6788,0
DA:6790,0
DA:6791,0
DA:6793,0
DA:6794,0
DA:6795,0
DA:6796,0
DA:6797,0
DA:6798,0
DA:6800,0
DA:6801,0
DA:6802,0
DA:6804,0
DA:6807,0
DA:6809,0
DA:6810,0
DA:6811,0
DA:6812,0
DA:6813,0
DA:6814,0
DA:6815,0
DA:6816,0
DA:6817,0
DA:6818,0
DA:6819,0
DA:6820,0
DA:6821,0
DA:6822,0
DA:6824,0
DA:6825,0
DA:6826,0
DA:6828,0
DA:6831,0
DA:6847,0
DA:6848,0
DA:6850,0
DA:6851,0
DA:6852,0
DA:6853,0
DA:6856,2
DA:6857,2
DA:6859,0
DA:6860,0
DA:6862,2
DA:6863,2
DA:6865,2
DA:6866,2
DA:6868,0
DA:6869,0
DA:6870,0
DA:6871,0
DA:6874,0
DA:6875,0
DA:6878,0
DA:6879,0
DA:6880,0
DA:6882,0
DA:6883,0
DA:6884,0
DA:6885,0
DA:6887,0
DA:6888,0
DA:6889,0
DA:6890,0
DA:6891,0
DA:6895,0
DA:6896,0
DA:6899,0
DA:6900,0
DA:6901,0
DA:6902,0
DA:6903,0
DA:6905,0
DA:6906,0
DA:6907,0
DA:6909,0
DA:6910,0
DA:6911,0
DA:6912,0
DA:6913,0
DA:6914,0
DA:6915,0
DA:6916,0
DA:6917,0
DA:6919,0
DA:6920,0
DA:6921,0
DA:6924,0
DA:6925,0
DA:6926,0
DA:6927,0
DA:6928,0
DA:6932,0
DA:6934,0
DA:6937,2
DA:6938,2
DA:6939,2
DA:6940,2
DA:6942,2
DA:6943,2
DA:6944,2
DA:6945,2
DA:6946,2
DA:6948,2
DA:6950,0
DA:6951,0
DA:6952,0
DA:6954,0
DA:6955,0
DA:6956,0
DA:6957,0
DA:6958,0
DA:6959,0
DA:6960,0
DA:6961,0
DA:6962,0
DA:6963,0
DA:6965,0
DA:6966,0
DA:6967,0
DA:6969,0
DA:6970,0
DA:6971,0
DA:6972,0
DA:6973,0
DA:6974,0
DA:6975,0
DA:6976,0
DA:6977,0
DA:6978,0
DA:6979,0
DA:6980,0
DA:6981,0
DA:6982,0
DA:6983,0
DA:6985,0
DA:6986,0
DA:6987,0
DA:6988,0
DA:6989,0
DA:6990,0
DA:6991,0
DA:6992,0
DA:6993,0
DA:6994,0
DA:6995,0
DA:6996,0
DA:6997,0
DA:6998,0
DA:6999,0
DA:7000,0
DA:7001,0
DA:7002,0
DA:7003,0
DA:7004,0
DA:7005,0
DA:7006,0
DA:7007,0
DA:7008,0
DA:7009,0
DA:7010,0
DA:7011,0
DA:7012,0
DA:7013,0
DA:7014,0
DA:7015,0
DA:7016,0
DA:7017,0
DA:7018,0
DA:7019,0
DA:7020,0
DA:7021,0
DA:7022,0
DA:7023,0
DA:7024,0
DA:7025,0
DA:7026,0
DA:7027,0
DA:7028,0
DA:7029,0
DA:7030,0
DA:7031,0
DA:7032,0
DA:7033,0
DA:7034,0
DA:7035,0
DA:7036,0
DA:7037,0
DA:7038,0
DA:7039,0
DA:7040,0
DA:7041,0
DA:7042,0
DA:7043,0
DA:7044,0
DA:7045,0
DA:7046,0
DA:7047,0
DA:7048,0
DA:7049,0
DA:7050,0
DA:7051,0
DA:7052,0
DA:7053,0
DA:7054,0
DA:7055,0
DA:7056,0
DA:7057,0
DA:7058,0
DA:7059,0
DA:7060,0
DA:7061,0
DA:7065,0
DA:7066,0
DA:7067,0
DA:7069,0
DA:7070,0
DA:7071,0
DA:7072,0
DA:7073,0
DA:7074,0
DA:7075,0
DA:7077,0
DA:7078,0
DA:7079,0
DA:7080,0
DA:7082,0
DA:7083,0
DA:7084,0
DA:7085,0
DA:7086,0
DA:7087,0
DA:7088,0
DA:7089,0
DA:7090,0
DA:7091,0
DA:7092,0
DA:7095,0
DA:7096,0
DA:7098,0
DA:7100,0
DA:7101,0
DA:7103,0
DA:7104,0
DA:7105,0
DA:7107,0
DA:7108,0
DA:7110,0
DA:7112,0
DA:7113,0
DA:7114,0
DA:7115,0
DA:7116,0
DA:7118,0
DA:7120,2
DA:7121,2
DA:7122,2
DA:7123,2
DA:7125,2
DA:7126,2
DA:7127,0
DA:7129,2
DA:7130,2
DA:7132,2
DA:7133,2
DA:7134,2
DA:7135,2
DA:7136,4
DA:7137,4
DA:7138,2
DA:7141,2
DA:7142,2
DA:7143,2
DA:7144,2
DA:7145,2
DA:7146,2
DA:7147,2
DA:7148,2
DA:7149,2
DA:7150,2
DA:7151,2
DA:7152,2
DA:7153,2
DA:7154,2
DA:7156,2
DA:7157,2
DA:7158,2
DA:7159,2
DA:7160,2
DA:7161,2
DA:7162,2
DA:7163,2
DA:7164,2
DA:7167,140
DA:7168,140
DA:7169,140
DA:7170,140
DA:7171,140
DA:7172,140
DA:7173,140
DA:7175,0
DA:7176,0
DA:7177,0
DA:7178,0
DA:7180,140
DA:7181,140
DA:7182,140
DA:7183,0
DA:7187,140
DA:7188,140
DA:7189,0
DA:7191,140
DA:7192,0
DA:7194,140
DA:7195,0
DA:7196,0
DA:7198,140
DA:7199,0
DA:7200,140
DA:7201,0
DA:7202,140
DA:7203,0
DA:7204,140
DA:7205,0
DA:7206,140
DA:7207,0
DA:7208,0
DA:7210,140
DA:7211,0
DA:7213,140
DA:7214,140
DA:7216,0
DA:7217,0
DA:7218,0
DA:7219,0
DA:7221,0
DA:7223,0
DA:7224,0
DA:7225,0
DA:7226,0
DA:7228,0
DA:7229,0
DA:7230,0
DA:7231,0
DA:7232,0
DA:7233,0
DA:7236,0
DA:7237,0
DA:7239,0
DA:7240,0
DA:7241,0
DA:7242,0
DA:7243,0
DA:7244,0
DA:7246,0
DA:7247,0
DA:7248,0
DA:7249,0
DA:7250,0
DA:7252,8838
DA:7253,8838
DA:7254,8838
DA:7256,0
DA:7258,0
DA:7260,0
DA:7261,0
DA:7263,0
DA:7265,0
DA:7266,0
DA:7268,0
DA:7269,0
DA:7270,0
DA:7272,0
DA:7274,0
DA:7276,0
DA:7277,0
DA:7278,0
DA:7279,0
DA:7280,0
DA:7281,0
DA:7283,0
DA:7349,0
DA:7352,0
DA:7353,0
DA:7354,0
DA:7362,0
DA:7366,0
DA:7368,0
DA:7369,0
DA:7372,0
DA:7374,0
DA:7375,0
DA:7377,0
DA:7379,0
DA:7380,0
DA:7382,0
DA:7383,0
DA:7385,0
DA:7386,0
DA:7387,0
DA:7389,0
DA:7390,0
DA:7391,0
DA:7392,0
DA:7393,0
DA:7395,0
DA:7396,0
DA:7397,0
DA:7398,0
DA:7399,0
DA:7400,0
DA:7402,0
DA:7405,0
DA:7406,0
DA:7407,0
DA:7409,0
DA:7410,0
DA:7411,0
DA:7412,0
DA:7414,0
DA:7415,0
DA:7417,0
DA:7418,0
DA:7421,0
DA:7422,0
DA:7423,0
DA:7425,0
DA:7426,0
DA:7427,0
DA:7429,0
DA:7432,0
DA:7438,0
DA:7439,0
DA:7440,0
DA:7441,0
DA:7442,0
DA:7443,0
DA:7444,0
DA:7445,0
DA:7446,0
DA:7448,0
DA:7449,0
DA:7451,0
DA:7452,0
DA:7453,0
DA:7454,0
DA:7455,0
DA:7456,0
DA:7458,0
DA:7460,0
DA:7461,0
DA:7462,0
DA:7463,0
DA:7464,0
DA:7467,0
DA:7468,0
DA:7471,0
DA:7473,0
DA:7474,0
DA:7475,0
DA:7477,0
DA:7478,0
DA:7479,0
DA:7480,0
DA:7481,0
DA:7482,0
DA:7484,0
DA:7485,0
DA:7486,0
DA:7487,0
DA:7488,0
DA:7490,0
DA:7491,0
DA:7492,0
DA:7493,0
DA:7495,0
DA:7496,0
DA:7497,0
DA:7498,0
DA:7499,0
DA:7501,0
DA:7502,0
DA:7503,0
DA:7504,0
DA:7507,0
DA:7508,0
DA:7509,0
DA:7510,0
DA:7511,0
DA:7512,0
DA:7515,0
DA:7516,0
DA:7519,0
DA:7520,0
DA:7522,0
DA:7523,0
DA:7524,0
DA:7525,0
DA:7527,0
DA:7528,0
DA:7529,0
DA:7530,0
DA:7532,0
DA:7534,0
DA:7535,0
DA:7536,0
DA:7538,0
DA:7540,0
DA:7541,0
DA:7542,0
DA:7544,0
DA:7545,0
DA:7546,0
DA:7547,0
DA:7549,0
DA:7550,0
DA:7551,0
DA:7553,0
DA:7555,0
DA:7556,0
DA:7557,0
DA:7559,0
DA:7560,0
DA:7562,0
DA:7563,0
DA:7565,0
DA:7567,0
DA:7569,0
DA:7570,0
DA:7571,0
DA:7572,0
DA:7574,0
DA:7575,0
DA:7576,0
DA:7577,0
DA:7578,0
DA:7581,0
DA:7595,0
DA:7596,0
DA:7598,0
DA:7599,0
DA:7600,0
DA:7601,0
DA:7602,0
DA:7603,0
DA:7604,0
DA:7605,0
DA:7606,0
DA:7608,0
DA:7609,0
DA:7611,0
DA:7612,0
DA:7615,0
DA:7616,0
DA:7617,0
DA:7618,0
DA:7619,0
DA:7620,0
DA:7623,0
DA:7626,0
DA:7627,0
DA:7628,0
DA:7631,0
DA:7632,0
DA:7633,0
DA:7634,0
DA:7635,0
DA:7636,0
DA:7638,0
DA:7639,0
DA:7640,0
DA:7641,0
DA:7642,0
DA:7643,0
DA:7644,0
DA:7646,0
DA:7647,0
DA:7648,0
DA:7649,0
DA:7650,0
DA:7651,0
DA:7652,0
DA:7653,0
DA:7654,0
DA:7655,0
DA:7656,0
DA:7657,0
DA:7658,0
DA:7659,0
DA:7660,0
DA:7661,0
DA:7662,0
DA:7663,0
DA:7664,0
DA:7666,0
DA:7667,0
DA:7668,0
DA:7669,0
DA:7670,0
DA:7671,0
DA:7672,0
DA:7673,0
DA:7674,0
DA:7676,0
DA:7677,0
DA:7679,0
DA:7680,0
DA:7684,0
DA:7690,0
DA:7691,0
DA:7692,0
DA:7695,0
DA:7696,0
DA:7697,0
DA:7698,0
DA:7699,0
DA:7700,0
DA:7701,0
DA:7702,0
DA:7703,0
DA:7704,0
DA:7705,0
DA:7707,0
DA:7708,0
DA:7709,0
DA:7711,0
DA:7712,0
DA:7713,0
DA:7715,0
DA:7716,0
DA:7717,0
DA:7718,0
DA:7719,0
DA:7720,0
DA:7722,0
DA:7723,0
DA:7725,0
DA:7726,0
DA:7727,0
DA:7728,0
DA:7729,0
DA:7731,0
DA:7733,0
DA:7734,0
DA:7735,0
DA:7736,0
DA:7737,0
DA:7738,0
DA:7739,0
DA:7740,0
DA:7741,0
DA:7742,0
DA:7743,0
DA:7745,0
DA:7746,0
DA:7748,0
DA:7749,0
DA:7751,0
DA:7752,0
DA:7754,0
DA:7755,0
DA:7756,0
DA:7757,0
DA:7758,0
DA:7759,0
DA:7760,0
DA:7761,0
DA:7763,0
DA:7764,0
DA:7765,0
DA:7766,0
DA:7768,0
DA:7769,0
DA:7770,0
DA:7772,0
DA:7774,0
DA:7775,0
DA:7776,0
DA:7777,0
DA:7778,0
DA:7780,0
DA:7782,0
DA:7783,0
DA:7785,0
DA:7786,0
DA:7787,0
DA:7788,0
DA:7789,0
DA:7790,0
DA:7792,0
DA:7794,0
DA:7795,0
DA:7797,0
DA:7798,0
DA:7800,0
DA:7801,0
DA:7802,0
DA:7803,0
DA:7805,0
DA:7807,0
DA:7809,0
DA:7810,0
DA:7812,0
DA:7813,0
DA:7814,0
DA:7815,0
DA:7816,0
DA:7817,0
DA:7818,0
DA:7819,0
DA:7983,0
DA:7984,0
DA:7985,0
DA:7986,0
DA:7987,0
DA:7988,0
DA:7989,0
DA:7992,0
DA:7993,0
DA:7994,0
DA:7995,0
DA:7997,2
DA:7998,2
DA:7999,2
DA:8001,2
DA:8002,2
DA:8003,2
DA:8005,140
DA:8006,140
DA:8008,140
DA:8009,140
DA:8010,140
DA:8011,140
DA:8012,140
DA:8013,140
DA:8014,140
DA:8015,980
DA:8016,840
DA:8018,140
DA:8020,140
DA:8021,140
DA:8022,140
DA:8024,280
DA:8025,280
DA:8027,980
DA:8028,840
DA:8031,140
DA:8032,140
DA:8034,280
DA:8062,0
DA:8063,0
DA:8064,0
DA:8067,0
DA:8068,0
DA:8069,0
DA:8071,0
DA:8072,0
DA:8073,0
DA:8074,0
DA:8075,0
DA:8079,0
DA:8080,0
DA:8083,0
DA:8084,0
DA:8090,2
DA:8091,8
DA:8092,10
DA:8093,10
DA:8094,2
DA:8095,8
DA:8100,9455
DA:8101,9455
DA:8102,8986
DA:8103,8986
DA:8104,8986
DA:8106,469
DA:8107,469
DA:8108,469
DA:8109,469
DA:8110,469
DA:8111,469
DA:8115,516
DA:8117,516
DA:8118,516
DA:8120,37166
DA:8121,37166
DA:8122,37166
DA:8124,0
DA:8125,0
DA:8126,0
DA:8127,0
DA:8129,0
DA:8130,0
DA:8132,0
DA:8134,36192
DA:8135,36192
DA:8136,35911
DA:8138,281
DA:8140,36192
DA:8142,27894
DA:8143,27894
DA:8144,27894
DA:8145,27894
DA:8147,63768
DA:8148,63768
DA:8149,470
DA:8150,63768
DA:8152,9174
DA:8153,9174
DA:8155,9174
DA:8156,9174
DA:8157,9174
DA:8159,0
DA:8160,0
DA:8161,0
DA:8163,26694
DA:8164,26694
DA:8165,26694
DA:8167,9498
DA:8168,9498
DA:8169,9498
DA:8170,0
DA:8172,9498
DA:8175,9498
DA:8178,116
DA:8179,116
DA:8180,116
DA:8181,116
DA:8182,116
DA:8183,69
DA:8185,22
DA:8187,22
DA:8190,47
DA:8192,47
DA:8194,47
DA:8195,47
DA:8196,47
DA:8197,47
DA:8199,47
DA:8202,47
DA:8204,0
DA:8205,0
DA:8208,47
DA:8209,47
DA:8210,0
DA:8212,47
DA:8214,47
DA:8216,47
DA:8218,47
DA:8219,47
DA:8221,47
DA:8225,116
DA:8228,6
DA:8229,6
DA:8230,6
DA:8231,6
DA:8232,6
DA:8234,258
DA:8235,258
DA:8236,258
DA:8237,46
DA:8238,258
DA:8239,258
DA:8240,258
DA:8242,258
DA:8245,0
DA:8247,0
DA:8250,0
DA:8251,0
DA:8253,0
DA:8254,0
DA:8258,9072
DA:8259,9072
DA:8260,8933
DA:8261,139
DA:8265,0
DA:8266,0
DA:8267,0
DA:8268,0
DA:8271,0
DA:8272,0
DA:8273,0
DA:8274,0
DA:8275,0
DA:8276,0
DA:8279,0
DA:8280,0
DA:8281,0
DA:8284,0
DA:8285,0
DA:8286,0
DA:8287,0
DA:8288,0
DA:8289,0
DA:8290,0
DA:8292,0
DA:8296,0
DA:8297,0
DA:8298,0
DA:8301,0
DA:8302,0
DA:8303,0
DA:8304,0
DA:8305,0
DA:8307,0
DA:8311,954
DA:8312,954
DA:8313,2
DA:8314,952
DA:8317,952
DA:8318,952
DA:8321,116
DA:8322,116
DA:8325,0
DA:8326,0
DA:8329,0
DA:8330,0
DA:8333,24
DA:8334,24
DA:8337,0
DA:8338,0
DA:8341,0
DA:8342,0
DA:8345,0
DA:8346,0
DA:8349,0
DA:8350,0
DA:8355,0
DA:8356,0
DA:8357,0
DA:8359,0
DA:8360,0
DA:8363,0
DA:8365,0
DA:8368,0
DA:8370,0
DA:8371,0
DA:8372,0
DA:8389,0
DA:8390,0
DA:8393,0
DA:8394,0
DA:8397,0
DA:8398,0
DA:8401,0
DA:8402,0
DA:8404,0
DA:8405,0
DA:8407,0
DA:8408,0
DA:8411,0
DA:8412,0
DA:8414,0
DA:8415,0
DA:8417,0
DA:8418,0
DA:8420,0
DA:8421,0
DA:8423,0
DA:8424,0
DA:8426,0
DA:8427,0
DA:8429,0
DA:8430,0
DA:8432,0
DA:8433,0
DA:8435,0
DA:8436,0
DA:8438,0
DA:8439,0
DA:8441,0
DA:8442,0
DA:8455,0
DA:8456,0
DA:8459,0
DA:8460,0
DA:8461,0
DA:8462,0
DA:8463,0
DA:8464,0
DA:8470,0
DA:8471,0
DA:8472,0
DA:8473,0
DA:8474,0
DA:8475,0
DA:8477,0
DA:8480,0
DA:8481,0
DA:8482,0
DA:8483,0
DA:8485,0
DA:8486,0
DA:8488,0
DA:8489,0
DA:8490,0
DA:8496,0
DA:8497,0
DA:8498,0
DA:8502,0
DA:8506,0
DA:8507,0
DA:8514,0
DA:8517,0
DA:8519,0
DA:8525,0
DA:8526,0
DA:8543,142
DA:8544,142
DA:8545,142
DA:8548,140
DA:8550,140
DA:8551,140
DA:8552,140
DA:8553,140
DA:8554,140
DA:8555,140
DA:8556,140
DA:8557,140
DA:8558,140
DA:8559,140
DA:8560,140
DA:8561,140
DA:8562,140
DA:8564,140
DA:8565,140
DA:8566,140
DA:8567,140
DA:8569,140
DA:8570,140
DA:8571,140
DA:8572,140
DA:8575,140
DA:8576,140
DA:8577,140
DA:8578,140
DA:8579,140
DA:8580,140
DA:8582,140
DA:8583,0
DA:8584,140
DA:8588,140
DA:8589,140
DA:8591,140
DA:8592,0
DA:8594,0
DA:8596,140
DA:8599,1141
DA:8601,1141
DA:8602,1138
DA:8603,3
DA:8604,3
DA:8605,3
DA:8606,0
DA:8607,0
DA:8608,0
DA:8609,0
DA:8613,140
DA:8614,140
DA:8615,140
DA:8632,2
DA:8633,2
DA:8634,2
DA:8638,2
DA:8639,2
DA:8640,2
DA:8648,142
DA:8650,142
DA:8681,280
DA:8683,280
DA:8684,280
DA:8688,140
DA:8689,140
DA:8690,140
DA:8692,0
DA:8693,0
DA:8700,140
DA:8701,140
DA:8721,0
DA:8722,0
DA:8724,0
DA:8725,0
DA:8727,0
DA:8728,0
DA:8731,0
DA:8734,140
DA:8735,140
DA:8736,140
DA:8737,140
DA:8738,140
DA:8739,140
DA:8740,140
DA:8742,140
DA:8743,140
DA:8744,140
DA:8745,140
DA:8746,140
DA:8747,140
DA:8749,140
DA:8750,140
DA:8751,140
DA:8752,0
DA:8753,0
DA:8754,0
DA:8755,0
DA:8756,0
DA:8760,140
DA:8763,0
DA:8764,0
DA:8765,0
DA:8766,0
DA:8768,0
DA:8769,0
DA:8770,0
DA:8773,0
DA:8774,0
DA:8776,0
DA:8778,0
DA:8779,0
DA:8781,0
DA:8782,0
DA:8783,0
DA:8784,0
DA:8787,0
DA:8788,0
DA:8789,0
DA:8790,0
DA:8791,0
DA:8793,0
DA:8794,0
DA:8796,0
DA:8797,0
DA:8799,0
DA:8802,0
DA:8803,0
DA:8804,0
DA:8806,0
DA:8807,0
DA:8808,0
DA:8811,0
DA:8812,0
DA:8836,0
DA:8837,0
DA:8838,0
DA:8840,0
DA:8841,0
DA:8843,0
DA:8844,0
DA:8846,0
DA:8849,0
DA:8850,0
DA:8851,0
DA:8853,0
DA:8854,0
DA:8856,0
DA:8857,0
DA:8859,0
DA:8862,0
DA:8863,0
DA:8864,0
DA:8865,0
DA:8866,0
DA:8867,0
DA:8868,0
DA:8870,0
DA:8871,0
DA:8872,0
DA:8873,0
DA:8875,0
DA:8879,0
DA:8880,0
DA:8881,0
DA:8882,0
DA:8883,0
DA:8885,0
DA:8887,0
DA:8888,0
DA:8890,0
DA:8891,0
DA:8893,0
DA:8894,0
DA:8895,0
DA:8897,0
DA:8898,0
DA:8900,0
DA:8905,0
DA:8906,0
DA:8907,0
DA:8911,0
DA:8912,0
DA:8913,0
DA:8922,0
DA:8924,0
DA:8925,0
DA:8928,0
DA:8930,0
DA:8931,0
DA:8932,0
DA:8937,0
DA:8938,0
DA:8939,0
DA:8940,0
DA:8941,0
DA:8942,0
DA:8945,0
DA:8947,0
DA:8949,0
DA:8950,0
DA:8951,0
DA:8955,0
DA:8956,0
DA:8960,0
DA:8961,0
DA:8963,0
DA:8964,0
DA:8967,0
DA:8969,0
DA:8970,0
DA:8971,0
DA:8974,0
DA:8975,0
DA:8976,0
DA:8978,0
DA:8979,0
DA:8980,0
DA:8981,0
DA:8982,0
DA:8983,0
DA:8984,0
DA:8986,0
DA:8987,0
DA:8988,0
DA:8992,0
DA:8993,0
DA:8994,0
DA:8995,0
DA:8997,0
DA:8998,0
DA:8999,0
DA:9002,0
DA:9005,0
DA:9007,0
DA:9008,0
DA:9009,0
DA:9010,0
DA:9012,0
DA:9013,0
DA:9014,0
DA:9015,0
DA:9016,0
DA:9017,0
DA:9018,0
DA:9019,0
DA:9022,0
DA:9023,0
DA:9024,0
DA:9025,0
DA:9026,0
DA:9028,0
DA:9029,0
DA:9030,0
DA:9031,0
DA:9032,0
DA:9033,0
DA:9036,0
DA:9038,0
DA:9039,0
DA:9040,0
DA:9043,0
DA:9044,0
DA:9045,0
DA:9046,0
DA:9049,0
DA:9050,0
DA:9051,0
DA:9052,0
DA:9055,0
DA:9056,0
DA:9057,0
DA:9060,0
DA:9061,0
DA:9062,0
DA:9063,0
DA:9064,0
DA:9065,0
DA:9066,0
DA:9067,0
DA:9069,0
DA:9089,0
DA:9090,0
DA:9091,0
DA:9092,0
DA:9094,0
DA:9096,0
DA:9097,0
DA:9098,0
DA:9100,0
DA:9101,0
DA:9102,0
DA:9103,0
DA:9105,0
LF:2230
LH:718
end_of_record
